#
# There is insufficient memory for the Java Runtime Environment to continue.
# Native memory allocation (malloc) failed to allocate 1998144 bytes. Error detail: Chunk::new
# Possible reasons:
#   The system is out of physical RAM or swap space
#   This process is running with CompressedOops enabled, and the Java Heap may be blocking the growth of the native heap
# Possible solutions:
#   Reduce memory load on the system
#   Increase physical memory or swap space
#   Check if swap backing store is full
#   Decrease Java heap size (-Xmx/-Xms)
#   Decrease number of Java threads
#   Decrease Java thread stack sizes (-Xss)
#   Set larger code cache with -XX:ReservedCodeCacheSize=
#   JVM is running with Unscaled Compressed Oops mode in which the Java heap is
#     placed in the first 4GB address space. The Java Heap base address is the
#     maximum limit for the native heap growth. Please use -XX:HeapBaseMinAddress
#     to set the Java Heap base and to place the Java Heap above 4GB virtual address.
# This output file may be truncated or incomplete.
#
#  Out of Memory Error (arena.cpp:168), pid=7640, tid=19244
#
# JRE version: OpenJDK Runtime Environment (21.0.3) (build 21.0.3+-12282718-b509.11)
# Java VM: OpenJDK 64-Bit Server VM (21.0.3+-12282718-b509.11, mixed mode, tiered, compressed oops, compressed class ptrs, g1 gc, windows-amd64)
# No core dump will be written. Minidumps are not enabled by default on client versions of Windows
#

---------------  S U M M A R Y ------------

Command Line: --add-opens=java.base/java.util=ALL-UNNAMED --add-opens=java.base/java.lang=ALL-UNNAMED --add-opens=java.base/java.lang.invoke=ALL-UNNAMED --add-opens=java.prefs/java.util.prefs=ALL-UNNAMED --add-exports=jdk.compiler/com.sun.tools.javac.api=ALL-UNNAMED --add-exports=jdk.compiler/com.sun.tools.javac.util=ALL-UNNAMED --add-opens=java.base/java.nio.charset=ALL-UNNAMED --add-opens=java.base/java.net=ALL-UNNAMED --add-opens=java.base/java.util.concurrent.atomic=ALL-UNNAMED -Xmx2048m -Dfile.encoding=UTF-8 -Duser.country=US -Duser.language=en -Duser.variant -javaagent:C:\Users\1712\.gradle\wrapper\dists\gradle-8.9-bin\90cnw93cvbtalezasaz0blq0a\gradle-8.9\lib\agents\gradle-instrumentation-agent-8.9.jar org.gradle.launcher.daemon.bootstrap.GradleDaemon 8.9

Host: 11th Gen Intel(R) Core(TM) i5-1135G7 @ 2.40GHz, 8 cores, 15G,  Windows 11 , 64 bit Build 26100 (10.0.26100.5074)
Time: Mon Sep 22 19:10:57 2025 India Standard Time elapsed time: 3.757537 seconds (0d 0h 0m 3s)

---------------  T H R E A D  ---------------

Current thread (0x000002282a826000):  JavaThread "C2 CompilerThread2" daemon [_thread_in_native, id=19244, stack(0x0000009d82c00000,0x0000009d82d00000) (1024K)]


Current CompileTask:
C2:   3757 2747       4       java.net.URLClassLoader$1::run (5 bytes)

Stack: [0x0000009d82c00000,0x0000009d82d00000]
Native frames: (J=compiled Java code, j=interpreted, Vv=VM code, C=native code)
V  [jvm.dll+0x6cafb9]
V  [jvm.dll+0x858523]
V  [jvm.dll+0x85aa7e]
V  [jvm.dll+0x85b163]
V  [jvm.dll+0x27d356]
V  [jvm.dll+0xbf93d]
V  [jvm.dll+0xbfe73]
V  [jvm.dll+0x3b1ceb]
V  [jvm.dll+0x37e787]
V  [jvm.dll+0x37dbfa]
V  [jvm.dll+0x246b02]
V  [jvm.dll+0x2460d1]
V  [jvm.dll+0x1c5804]
V  [jvm.dll+0x25575c]
V  [jvm.dll+0x253c36]
V  [jvm.dll+0x3ec996]
V  [jvm.dll+0x800d78]
V  [jvm.dll+0x6c98cd]
C  [ucrtbase.dll+0x37b0]
C  [KERNEL32.DLL+0x2e8d7]
C  [ntdll.dll+0x8d9c]


---------------  P R O C E S S  ---------------

Threads class SMR info:
_java_thread_list=0x00000228294015b0, length=26, elements={
0x00000228099778e0, 0x00000228242fa630, 0x0000022824345fb0, 0x0000022824326e10,
0x000002282434b6b0, 0x0000022824333250, 0x0000022824333cb0, 0x0000022824350900,
0x0000022824351c50, 0x0000022824100ab0, 0x00000228247e04e0, 0x0000022829f54b30,
0x000002282a2ff9e0, 0x000002282a125800, 0x000002282a482870, 0x000002282a394890,
0x000002282a3f37d0, 0x000002282a3a0450, 0x000002282a297160, 0x000002282a485000,
0x000002282a485d20, 0x000002282a4835c0, 0x000002282a482f30, 0x000002282a483c50,
0x000002282a4863b0, 0x000002282a826000
}

Java Threads: ( => current thread )
  0x00000228099778e0 JavaThread "main"                              [_thread_blocked, id=8080, stack(0x0000009d80400000,0x0000009d80500000) (1024K)]
  0x00000228242fa630 JavaThread "Reference Handler"          daemon [_thread_blocked, id=11576, stack(0x0000009d80c00000,0x0000009d80d00000) (1024K)]
  0x0000022824345fb0 JavaThread "Finalizer"                  daemon [_thread_blocked, id=2364, stack(0x0000009d80d00000,0x0000009d80e00000) (1024K)]
  0x0000022824326e10 JavaThread "Signal Dispatcher"          daemon [_thread_blocked, id=18852, stack(0x0000009d80e00000,0x0000009d80f00000) (1024K)]
  0x000002282434b6b0 JavaThread "Attach Listener"            daemon [_thread_blocked, id=10968, stack(0x0000009d80f00000,0x0000009d81000000) (1024K)]
  0x0000022824333250 JavaThread "Service Thread"             daemon [_thread_blocked, id=1608, stack(0x0000009d81000000,0x0000009d81100000) (1024K)]
  0x0000022824333cb0 JavaThread "Monitor Deflation Thread"   daemon [_thread_blocked, id=19356, stack(0x0000009d81100000,0x0000009d81200000) (1024K)]
  0x0000022824350900 JavaThread "C2 CompilerThread0"         daemon [_thread_in_native, id=9684, stack(0x0000009d81200000,0x0000009d81300000) (1024K)]
  0x0000022824351c50 JavaThread "C1 CompilerThread0"         daemon [_thread_blocked, id=13036, stack(0x0000009d81300000,0x0000009d81400000) (1024K)]
  0x0000022824100ab0 JavaThread "Common-Cleaner"             daemon [_thread_blocked, id=2812, stack(0x0000009d81400000,0x0000009d81500000) (1024K)]
  0x00000228247e04e0 JavaThread "Notification Thread"        daemon [_thread_blocked, id=11880, stack(0x0000009d81500000,0x0000009d81600000) (1024K)]
  0x0000022829f54b30 JavaThread "C2 CompilerThread1"         daemon [_thread_in_native, id=14268, stack(0x0000009d81600000,0x0000009d81700000) (1024K)]
  0x000002282a2ff9e0 JavaThread "Daemon health stats"               [_thread_blocked, id=17136, stack(0x0000009d81700000,0x0000009d81800000) (1024K)]
  0x000002282a125800 JavaThread "Incoming local TCP Connector on port 61298"        [_thread_in_native, id=6204, stack(0x0000009d81d00000,0x0000009d81e00000) (1024K)]
  0x000002282a482870 JavaThread "Daemon periodic checks"            [_thread_blocked, id=9816, stack(0x0000009d81e00000,0x0000009d81f00000) (1024K)]
  0x000002282a394890 JavaThread "Daemon"                            [_thread_blocked, id=10420, stack(0x0000009d81f00000,0x0000009d82000000) (1024K)]
  0x000002282a3f37d0 JavaThread "Handler for socket connection from /127.0.0.1:61298 to /127.0.0.1:61299"        [_thread_in_native, id=16380, stack(0x0000009d82000000,0x0000009d82100000) (1024K)]
  0x000002282a3a0450 JavaThread "Cancel handler"                    [_thread_blocked, id=18660, stack(0x0000009d82100000,0x0000009d82200000) (1024K)]
  0x000002282a297160 JavaThread "Daemon worker"                     [_thread_in_Java, id=17316, stack(0x0000009d82200000,0x0000009d82300000) (1024K)]
  0x000002282a485000 JavaThread "Asynchronous log dispatcher for DefaultDaemonConnection: socket connection from /127.0.0.1:61298 to /127.0.0.1:61299"        [_thread_blocked, id=10620, stack(0x0000009d82300000,0x0000009d82400000) (1024K)]
  0x000002282a485d20 JavaThread "Stdin handler"                     [_thread_blocked, id=4144, stack(0x0000009d82400000,0x0000009d82500000) (1024K)]
  0x000002282a4835c0 JavaThread "Daemon client event forwarder"        [_thread_blocked, id=12624, stack(0x0000009d82500000,0x0000009d82600000) (1024K)]
  0x000002282a482f30 JavaThread "Cache worker for journal cache (C:\Users\1712\.gradle\caches\journal-1)"        [_thread_blocked, id=3604, stack(0x0000009d82900000,0x0000009d82a00000) (1024K)]
  0x000002282a483c50 JavaThread "File lock request listener"        [_thread_in_native, id=6612, stack(0x0000009d82a00000,0x0000009d82b00000) (1024K)]
  0x000002282a4863b0 JavaThread "Cache worker for file hash cache (C:\Users\1712\.gradle\caches\8.9\fileHashes)"        [_thread_blocked, id=19216, stack(0x0000009d82b00000,0x0000009d82c00000) (1024K)]
=>0x000002282a826000 JavaThread "C2 CompilerThread2"         daemon [_thread_in_native, id=19244, stack(0x0000009d82c00000,0x0000009d82d00000) (1024K)]
Total: 26

Other Threads:
  0x00000228242ced90 VMThread "VM Thread"                           [id=4340, stack(0x0000009d80b00000,0x0000009d80c00000) (1024K)]
  0x0000022824100070 WatcherThread "VM Periodic Task Thread"        [id=12968, stack(0x0000009d80a00000,0x0000009d80b00000) (1024K)]
  0x000002280ca7ba70 WorkerThread "GC Thread#0"                     [id=3968, stack(0x0000009d80500000,0x0000009d80600000) (1024K)]
  0x00000228291d0cc0 WorkerThread "GC Thread#1"                     [id=7444, stack(0x0000009d81800000,0x0000009d81900000) (1024K)]
  0x00000228290738a0 WorkerThread "GC Thread#2"                     [id=1992, stack(0x0000009d81900000,0x0000009d81a00000) (1024K)]
  0x0000022829073c40 WorkerThread "GC Thread#3"                     [id=12532, stack(0x0000009d81a00000,0x0000009d81b00000) (1024K)]
  0x00000228249daf50 WorkerThread "GC Thread#4"                     [id=17936, stack(0x0000009d81b00000,0x0000009d81c00000) (1024K)]
  0x0000022829067480 WorkerThread "GC Thread#5"                     [id=3488, stack(0x0000009d81c00000,0x0000009d81d00000) (1024K)]
  0x000002282a3b6e90 WorkerThread "GC Thread#6"                     [id=18948, stack(0x0000009d82600000,0x0000009d82700000) (1024K)]
  0x000002282a3c7f80 WorkerThread "GC Thread#7"                     [id=11180, stack(0x0000009d82700000,0x0000009d82800000) (1024K)]
  0x000002280ca8d890 ConcurrentGCThread "G1 Main Marker"            [id=16268, stack(0x0000009d80600000,0x0000009d80700000) (1024K)]
  0x000002280ca8eb30 WorkerThread "G1 Conc#0"                       [id=3696, stack(0x0000009d80700000,0x0000009d80800000) (1024K)]
  0x000002282a3c8320 WorkerThread "G1 Conc#1"                       [id=17972, stack(0x0000009d82800000,0x0000009d82900000) (1024K)]
  0x000002280cade300 ConcurrentGCThread "G1 Refine#0"               [id=7016, stack(0x0000009d80800000,0x0000009d80900000) (1024K)]
  0x0000022823fcca10 ConcurrentGCThread "G1 Service"                [id=10824, stack(0x0000009d80900000,0x0000009d80a00000) (1024K)]
Total: 15

Threads with active compile tasks:
C2 CompilerThread0     3807 2731   !   4       java.net.URLClassLoader::findClass (47 bytes)
C2 CompilerThread1     3807 2787       4       java.lang.invoke.InvokerBytecodeGenerator::emitLoadInsn (21 bytes)
C2 CompilerThread2     3807 2747       4       java.net.URLClassLoader$1::run (5 bytes)
Total: 3

VM state: not at safepoint (normal execution)

VM Mutex/Monitor currently owned by a thread: None

Heap address: 0x0000000080000000, size: 2048 MB, Compressed Oops mode: 32-bit

CDS archive(s) not mapped
Compressed class space mapped at: 0x0000000100000000-0x0000000140000000, reserved size: 1073741824
Narrow klass base: 0x0000000000000000, Narrow klass shift: 3, Narrow klass range: 0x140000000

GC Precious Log:
 CardTable entry size: 512
 Card Set container configuration: InlinePtr #cards 5 size 8 Array Of Cards #cards 12 size 40 Howl #buckets 4 coarsen threshold 1843 Howl Bitmap #cards 512 size 80 coarsen threshold 460 Card regions per heap region 1 cards per card region 2048
 CPUs: 8 total, 8 available
 Memory: 16106M
 Large Page Support: Disabled
 NUMA Support: Disabled
 Compressed Oops: Enabled (32-bit)
 Heap Region Size: 1M
 Heap Min Capacity: 8M
 Heap Initial Capacity: 252M
 Heap Max Capacity: 2G
 Pre-touch: Disabled
 Parallel Workers: 8
 Concurrent Workers: 2
 Concurrent Refinement Workers: 8
 Periodic GC: Disabled

Heap:
 garbage-first heap   total 81920K, used 62334K [0x0000000080000000, 0x0000000100000000)
  region size 1024K, 52 young (53248K), 10 survivors (10240K)
 Metaspace       used 28114K, committed 28672K, reserved 1114112K
  class space    used 3574K, committed 3840K, reserved 1048576K

Heap Regions: E=young(eden), S=young(survivor), O=old, HS=humongous(starts), HC=humongous(continues), CS=collection set, F=free, TAMS=top-at-mark-start, PB=parsable bottom
|   0|0x0000000080000000, 0x0000000080100000, 0x0000000080100000|100%|HS|  |TAMS 0x0000000080000000| PB 0x0000000080000000| Complete 
|   1|0x0000000080100000, 0x0000000080200000, 0x0000000080200000|100%|HC|  |TAMS 0x0000000080100000| PB 0x0000000080100000| Complete 
|   2|0x0000000080200000, 0x0000000080300000, 0x0000000080300000|100%|HC|  |TAMS 0x0000000080200000| PB 0x0000000080200000| Complete 
|   3|0x0000000080300000, 0x0000000080400000, 0x0000000080400000|100%|HC|  |TAMS 0x0000000080300000| PB 0x0000000080300000| Complete 
|   4|0x0000000080400000, 0x0000000080500000, 0x0000000080500000|100%| O|  |TAMS 0x0000000080400000| PB 0x0000000080400000| Untracked 
|   5|0x0000000080500000, 0x0000000080600000, 0x0000000080600000|100%| O|  |TAMS 0x0000000080500000| PB 0x0000000080500000| Untracked 
|   6|0x0000000080600000, 0x0000000080700000, 0x0000000080700000|100%| O|  |TAMS 0x0000000080600000| PB 0x0000000080600000| Untracked 
|   7|0x0000000080700000, 0x0000000080800000, 0x0000000080800000|100%| O|  |TAMS 0x0000000080700000| PB 0x0000000080700000| Untracked 
|   8|0x0000000080800000, 0x0000000080900000, 0x0000000080900000|100%| O|  |TAMS 0x0000000080800000| PB 0x0000000080800000| Untracked 
|   9|0x0000000080900000, 0x0000000080a00000, 0x0000000080a00000|100%| O|  |TAMS 0x0000000080900000| PB 0x0000000080900000| Untracked 
|  10|0x0000000080a00000, 0x0000000080a8cdd8, 0x0000000080b00000| 55%| O|Cm|TAMS 0x0000000080a00000| PB 0x0000000080a00000| Complete 
|  11|0x0000000080b00000, 0x0000000080c00000, 0x0000000080c00000|100%|HS|  |TAMS 0x0000000080b00000| PB 0x0000000080b00000| Complete 
|  12|0x0000000080c00000, 0x0000000080c00000, 0x0000000080d00000|  0%| F|  |TAMS 0x0000000080c00000| PB 0x0000000080c00000| Untracked 
|  13|0x0000000080d00000, 0x0000000080d00000, 0x0000000080e00000|  0%| F|  |TAMS 0x0000000080d00000| PB 0x0000000080d00000| Untracked 
|  14|0x0000000080e00000, 0x0000000080e00000, 0x0000000080f00000|  0%| F|  |TAMS 0x0000000080e00000| PB 0x0000000080e00000| Untracked 
|  15|0x0000000080f00000, 0x0000000080f00000, 0x0000000081000000|  0%| F|  |TAMS 0x0000000080f00000| PB 0x0000000080f00000| Untracked 
|  16|0x0000000081000000, 0x0000000081000000, 0x0000000081100000|  0%| F|  |TAMS 0x0000000081000000| PB 0x0000000081000000| Untracked 
|  17|0x0000000081100000, 0x0000000081100000, 0x0000000081200000|  0%| F|  |TAMS 0x0000000081100000| PB 0x0000000081100000| Untracked 
|  18|0x0000000081200000, 0x0000000081200000, 0x0000000081300000|  0%| F|  |TAMS 0x0000000081200000| PB 0x0000000081200000| Untracked 
|  19|0x0000000081300000, 0x0000000081300000, 0x0000000081400000|  0%| F|  |TAMS 0x0000000081300000| PB 0x0000000081300000| Untracked 
|  20|0x0000000081400000, 0x0000000081400000, 0x0000000081500000|  0%| F|  |TAMS 0x0000000081400000| PB 0x0000000081400000| Untracked 
|  21|0x0000000081500000, 0x0000000081500000, 0x0000000081600000|  0%| F|  |TAMS 0x0000000081500000| PB 0x0000000081500000| Untracked 
|  22|0x0000000081600000, 0x0000000081600000, 0x0000000081700000|  0%| F|  |TAMS 0x0000000081600000| PB 0x0000000081600000| Untracked 
|  23|0x0000000081700000, 0x0000000081700000, 0x0000000081800000|  0%| F|  |TAMS 0x0000000081700000| PB 0x0000000081700000| Untracked 
|  24|0x0000000081800000, 0x0000000081800000, 0x0000000081900000|  0%| F|  |TAMS 0x0000000081800000| PB 0x0000000081800000| Untracked 
|  25|0x0000000081900000, 0x0000000081900000, 0x0000000081a00000|  0%| F|  |TAMS 0x0000000081900000| PB 0x0000000081900000| Untracked 
|  26|0x0000000081a00000, 0x0000000081a00000, 0x0000000081b00000|  0%| F|  |TAMS 0x0000000081a00000| PB 0x0000000081a00000| Untracked 
|  27|0x0000000081b00000, 0x0000000081b00000, 0x0000000081c00000|  0%| F|  |TAMS 0x0000000081b00000| PB 0x0000000081b00000| Untracked 
|  28|0x0000000081c00000, 0x0000000081c79f60, 0x0000000081d00000| 47%| E|  |TAMS 0x0000000081c00000| PB 0x0000000081c00000| Complete 
|  29|0x0000000081d00000, 0x0000000081e00000, 0x0000000081e00000|100%| E|CS|TAMS 0x0000000081d00000| PB 0x0000000081d00000| Complete 
|  30|0x0000000081e00000, 0x0000000081f00000, 0x0000000081f00000|100%| E|CS|TAMS 0x0000000081e00000| PB 0x0000000081e00000| Complete 
|  31|0x0000000081f00000, 0x0000000082000000, 0x0000000082000000|100%| E|CS|TAMS 0x0000000081f00000| PB 0x0000000081f00000| Complete 
|  32|0x0000000082000000, 0x0000000082100000, 0x0000000082100000|100%| E|CS|TAMS 0x0000000082000000| PB 0x0000000082000000| Complete 
|  33|0x0000000082100000, 0x0000000082200000, 0x0000000082200000|100%| E|CS|TAMS 0x0000000082100000| PB 0x0000000082100000| Complete 
|  34|0x0000000082200000, 0x0000000082300000, 0x0000000082300000|100%| E|CS|TAMS 0x0000000082200000| PB 0x0000000082200000| Complete 
|  35|0x0000000082300000, 0x0000000082400000, 0x0000000082400000|100%| E|CS|TAMS 0x0000000082300000| PB 0x0000000082300000| Complete 
|  36|0x0000000082400000, 0x0000000082500000, 0x0000000082500000|100%| E|CS|TAMS 0x0000000082400000| PB 0x0000000082400000| Complete 
|  37|0x0000000082500000, 0x0000000082600000, 0x0000000082600000|100%| E|CS|TAMS 0x0000000082500000| PB 0x0000000082500000| Complete 
|  38|0x0000000082600000, 0x0000000082700000, 0x0000000082700000|100%| E|CS|TAMS 0x0000000082600000| PB 0x0000000082600000| Complete 
|  39|0x0000000082700000, 0x0000000082800000, 0x0000000082800000|100%| E|  |TAMS 0x0000000082700000| PB 0x0000000082700000| Complete 
|  40|0x0000000082800000, 0x0000000082900000, 0x0000000082900000|100%| E|CS|TAMS 0x0000000082800000| PB 0x0000000082800000| Complete 
|  41|0x0000000082900000, 0x0000000082a00000, 0x0000000082a00000|100%| E|CS|TAMS 0x0000000082900000| PB 0x0000000082900000| Complete 
|  42|0x0000000082a00000, 0x0000000082b00000, 0x0000000082b00000|100%| E|CS|TAMS 0x0000000082a00000| PB 0x0000000082a00000| Complete 
|  43|0x0000000082b00000, 0x0000000082c00000, 0x0000000082c00000|100%| E|CS|TAMS 0x0000000082b00000| PB 0x0000000082b00000| Complete 
|  44|0x0000000082c00000, 0x0000000082d00000, 0x0000000082d00000|100%| E|CS|TAMS 0x0000000082c00000| PB 0x0000000082c00000| Complete 
|  45|0x0000000082d00000, 0x0000000082e00000, 0x0000000082e00000|100%| E|CS|TAMS 0x0000000082d00000| PB 0x0000000082d00000| Complete 
|  46|0x0000000082e00000, 0x0000000082f00000, 0x0000000082f00000|100%| E|CS|TAMS 0x0000000082e00000| PB 0x0000000082e00000| Complete 
|  47|0x0000000082f00000, 0x0000000083000000, 0x0000000083000000|100%| E|CS|TAMS 0x0000000082f00000| PB 0x0000000082f00000| Complete 
|  48|0x0000000083000000, 0x0000000083100000, 0x0000000083100000|100%| E|CS|TAMS 0x0000000083000000| PB 0x0000000083000000| Complete 
|  49|0x0000000083100000, 0x0000000083200000, 0x0000000083200000|100%| E|CS|TAMS 0x0000000083100000| PB 0x0000000083100000| Complete 
|  50|0x0000000083200000, 0x0000000083300000, 0x0000000083300000|100%| E|CS|TAMS 0x0000000083200000| PB 0x0000000083200000| Complete 
|  51|0x0000000083300000, 0x0000000083400000, 0x0000000083400000|100%| E|CS|TAMS 0x0000000083300000| PB 0x0000000083300000| Complete 
|  52|0x0000000083400000, 0x0000000083500000, 0x0000000083500000|100%| E|CS|TAMS 0x0000000083400000| PB 0x0000000083400000| Complete 
|  53|0x0000000083500000, 0x0000000083600000, 0x0000000083600000|100%| E|CS|TAMS 0x0000000083500000| PB 0x0000000083500000| Complete 
|  54|0x0000000083600000, 0x0000000083700000, 0x0000000083700000|100%| E|CS|TAMS 0x0000000083600000| PB 0x0000000083600000| Complete 
|  55|0x0000000083700000, 0x0000000083800000, 0x0000000083800000|100%| E|CS|TAMS 0x0000000083700000| PB 0x0000000083700000| Complete 
|  56|0x0000000083800000, 0x0000000083900000, 0x0000000083900000|100%| E|CS|TAMS 0x0000000083800000| PB 0x0000000083800000| Complete 
|  57|0x0000000083900000, 0x0000000083a00000, 0x0000000083a00000|100%| E|CS|TAMS 0x0000000083900000| PB 0x0000000083900000| Complete 
|  58|0x0000000083a00000, 0x0000000083b00000, 0x0000000083b00000|100%| E|CS|TAMS 0x0000000083a00000| PB 0x0000000083a00000| Complete 
|  59|0x0000000083b00000, 0x0000000083c00000, 0x0000000083c00000|100%| E|CS|TAMS 0x0000000083b00000| PB 0x0000000083b00000| Complete 
|  60|0x0000000083c00000, 0x0000000083d00000, 0x0000000083d00000|100%| E|CS|TAMS 0x0000000083c00000| PB 0x0000000083c00000| Complete 
|  61|0x0000000083d00000, 0x0000000083e00000, 0x0000000083e00000|100%| E|CS|TAMS 0x0000000083d00000| PB 0x0000000083d00000| Complete 
|  62|0x0000000083e00000, 0x0000000083f00000, 0x0000000083f00000|100%| E|CS|TAMS 0x0000000083e00000| PB 0x0000000083e00000| Complete 
|  63|0x0000000083f00000, 0x0000000084000000, 0x0000000084000000|100%| E|CS|TAMS 0x0000000083f00000| PB 0x0000000083f00000| Complete 
|  64|0x0000000084000000, 0x0000000084100000, 0x0000000084100000|100%| E|CS|TAMS 0x0000000084000000| PB 0x0000000084000000| Complete 
|  65|0x0000000084100000, 0x0000000084200000, 0x0000000084200000|100%| E|CS|TAMS 0x0000000084100000| PB 0x0000000084100000| Complete 
|  66|0x0000000084200000, 0x0000000084300000, 0x0000000084300000|100%| E|CS|TAMS 0x0000000084200000| PB 0x0000000084200000| Complete 
|  67|0x0000000084300000, 0x0000000084400000, 0x0000000084400000|100%| E|CS|TAMS 0x0000000084300000| PB 0x0000000084300000| Complete 
| 177|0x000000008b100000, 0x000000008b152c60, 0x000000008b200000| 32%| S|CS|TAMS 0x000000008b100000| PB 0x000000008b100000| Complete 
| 178|0x000000008b200000, 0x000000008b300000, 0x000000008b300000|100%| S|CS|TAMS 0x000000008b200000| PB 0x000000008b200000| Complete 
| 179|0x000000008b300000, 0x000000008b400000, 0x000000008b400000|100%| S|CS|TAMS 0x000000008b300000| PB 0x000000008b300000| Complete 
| 180|0x000000008b400000, 0x000000008b500000, 0x000000008b500000|100%| S|CS|TAMS 0x000000008b400000| PB 0x000000008b400000| Complete 
| 181|0x000000008b500000, 0x000000008b600000, 0x000000008b600000|100%| S|CS|TAMS 0x000000008b500000| PB 0x000000008b500000| Complete 
| 182|0x000000008b600000, 0x000000008b700000, 0x000000008b700000|100%| S|CS|TAMS 0x000000008b600000| PB 0x000000008b600000| Complete 
| 183|0x000000008b700000, 0x000000008b800000, 0x000000008b800000|100%| S|CS|TAMS 0x000000008b700000| PB 0x000000008b700000| Complete 
| 184|0x000000008b800000, 0x000000008b900000, 0x000000008b900000|100%| S|CS|TAMS 0x000000008b800000| PB 0x000000008b800000| Complete 
| 185|0x000000008b900000, 0x000000008ba00000, 0x000000008ba00000|100%| S|CS|TAMS 0x000000008b900000| PB 0x000000008b900000| Complete 
| 186|0x000000008ba00000, 0x000000008bb00000, 0x000000008bb00000|100%| S|CS|TAMS 0x000000008ba00000| PB 0x000000008ba00000| Complete 
| 250|0x000000008fa00000, 0x000000008fb00000, 0x000000008fb00000|100%| E|CS|TAMS 0x000000008fa00000| PB 0x000000008fa00000| Complete 
| 251|0x000000008fb00000, 0x000000008fc00000, 0x000000008fc00000|100%| E|CS|TAMS 0x000000008fb00000| PB 0x000000008fb00000| Complete 

Card table byte_map: [0x000002281f290000,0x000002281f690000] _byte_map_base: 0x000002281ee90000

Marking Bits: (CMBitMap*) 0x000002280ca7c170
 Bits: [0x000002281f690000, 0x0000022821690000)

Polling page: 0x0000022809f80000

Metaspace:

Usage:
  Non-class:     23.99 MB used.
      Class:      3.50 MB used.
       Both:     27.49 MB used.

Virtual space:
  Non-class space:       64.00 MB reserved,      24.25 MB ( 38%) committed,  1 nodes.
      Class space:        1.00 GB reserved,       3.75 MB ( <1%) committed,  1 nodes.
             Both:        1.06 GB reserved,      28.00 MB (  3%) committed. 

Chunk freelists:
   Non-Class:  7.39 MB
       Class:  12.28 MB
        Both:  19.67 MB

MaxMetaspaceSize: unlimited
CompressedClassSpaceSize: 1.00 GB
Initial GC threshold: 21.00 MB
Current GC threshold: 35.12 MB
CDS: off
 - commit_granule_bytes: 65536.
 - commit_granule_words: 8192.
 - virtual_space_node_default_size: 8388608.
 - enlarge_chunks_in_place: 1.
 - use_allocation_guard: 0.


Internal statistics:

num_allocs_failed_limit: 3.
num_arena_births: 716.
num_arena_deaths: 0.
num_vsnodes_births: 2.
num_vsnodes_deaths: 0.
num_space_committed: 448.
num_space_uncommitted: 0.
num_chunks_returned_to_freelist: 3.
num_chunks_taken_from_freelist: 1440.
num_chunk_merges: 3.
num_chunk_splits: 924.
num_chunks_enlarged: 616.
num_inconsistent_stats: 0.

CodeHeap 'non-profiled nmethods': size=120000Kb used=1463Kb max_used=1463Kb free=118536Kb
 bounds [0x0000022817630000, 0x00000228178a0000, 0x000002281eb60000]
CodeHeap 'profiled nmethods': size=120000Kb used=5543Kb max_used=5543Kb free=114456Kb
 bounds [0x000002280fb60000, 0x00000228100d0000, 0x0000022817090000]
CodeHeap 'non-nmethods': size=5760Kb used=1630Kb max_used=1680Kb free=4129Kb
 bounds [0x0000022817090000, 0x0000022817300000, 0x0000022817630000]
 total_blobs=3367 nmethods=2796 adapters=475
 compilation: enabled
              stopped_count=0, restarted_count=0
 full_count=0

Compilation events (20 events):
Event: 3.122 Thread 0x0000022829f54b30 nmethod 2752 0x0000022817794790 code [0x0000022817794940, 0x0000022817794a80]
Event: 3.127 Thread 0x0000022829f54b30 2753       4       java.util.Collections$SetFromMap::remove (19 bytes)
Event: 3.132 Thread 0x0000022829f54b30 nmethod 2753 0x0000022817794c10 code [0x0000022817794dc0, 0x0000022817795238]
Event: 3.167 Thread 0x0000022829f54b30 2754       4       java.lang.Class::getPackageName (81 bytes)
Event: 3.180 Thread 0x0000022829f54b30 nmethod 2754 0x0000022817795610 code [0x0000022817795820, 0x0000022817796260]
Event: 3.180 Thread 0x0000022829f54b30 2755       4       jdk.internal.org.objectweb.asm.SymbolTable::addConstantMemberReference (147 bytes)
Event: 3.180 Thread 0x0000022824351c50 2756       3       sun.reflect.annotation.AnnotationInvocationHandler::<init> (71 bytes)
Event: 3.181 Thread 0x0000022824351c50 nmethod 2756 0x00000228100b9d10 code [0x00000228100b9fa0, 0x00000228100ba9a0]
Event: 3.190 Thread 0x0000022824351c50 2757       3       sun.reflect.annotation.AnnotationParser$$Lambda/0x0000000100149238::get (16 bytes)
Event: 3.190 Thread 0x0000022824351c50 nmethod 2757 0x00000228100bad90 code [0x00000228100baf40, 0x00000228100bb0e8]
Event: 3.190 Thread 0x0000022824351c50 2758       3       sun.reflect.annotation.AnnotationParser::lambda$parseClassArray$0 (7 bytes)
Event: 3.190 Thread 0x0000022824351c50 nmethod 2758 0x00000228100bb190 code [0x00000228100bb340, 0x00000228100bb458]
Event: 3.204 Thread 0x0000022824351c50 2759       3       java.lang.invoke.DirectMethodHandle$Holder::newInvokeSpecial (28 bytes)
Event: 3.204 Thread 0x0000022824351c50 nmethod 2759 0x00000228100bb510 code [0x00000228100bb700, 0x00000228100bbe38]
Event: 3.412 Thread 0x0000022824351c50 2760       3       java.util.concurrent.locks.ReentrantLock$Sync::isHeldExclusively (16 bytes)
Event: 3.742 Thread 0x0000022824351c50 nmethod 2760 0x00000228100bc010 code [0x00000228100bc1c0, 0x00000228100bc358]
Event: 3.742 Thread 0x0000022824351c50 2761       3       java.lang.StringLatin1::compareTo (41 bytes)
Event: 3.743 Thread 0x0000022824351c50 nmethod 2761 0x00000228100bc410 code [0x00000228100bc5e0, 0x00000228100bc948]
Event: 3.743 Thread 0x0000022824351c50 2762       3       java.lang.invoke.Invokers$Holder::linkToTargetMethod (11 bytes)
Event: 3.743 Thread 0x0000022824351c50 nmethod 2762 0x00000228100bcb10 code [0x00000228100bcce0, 0x00000228100bd0f0]

GC Heap History (6 events):
Event: 0.461 GC heap before
{Heap before GC invocations=0 (full 0):
 garbage-first heap   total 258048K, used 26624K [0x0000000080000000, 0x0000000100000000)
  region size 1024K, 23 young (23552K), 0 survivors (0K)
 Metaspace       used 8131K, committed 8320K, reserved 1114112K
  class space    used 738K, committed 832K, reserved 1048576K
}
Event: 0.466 GC heap after
{Heap after GC invocations=1 (full 0):
 garbage-first heap   total 258048K, used 10491K [0x0000000080000000, 0x0000000100000000)
  region size 1024K, 3 young (3072K), 3 survivors (3072K)
 Metaspace       used 8131K, committed 8320K, reserved 1114112K
  class space    used 738K, committed 832K, reserved 1048576K
}
Event: 0.910 GC heap before
{Heap before GC invocations=1 (full 0):
 garbage-first heap   total 258048K, used 40187K [0x0000000080000000, 0x0000000100000000)
  region size 1024K, 33 young (33792K), 3 survivors (3072K)
 Metaspace       used 12030K, committed 12288K, reserved 1114112K
  class space    used 1278K, committed 1408K, reserved 1048576K
}
Event: 0.912 GC heap after
{Heap after GC invocations=2 (full 0):
 garbage-first heap   total 258048K, used 12340K [0x0000000080000000, 0x0000000100000000)
  region size 1024K, 2 young (2048K), 2 survivors (2048K)
 Metaspace       used 12030K, committed 12288K, reserved 1114112K
  class space    used 1278K, committed 1408K, reserved 1048576K
}
Event: 2.332 GC heap before
{Heap before GC invocations=2 (full 0):
 garbage-first heap   total 258048K, used 77876K [0x0000000080000000, 0x0000000100000000)
  region size 1024K, 65 young (66560K), 2 survivors (2048K)
 Metaspace       used 21217K, committed 21504K, reserved 1114112K
  class space    used 2463K, committed 2624K, reserved 1048576K
}
Event: 2.340 GC heap after
{Heap after GC invocations=3 (full 0):
 garbage-first heap   total 258048K, used 21374K [0x0000000080000000, 0x0000000100000000)
  region size 1024K, 10 young (10240K), 10 survivors (10240K)
 Metaspace       used 21217K, committed 21504K, reserved 1114112K
  class space    used 2463K, committed 2624K, reserved 1048576K
}

Dll operation events (3 events):
Event: 0.023 Loaded shared library C:\Program Files\Android\Android Studio1\jbr\bin\java.dll
Event: 0.030 Loaded shared library C:\Program Files\Android\Android Studio1\jbr\bin\zip.dll
Event: 0.453 Loaded shared library C:\Program Files\Android\Android Studio1\jbr\bin\verify.dll

Deoptimization events (20 events):
Event: 2.669 Thread 0x000002282a297160 DEOPT PACKING pc=0x00000228176fbb64 sp=0x0000009d822fc6e0
Event: 2.669 Thread 0x000002282a297160 DEOPT UNPACKING pc=0x00000228170e7da2 sp=0x0000009d822fc698 mode 2
Event: 2.669 Thread 0x000002282a297160 Uncommon trap: trap_request=0xffffffde fr.pc=0x00000228176fbb64 relative=0x0000000000000304
Event: 2.669 Thread 0x000002282a297160 Uncommon trap: reason=class_check action=maybe_recompile pc=0x00000228176fbb64 method=java.util.regex.Pattern$BmpCharPropertyGreedy.match(Ljava/util/regex/Matcher;ILjava/lang/CharSequence;)Z @ 26 c2
Event: 2.669 Thread 0x000002282a297160 DEOPT PACKING pc=0x00000228176fbb64 sp=0x0000009d822fc650
Event: 2.669 Thread 0x000002282a297160 DEOPT UNPACKING pc=0x00000228170e7da2 sp=0x0000009d822fc608 mode 2
Event: 2.784 Thread 0x000002282a297160 Uncommon trap: trap_request=0xffffff45 fr.pc=0x0000022817653b3c relative=0x0000000000000e3c
Event: 2.784 Thread 0x000002282a297160 Uncommon trap: reason=unstable_if action=reinterpret pc=0x0000022817653b3c method=java.io.WinNTFileSystem.resolve(Ljava/lang/String;Ljava/lang/String;)Ljava/lang/String; @ 19 c2
Event: 2.784 Thread 0x000002282a297160 DEOPT PACKING pc=0x0000022817653b3c sp=0x0000009d822fbda0
Event: 2.784 Thread 0x000002282a297160 DEOPT UNPACKING pc=0x00000228170e7da2 sp=0x0000009d822fbd38 mode 2
Event: 2.785 Thread 0x000002282a297160 DEOPT PACKING pc=0x000002280fc3d7df sp=0x0000009d822fb7e0
Event: 2.785 Thread 0x000002282a297160 DEOPT UNPACKING pc=0x00000228170e88e2 sp=0x0000009d822fac78 mode 0
Event: 2.786 Thread 0x000002282a297160 Uncommon trap: trap_request=0xffffff45 fr.pc=0x00000228176c06f0 relative=0x0000000000000690
Event: 2.786 Thread 0x000002282a297160 Uncommon trap: reason=unstable_if action=reinterpret pc=0x00000228176c06f0 method=java.io.File.getName()Ljava/lang/String; @ 16 c2
Event: 2.786 Thread 0x000002282a297160 DEOPT PACKING pc=0x00000228176c06f0 sp=0x0000009d822fbd60
Event: 2.786 Thread 0x000002282a297160 DEOPT UNPACKING pc=0x00000228170e7da2 sp=0x0000009d822fbd30 mode 2
Event: 2.842 Thread 0x000002282a297160 Uncommon trap: trap_request=0xffffff45 fr.pc=0x0000022817656810 relative=0x00000000000000f0
Event: 2.842 Thread 0x000002282a297160 Uncommon trap: reason=unstable_if action=reinterpret pc=0x0000022817656810 method=java.util.HashMap.hash(Ljava/lang/Object;)I @ 1 c2
Event: 2.842 Thread 0x000002282a297160 DEOPT PACKING pc=0x0000022817656810 sp=0x0000009d822fcb80
Event: 2.842 Thread 0x000002282a297160 DEOPT UNPACKING pc=0x00000228170e7da2 sp=0x0000009d822fcac0 mode 2

Classes loaded (20 events):
Event: 2.916 Loading class java/lang/invoke/BoundMethodHandle$Species_LLLLLLLLLLLLLLLLLL
Event: 2.916 Loading class java/lang/invoke/BoundMethodHandle$Species_LLLLLLLLLLLLLLLLLL done
Event: 2.919 Loading class java/lang/invoke/BoundMethodHandle$Species_LLLLLLLLLLLLLLLLLLL
Event: 2.919 Loading class java/lang/invoke/BoundMethodHandle$Species_LLLLLLLLLLLLLLLLLLL done
Event: 2.922 Loading class java/lang/invoke/BoundMethodHandle$Species_LLLLLLLLLLLLLLLLLLLL
Event: 2.922 Loading class java/lang/invoke/BoundMethodHandle$Species_LLLLLLLLLLLLLLLLLLLL done
Event: 2.924 Loading class java/lang/invoke/BoundMethodHandle$Species_LLLLLLLLLLLLLLLLLLLLL
Event: 2.924 Loading class java/lang/invoke/BoundMethodHandle$Species_LLLLLLLLLLLLLLLLLLLLL done
Event: 2.927 Loading class java/lang/invoke/BoundMethodHandle$Species_LLLLLLLLLLLLLLLLLLLLLL
Event: 2.927 Loading class java/lang/invoke/BoundMethodHandle$Species_LLLLLLLLLLLLLLLLLLLLLL done
Event: 2.935 Loading class java/lang/invoke/BoundMethodHandle$Species_LLLLLLLLLLLLLLLLLLLLLLL
Event: 2.935 Loading class java/lang/invoke/BoundMethodHandle$Species_LLLLLLLLLLLLLLLLLLLLLLL done
Event: 3.006 Loading class java/util/Collections$2
Event: 3.006 Loading class java/util/Collections$2 done
Event: 3.119 Loading class java/util/function/LongFunction
Event: 3.120 Loading class java/util/function/LongFunction done
Event: 3.178 Loading class java/security/InvalidKeyException
Event: 3.178 Loading class java/security/KeyException
Event: 3.178 Loading class java/security/KeyException done
Event: 3.178 Loading class java/security/InvalidKeyException done

Classes unloaded (0 events):
No events

Classes redefined (0 events):
No events

Internal exceptions (20 events):
Event: 2.665 Thread 0x000002282a297160 Exception <a 'java/lang/IncompatibleClassChangeError'{0x00000000835ea678}: Found class java.lang.Object, but interface was expected> (0x00000000835ea678) 
thrown [s\src\hotspot\share\interpreter\linkResolver.cpp, line 851]
Event: 2.693 Thread 0x000002282a297160 Exception <a 'java/lang/NoSuchMethodError'{0x000000008330ac88}: 'java.lang.Object java.lang.invoke.DirectMethodHandle$Holder.newInvokeSpecial(java.lang.Object, java.lang.Object, int)'> (0x000000008330ac88) 
thrown [s\src\hotspot\share\interpreter\linkResolver.cpp, line 784]
Event: 2.706 Thread 0x000002282a297160 Exception <a 'java/lang/NoSuchMethodError'{0x00000000833eaff0}: 'java.lang.Object java.lang.invoke.DirectMethodHandle$Holder.invokeVirtual(java.lang.Object, java.lang.Object, java.lang.Object, java.lang.Object, java.lang.Object, java.lang.Object, java.lang.Object, java.lang.Object)'> (0x00000000833eaff0) 
thrown [s\src\hotspot\share\interpreter\linkResolver.cpp, line 784]
Event: 2.823 Thread 0x000002282a297160 Exception <a 'java/lang/NoSuchMethodError'{0x0000000082d14e50}: 'int java.lang.invoke.DirectMethodHandle$Holder.invokeSpecialIFC(java.lang.Object, java.lang.Object, java.lang.Object, java.lang.Object)'> (0x0000000082d14e50) 
thrown [s\src\hotspot\share\interpreter\linkResolver.cpp, line 784]
Event: 2.824 Thread 0x000002282a297160 Exception <a 'java/lang/NoSuchMethodError'{0x0000000082d22108}: 'java.lang.Object java.lang.invoke.DirectMethodHandle$Holder.invokeInterface(java.lang.Object, java.lang.Object, java.lang.Object)'> (0x0000000082d22108) 
thrown [s\src\hotspot\share\interpreter\linkResolver.cpp, line 784]
Event: 2.825 Thread 0x000002282a297160 Exception <a 'java/lang/IncompatibleClassChangeError'{0x0000000082d25a50}: Found class java.lang.Object, but interface was expected> (0x0000000082d25a50) 
thrown [s\src\hotspot\share\interpreter\linkResolver.cpp, line 851]
Event: 2.842 Thread 0x000002282a297160 Implicit null exception at 0x0000022817656766 to 0x0000022817656806
Event: 2.859 Thread 0x000002282a297160 Exception <a 'java/lang/NoSuchMethodError'{0x0000000082b02000}: 'int java.lang.invoke.DirectMethodHandle$Holder.invokeStatic(java.lang.Object, java.lang.Object, java.lang.Object, java.lang.Object)'> (0x0000000082b02000) 
thrown [s\src\hotspot\share\interpreter\linkResolver.cpp, line 784]
Event: 2.902 Thread 0x000002282a297160 Exception <a 'java/lang/NoSuchMethodError'{0x0000000082ada1b0}: 'java.lang.Object java.lang.invoke.DelegatingMethodHandle$Holder.reinvoke_L(java.lang.Object, java.lang.Object, java.lang.Object, java.lang.Object, java.lang.Object, java.lang.Object, java.lang.Object, java.lang.Object, java.lang.Object, java.lang.Object, java.lang.Object, java.lang.Object, java.lang.Object, java.lang.Object, java.lang.Object, java.lang.Object, java.lang.Object, java.lang.Object, java.lang.Object, java.lang.Object, java.lang.O
Event: 2.906 Thread 0x000002282a297160 Exception <a 'java/lang/NoSuchMethodError'{0x0000000082947290}: 'java.lang.Object java.lang.invoke.DirectMethodHandle$Holder.invokeStatic(java.lang.Object, java.lang.Object, java.lang.Object, java.lang.Object, java.lang.Object, java.lang.Object, java.lang.Object, java.lang.Object, java.lang.Object, java.lang.Object, java.lang.Object, java.lang.Object, java.lang.Object, java.lang.Object, java.lang.Object, java.lang.Object, java.lang.Object)'> (0x0000000082947290) 
thrown [s\src\hotspot\share\interpreter\lin
Event: 2.908 Thread 0x000002282a297160 Exception <a 'java/lang/NoSuchMethodError'{0x000000008296faa8}: 'java.lang.Object java.lang.invoke.DirectMethodHandle$Holder.invokeStatic(java.lang.Object, java.lang.Object, java.lang.Object, java.lang.Object, java.lang.Object, java.lang.Object, java.lang.Object, java.lang.Object, java.lang.Object, java.lang.Object, java.lang.Object, java.lang.Object, java.lang.Object, java.lang.Object, java.lang.Object, java.lang.Object, java.lang.Object, java.lang.Object)'> (0x000000008296faa8) 
thrown [s\src\hotspot\sha
Event: 2.911 Thread 0x000002282a297160 Exception <a 'java/lang/NoSuchMethodError'{0x00000000829997c8}: 'java.lang.Object java.lang.invoke.DirectMethodHandle$Holder.invokeStatic(java.lang.Object, java.lang.Object, java.lang.Object, java.lang.Object, java.lang.Object, java.lang.Object, java.lang.Object, java.lang.Object, java.lang.Object, java.lang.Object, java.lang.Object, java.lang.Object, java.lang.Object, java.lang.Object, java.lang.Object, java.lang.Object, java.lang.Object, java.lang.Object, java.lang.Object)'> (0x00000000829997c8) 
thrown 
Event: 2.914 Thread 0x000002282a297160 Exception <a 'java/lang/NoSuchMethodError'{0x00000000829c46e0}: 'java.lang.Object java.lang.invoke.DirectMethodHandle$Holder.invokeStatic(java.lang.Object, java.lang.Object, java.lang.Object, java.lang.Object, java.lang.Object, java.lang.Object, java.lang.Object, java.lang.Object, java.lang.Object, java.lang.Object, java.lang.Object, java.lang.Object, java.lang.Object, java.lang.Object, java.lang.Object, java.lang.Object, java.lang.Object, java.lang.Object, java.lang.Object, java.lang.Object)'> (0x00000000
Event: 2.917 Thread 0x000002282a297160 Exception <a 'java/lang/NoSuchMethodError'{0x00000000829f07a0}: 'java.lang.Object java.lang.invoke.DirectMethodHandle$Holder.invokeStatic(java.lang.Object, java.lang.Object, java.lang.Object, java.lang.Object, java.lang.Object, java.lang.Object, java.lang.Object, java.lang.Object, java.lang.Object, java.lang.Object, java.lang.Object, java.lang.Object, java.lang.Object, java.lang.Object, java.lang.Object, java.lang.Object, java.lang.Object, java.lang.Object, java.lang.Object, java.lang.Object, java.lang.Obj
Event: 2.920 Thread 0x000002282a297160 Exception <a 'java/lang/NoSuchMethodError'{0x000000008281e4b8}: 'java.lang.Object java.lang.invoke.DirectMethodHandle$Holder.invokeStatic(java.lang.Object, java.lang.Object, java.lang.Object, java.lang.Object, java.lang.Object, java.lang.Object, java.lang.Object, java.lang.Object, java.lang.Object, java.lang.Object, java.lang.Object, java.lang.Object, java.lang.Object, java.lang.Object, java.lang.Object, java.lang.Object, java.lang.Object, java.lang.Object, java.lang.Object, java.lang.Object, java.lang.Obj
Event: 2.923 Thread 0x000002282a297160 Exception <a 'java/lang/NoSuchMethodError'{0x000000008284c0f8}: 'java.lang.Object java.lang.invoke.DirectMethodHandle$Holder.invokeStatic(java.lang.Object, java.lang.Object, java.lang.Object, java.lang.Object, java.lang.Object, java.lang.Object, java.lang.Object, java.lang.Object, java.lang.Object, java.lang.Object, java.lang.Object, java.lang.Object, java.lang.Object, java.lang.Object, java.lang.Object, java.lang.Object, java.lang.Object, java.lang.Object, java.lang.Object, java.lang.Object, java.lang.Obj
Event: 2.925 Thread 0x000002282a297160 Exception <a 'java/lang/NoSuchMethodError'{0x000000008287af18}: 'java.lang.Object java.lang.invoke.DirectMethodHandle$Holder.invokeStatic(java.lang.Object, java.lang.Object, java.lang.Object, java.lang.Object, java.lang.Object, java.lang.Object, java.lang.Object, java.lang.Object, java.lang.Object, java.lang.Object, java.lang.Object, java.lang.Object, java.lang.Object, java.lang.Object, java.lang.Object, java.lang.Object, java.lang.Object, java.lang.Object, java.lang.Object, java.lang.Object, java.lang.Obj
Event: 2.933 Thread 0x000002282a297160 Exception <a 'java/lang/NoSuchMethodError'{0x00000000828aa6b0}: 'java.lang.Object java.lang.invoke.DirectMethodHandle$Holder.invokeStatic(java.lang.Object, java.lang.Object, java.lang.Object, java.lang.Object, java.lang.Object, java.lang.Object, java.lang.Object, java.lang.Object, java.lang.Object, java.lang.Object, java.lang.Object, java.lang.Object, java.lang.Object, java.lang.Object, java.lang.Object, java.lang.Object, java.lang.Object, java.lang.Object, java.lang.Object, java.lang.Object, java.lang.Obj
Event: 2.936 Thread 0x000002282a297160 Exception <a 'java/lang/NoSuchMethodError'{0x00000000828db708}: 'java.lang.Object java.lang.invoke.DirectMethodHandle$Holder.invokeStatic(java.lang.Object, java.lang.Object, java.lang.Object, java.lang.Object, java.lang.Object, java.lang.Object, java.lang.Object, java.lang.Object, java.lang.Object, java.lang.Object, java.lang.Object, java.lang.Object, java.lang.Object, java.lang.Object, java.lang.Object, java.lang.Object, java.lang.Object, java.lang.Object, java.lang.Object, java.lang.Object, java.lang.Obj
Event: 2.983 Thread 0x000002282a297160 Exception <a 'java/lang/IncompatibleClassChangeError'{0x00000000827d1968}: Found class java.lang.Object, but interface was expected> (0x00000000827d1968) 
thrown [s\src\hotspot\share\interpreter\linkResolver.cpp, line 851]

ZGC Phase Switch (0 events):
No events

VM Operations (20 events):
Event: 1.938 Executing VM operation: HandshakeAllThreads (Deoptimize)
Event: 1.938 Executing VM operation: HandshakeAllThreads (Deoptimize) done
Event: 2.034 Executing VM operation: HandshakeAllThreads (Deoptimize)
Event: 2.034 Executing VM operation: HandshakeAllThreads (Deoptimize) done
Event: 2.332 Executing VM operation: CollectForMetadataAllocation (Metadata GC Threshold)
Event: 2.340 Executing VM operation: CollectForMetadataAllocation (Metadata GC Threshold) done
Event: 2.346 Executing VM operation: G1PauseRemark
Event: 2.347 Executing VM operation: G1PauseRemark done
Event: 2.348 Executing VM operation: G1PauseCleanup
Event: 2.351 Executing VM operation: G1PauseCleanup done
Event: 2.517 Executing VM operation: HandshakeAllThreads (Deoptimize)
Event: 2.517 Executing VM operation: HandshakeAllThreads (Deoptimize) done
Event: 2.691 Executing VM operation: HandshakeAllThreads (Deoptimize)
Event: 2.691 Executing VM operation: HandshakeAllThreads (Deoptimize) done
Event: 2.950 Executing VM operation: HandshakeAllThreads (Deoptimize)
Event: 2.950 Executing VM operation: HandshakeAllThreads (Deoptimize) done
Event: 2.951 Executing VM operation: HandshakeAllThreads (Deoptimize)
Event: 2.951 Executing VM operation: HandshakeAllThreads (Deoptimize) done
Event: 3.132 Executing VM operation: ICBufferFull
Event: 3.132 Executing VM operation: ICBufferFull done

Events (20 events):
Event: 0.915 Thread 0x000002282487a290 Thread exited: 0x000002282487a290
Event: 1.098 Thread 0x00000228248f9770 Thread exited: 0x00000228248f9770
Event: 1.235 Thread 0x0000022829f54b30 Thread added: 0x0000022829f54b30
Event: 1.506 Loaded shared library C:\Program Files\Android\Android Studio1\jbr\bin\management.dll
Event: 1.521 Loaded shared library C:\Program Files\Android\Android Studio1\jbr\bin\management_ext.dll
Event: 1.572 Thread 0x000002282a2ff9e0 Thread added: 0x000002282a2ff9e0
Event: 1.839 Loaded shared library C:\Program Files\Android\Android Studio1\jbr\bin\extnet.dll
Event: 1.898 Thread 0x000002282a125800 Thread added: 0x000002282a125800
Event: 1.996 Thread 0x000002282a482870 Thread added: 0x000002282a482870
Event: 2.074 Thread 0x000002282a394890 Thread added: 0x000002282a394890
Event: 2.081 Thread 0x000002282a3f37d0 Thread added: 0x000002282a3f37d0
Event: 2.201 Thread 0x000002282a3a0450 Thread added: 0x000002282a3a0450
Event: 2.221 Thread 0x000002282a297160 Thread added: 0x000002282a297160
Event: 2.234 Thread 0x000002282a485000 Thread added: 0x000002282a485000
Event: 2.239 Thread 0x000002282a485d20 Thread added: 0x000002282a485d20
Event: 2.241 Thread 0x000002282a4835c0 Thread added: 0x000002282a4835c0
Event: 2.691 Thread 0x000002282a482f30 Thread added: 0x000002282a482f30
Event: 2.702 Thread 0x000002282a483c50 Thread added: 0x000002282a483c50
Event: 2.732 Thread 0x000002282a4863b0 Thread added: 0x000002282a4863b0
Event: 2.913 Thread 0x000002282a826000 Thread added: 0x000002282a826000


Dynamic libraries:
0x00007ff7bd0e0000 - 0x00007ff7bd0ea000 	C:\Program Files\Android\Android Studio1\jbr\bin\java.exe
0x00007ffccbe00000 - 0x00007ffccc069000 	C:\WINDOWS\SYSTEM32\ntdll.dll
0x00007ffcca5b0000 - 0x00007ffcca679000 	C:\WINDOWS\System32\KERNEL32.DLL
0x00007ffcc9420000 - 0x00007ffcc9813000 	C:\WINDOWS\System32\KERNELBASE.dll
0x00007ffc92b90000 - 0x00007ffc92c6b000 	C:\Program Files\Bitdefender\Endpoint Security\bdhkm\dlls_268013442277585616\bdhkm64.dll
0x00007ffc929b0000 - 0x00007ffc92b89000 	C:\Program Files\Bitdefender\Endpoint Security\atcuf\dlls_268013442245682785\atcuf64.dll
0x00007ffcca210000 - 0x00007ffcca2c4000 	C:\WINDOWS\System32\ADVAPI32.DLL
0x00007ffcc9c50000 - 0x00007ffcc9cf9000 	C:\WINDOWS\System32\msvcrt.dll
0x00007ffcca9b0000 - 0x00007ffccaa56000 	C:\WINDOWS\System32\sechost.dll
0x00007ffccac30000 - 0x00007ffccad48000 	C:\WINDOWS\System32\RPCRT4.dll
0x00007ffcc9240000 - 0x00007ffcc938b000 	C:\WINDOWS\System32\ucrtbase.dll
0x00007ffc91710000 - 0x00007ffc91728000 	C:\Program Files\Android\Android Studio1\jbr\bin\jli.dll
0x00007ffccaa60000 - 0x00007ffccac24000 	C:\WINDOWS\System32\USER32.dll
0x00007ffcc9ba0000 - 0x00007ffcc9bc7000 	C:\WINDOWS\System32\win32u.dll
0x00007ffcca680000 - 0x00007ffcca6ab000 	C:\WINDOWS\System32\GDI32.dll
0x00007ffcc8f90000 - 0x00007ffcc90bd000 	C:\WINDOWS\System32\gdi32full.dll
0x00007ffcc9820000 - 0x00007ffcc98c3000 	C:\WINDOWS\System32\msvcp_win.dll
0x00007ffcbf7b0000 - 0x00007ffcbf7cb000 	C:\Program Files\Android\Android Studio1\jbr\bin\VCRUNTIME140.dll
0x00007ffcb9d00000 - 0x00007ffcb9f93000 	C:\WINDOWS\WinSxS\amd64_microsoft.windows.common-controls_6595b64144ccf1df_6.0.26100.5074_none_3e0d6f78e32fd63f\COMCTL32.dll
0x00007ffcca6b0000 - 0x00007ffcca6df000 	C:\WINDOWS\System32\IMM32.DLL
0x00007ffcbf7a0000 - 0x00007ffcbf7ac000 	C:\Program Files\Android\Android Studio1\jbr\bin\vcruntime140_1.dll
0x00007ffc81f40000 - 0x00007ffc81fcd000 	C:\Program Files\Android\Android Studio1\jbr\bin\msvcp140.dll
0x00007ffc244a0000 - 0x00007ffc2511d000 	C:\Program Files\Android\Android Studio1\jbr\bin\server\jvm.dll
0x00007ffcc9bd0000 - 0x00007ffcc9c44000 	C:\WINDOWS\System32\WS2_32.dll
0x00007ffcc8e10000 - 0x00007ffcc8e6e000 	C:\WINDOWS\SYSTEM32\POWRPROF.dll
0x00007ffcba960000 - 0x00007ffcba995000 	C:\WINDOWS\SYSTEM32\WINMM.dll
0x00007ffcc0df0000 - 0x00007ffcc0dfb000 	C:\WINDOWS\SYSTEM32\VERSION.dll
0x00007ffcc8df0000 - 0x00007ffcc8e04000 	C:\WINDOWS\SYSTEM32\UMPDC.dll
0x00007ffcc7d30000 - 0x00007ffcc7d4b000 	C:\WINDOWS\SYSTEM32\kernel.appcore.dll
0x00007ffcbf790000 - 0x00007ffcbf79a000 	C:\Program Files\Android\Android Studio1\jbr\bin\jimage.dll
0x00007ffcc1dd0000 - 0x00007ffcc2012000 	C:\WINDOWS\SYSTEM32\DBGHELP.DLL
0x00007ffccb5e0000 - 0x00007ffccb95b000 	C:\WINDOWS\System32\combase.dll
0x00007ffcca700000 - 0x00007ffcca7d7000 	C:\WINDOWS\System32\OLEAUT32.dll
0x00007ffcab0e0000 - 0x00007ffcab11d000 	C:\WINDOWS\SYSTEM32\dbgcore.DLL
0x00007ffcc98d0000 - 0x00007ffcc9969000 	C:\WINDOWS\System32\bcryptPrimitives.dll
0x00007ffc961c0000 - 0x00007ffc961ce000 	C:\Program Files\Android\Android Studio1\jbr\bin\instrument.dll
0x00007ffcaa0b0000 - 0x00007ffcaa0cf000 	C:\Program Files\Android\Android Studio1\jbr\bin\java.dll
0x00007ffca8f20000 - 0x00007ffca8f38000 	C:\Program Files\Android\Android Studio1\jbr\bin\zip.dll
0x00007ffccadc0000 - 0x00007ffccb50d000 	C:\WINDOWS\System32\SHELL32.dll
0x00007ffcc9970000 - 0x00007ffcc9adc000 	C:\WINDOWS\System32\wintypes.dll
0x00007ffcc6af0000 - 0x00007ffcc7349000 	C:\WINDOWS\SYSTEM32\windows.storage.dll
0x00007ffccb970000 - 0x00007ffccba60000 	C:\WINDOWS\System32\SHCORE.dll
0x00007ffccad50000 - 0x00007ffccadb2000 	C:\WINDOWS\System32\shlwapi.dll
0x00007ffcc8eb0000 - 0x00007ffcc8ed9000 	C:\WINDOWS\SYSTEM32\profapi.dll
0x00007ffcbf780000 - 0x00007ffcbf790000 	C:\Program Files\Android\Android Studio1\jbr\bin\net.dll
0x00007ffcc0ca0000 - 0x00007ffcc0dbf000 	C:\WINDOWS\SYSTEM32\WINHTTP.dll
0x00007ffcc8290000 - 0x00007ffcc82fb000 	C:\WINDOWS\system32\mswsock.dll
0x00007ffc9dca0000 - 0x00007ffc9dcb6000 	C:\Program Files\Android\Android Studio1\jbr\bin\nio.dll
0x00007ffcbb6a0000 - 0x00007ffcbb6b0000 	C:\Program Files\Android\Android Studio1\jbr\bin\verify.dll
0x00007ffcaa120000 - 0x00007ffcaa147000 	C:\Users\1712\.gradle\native\c067742578af261105cb4f569cf0c3c89f3d7b1fecec35dd04571415982c5e48\windows-amd64\native-platform.dll
0x00007ffc55140000 - 0x00007ffc55284000 	C:\Users\1712\.gradle\native\100fb08df4bc3b14c8652ba06237920a3bd2aa13389f12d3474272988ae205f9\windows-amd64\native-platform-file-events.dll
0x00007ffca8f10000 - 0x00007ffca8f19000 	C:\Program Files\Android\Android Studio1\jbr\bin\management.dll
0x00007ffc9dc90000 - 0x00007ffc9dc9b000 	C:\Program Files\Android\Android Studio1\jbr\bin\management_ext.dll
0x00007ffccb960000 - 0x00007ffccb968000 	C:\WINDOWS\System32\PSAPI.DLL
0x00007ffcc85e0000 - 0x00007ffcc85fb000 	C:\WINDOWS\SYSTEM32\CRYPTSP.dll
0x00007ffcc7c90000 - 0x00007ffcc7ccb000 	C:\WINDOWS\system32\rsaenh.dll
0x00007ffcc8330000 - 0x00007ffcc835b000 	C:\WINDOWS\SYSTEM32\USERENV.dll
0x00007ffcc8e80000 - 0x00007ffcc8ea6000 	C:\WINDOWS\SYSTEM32\bcrypt.dll
0x00007ffcc85c0000 - 0x00007ffcc85cc000 	C:\WINDOWS\SYSTEM32\CRYPTBASE.dll
0x00007ffcc74b0000 - 0x00007ffcc74e4000 	C:\WINDOWS\SYSTEM32\IPHLPAPI.DLL
0x00007ffcca6f0000 - 0x00007ffcca6fa000 	C:\WINDOWS\System32\NSI.dll
0x00007ffcaa0a0000 - 0x00007ffcaa0a9000 	C:\Program Files\Android\Android Studio1\jbr\bin\extnet.dll
0x00007ffcc3430000 - 0x00007ffcc3438000 	C:\WINDOWS\system32\wshunix.dll

dbghelp: loaded successfully - version: 4.0.5 - missing functions: none
symbol engine: initialized successfully - sym options: 0x614 - pdb path: .;C:\Program Files\Android\Android Studio1\jbr\bin;C:\WINDOWS\SYSTEM32;C:\Program Files\Bitdefender\Endpoint Security\bdhkm\dlls_268013442277585616;C:\Program Files\Bitdefender\Endpoint Security\atcuf\dlls_268013442245682785;C:\WINDOWS\WinSxS\amd64_microsoft.windows.common-controls_6595b64144ccf1df_6.0.26100.5074_none_3e0d6f78e32fd63f;C:\Program Files\Android\Android Studio1\jbr\bin\server;C:\Users\1712\.gradle\native\c067742578af261105cb4f569cf0c3c89f3d7b1fecec35dd04571415982c5e48\windows-amd64;C:\Users\1712\.gradle\native\100fb08df4bc3b14c8652ba06237920a3bd2aa13389f12d3474272988ae205f9\windows-amd64

VM Arguments:
jvm_args: --add-opens=java.base/java.util=ALL-UNNAMED --add-opens=java.base/java.lang=ALL-UNNAMED --add-opens=java.base/java.lang.invoke=ALL-UNNAMED --add-opens=java.prefs/java.util.prefs=ALL-UNNAMED --add-exports=jdk.compiler/com.sun.tools.javac.api=ALL-UNNAMED --add-exports=jdk.compiler/com.sun.tools.javac.util=ALL-UNNAMED --add-opens=java.base/java.nio.charset=ALL-UNNAMED --add-opens=java.base/java.net=ALL-UNNAMED --add-opens=java.base/java.util.concurrent.atomic=ALL-UNNAMED -Xmx2048m -Dfile.encoding=UTF-8 -Duser.country=US -Duser.language=en -Duser.variant -javaagent:C:\Users\1712\.gradle\wrapper\dists\gradle-8.9-bin\90cnw93cvbtalezasaz0blq0a\gradle-8.9\lib\agents\gradle-instrumentation-agent-8.9.jar 
java_command: org.gradle.launcher.daemon.bootstrap.GradleDaemon 8.9
java_class_path (initial): C:\Users\1712\.gradle\wrapper\dists\gradle-8.9-bin\90cnw93cvbtalezasaz0blq0a\gradle-8.9\lib\gradle-daemon-main-8.9.jar
Launcher Type: SUN_STANDARD

[Global flags]
     intx CICompilerCount                          = 4                                         {product} {ergonomic}
     uint ConcGCThreads                            = 2                                         {product} {ergonomic}
     uint G1ConcRefinementThreads                  = 8                                         {product} {ergonomic}
   size_t G1HeapRegionSize                         = 1048576                                   {product} {ergonomic}
    uintx GCDrainStackTargetSize                   = 64                                        {product} {ergonomic}
   size_t InitialHeapSize                          = 264241152                                 {product} {ergonomic}
   size_t MarkStackSize                            = 4194304                                   {product} {ergonomic}
   size_t MaxHeapSize                              = 2147483648                                {product} {command line}
   size_t MaxNewSize                               = 1287651328                                {product} {ergonomic}
   size_t MinHeapDeltaBytes                        = 1048576                                   {product} {ergonomic}
   size_t MinHeapSize                              = 8388608                                   {product} {ergonomic}
    uintx NonNMethodCodeHeapSize                   = 5839372                                {pd product} {ergonomic}
    uintx NonProfiledCodeHeapSize                  = 122909434                              {pd product} {ergonomic}
    uintx ProfiledCodeHeapSize                     = 122909434                              {pd product} {ergonomic}
    uintx ReservedCodeCacheSize                    = 251658240                              {pd product} {ergonomic}
     bool SegmentedCodeCache                       = true                                      {product} {ergonomic}
   size_t SoftMaxHeapSize                          = 2147483648                             {manageable} {ergonomic}
     bool UseCompressedOops                        = true                           {product lp64_product} {ergonomic}
     bool UseG1GC                                  = true                                      {product} {ergonomic}
     bool UseLargePagesIndividualAllocation        = false                                  {pd product} {ergonomic}

Logging:
Log output configuration:
 #0: stdout all=warning uptime,level,tags foldmultilines=false
 #1: stderr all=off uptime,level,tags foldmultilines=false

Environment Variables:
PATH=C:\WINDOWS\system32;C:\WINDOWS;C:\WINDOWS\System32\Wbem;C:\WINDOWS\System32\WindowsPowerShell\v1.0\;C:\WINDOWS\System32\OpenSSH\;C:\Program Files\dotnet\;C:\Users\1465\AppData\Local\Android\Sdk\platform-tools;C:\Program Files (x86)\Windows Kits\10\Windows Performance Toolkit\;C:\Program Files\Git\cmd;C:\sqlite;C:\Users\1712\AppData\Local\Microsoft\WindowsApps;
USERNAME=1712
OS=Windows_NT
PROCESSOR_IDENTIFIER=Intel64 Family 6 Model 140 Stepping 1, GenuineIntel
TMP=C:\Users\1712\AppData\Local\Temp
TEMP=C:\Users\1712\AppData\Local\Temp




Periodic native trim disabled

JNI global refs:
JNI global refs: 23, weak refs: 0

JNI global refs memory usage: 835, weak refs: 833

Process memory usage:
Resident Set Size: 207120K (1% of 16493352K total physical memory with 2010012K free physical memory)

OOME stack traces (most recent first):
Classloader memory used:
Loader bootstrap                                                                       : 16210K
Loader org.gradle.internal.classloader.VisitableURLClassLoader                         : 10440K
Loader org.gradle.initialization.MixInLegacyTypesClassLoader                           : 1304K
Loader jdk.internal.loader.ClassLoaders$AppClassLoader                                 : 230K
Loader jdk.internal.loader.ClassLoaders$PlatformClassLoader                            : 114K

Classes loaded by more than one classloader:
Class org.gradle.internal.classloader.FilteringClassLoader                            : loaded 2 times (x 102B)
Class org.gradle.internal.classloader.ClassLoaderHierarchy                            : loaded 2 times (x 67B)
Class org.gradle.api.internal.classpath.ManifestUtil                                  : loaded 2 times (x 68B)
Class org.gradle.internal.classloader.DefaultClassLoaderFactory                       : loaded 2 times (x 79B)
Class org.gradle.internal.classloader.ClassLoaderVisitor                              : loaded 2 times (x 73B)
Class org.gradle.api.internal.classpath.EffectiveClassPath                            : loaded 2 times (x 87B)
Class org.gradle.api.internal.DefaultClassPathProvider                                : loaded 2 times (x 73B)
Class [Lorg.gradle.api.internal.ClassPathProvider;                                    : loaded 2 times (x 66B)
Class org.gradle.api.internal.ClassPathProvider                                       : loaded 2 times (x 67B)
Class org.gradle.internal.service.UnknownServiceException                             : loaded 2 times (x 80B)
Class org.gradle.internal.classpath.TransformedClassPath                              : loaded 2 times (x 93B)
Class org.gradle.internal.service.ServiceLocator                                      : loaded 2 times (x 67B)
Class org.gradle.internal.InternalTransformer                                         : loaded 2 times (x 67B)
Class org.gradle.internal.classloader.ClasspathUtil$1                                 : loaded 2 times (x 73B)
Class org.gradle.api.internal.classpath.DefaultModuleRegistry$DefaultModule           : loaded 2 times (x 83B)
Class org.gradle.api.internal.classpath.Module                                        : loaded 2 times (x 67B)
Class org.gradle.api.internal.classpath.UnknownModuleException                        : loaded 2 times (x 79B)
Class org.gradle.api.internal.DefaultClassPathRegistry                                : loaded 2 times (x 73B)
Class org.gradle.api.internal.ClassPathRegistry                                       : loaded 2 times (x 67B)
Class org.gradle.internal.classpath.DefaultClassPath$ImmutableUniqueList              : loaded 2 times (x 196B)
Class org.gradle.internal.classpath.ClassPath                                         : loaded 2 times (x 67B)
Class org.gradle.api.UncheckedIOException                                             : loaded 2 times (x 79B)
Class org.gradle.internal.installation.GradleInstallation$1                           : loaded 2 times (x 72B)
Class org.gradle.api.internal.classpath.ModuleRegistry                                : loaded 2 times (x 67B)
Class org.gradle.api.internal.classpath.DefaultModuleRegistry                         : loaded 2 times (x 80B)
Class org.gradle.internal.service.ServiceLookupException                              : loaded 2 times (x 79B)
Class org.gradle.internal.classloader.ClassLoaderFactory                              : loaded 2 times (x 67B)
Class org.gradle.internal.service.CachingServiceLocator                               : loaded 2 times (x 79B)
Class org.gradle.internal.classloader.ClasspathUtil                                   : loaded 2 times (x 68B)
Class org.gradle.api.specs.Spec                                                       : loaded 2 times (x 67B)
Class org.gradle.internal.classloader.VisitableURLClassLoader$InstrumentingVisitableURLClassLoader: loaded 2 times (x 120B)
Class org.gradle.internal.classloader.VisitableURLClassLoader$Spec                    : loaded 2 times (x 71B)
Class org.gradle.internal.classpath.DefaultClassPath                                  : loaded 2 times (x 87B)
Class org.gradle.internal.classloader.ClassLoaderSpec                                 : loaded 2 times (x 68B)
Class org.gradle.internal.classloader.VisitableURLClassLoader                         : loaded 2 times (x 114B)
Class org.gradle.internal.Cast                                                        : loaded 2 times (x 68B)
Class org.gradle.api.Action                                                           : loaded 2 times (x 67B)
Class org.gradle.internal.agents.InstrumentingClassLoader                             : loaded 2 times (x 67B)
Class org.gradle.internal.classpath.DefaultClassPath$ImmutableUniqueList$Builder      : loaded 2 times (x 72B)
Class org.gradle.api.GradleException                                                  : loaded 2 times (x 79B)
Class org.gradle.internal.IoActions                                                   : loaded 2 times (x 68B)
Class org.gradle.internal.classloader.SystemClassLoaderSpec                           : loaded 2 times (x 68B)
Class org.gradle.internal.installation.CurrentGradleInstallationLocator               : loaded 2 times (x 68B)
Class org.gradle.internal.service.DefaultServiceLocator                               : loaded 2 times (x 80B)
Class org.gradle.internal.installation.CurrentGradleInstallation                      : loaded 2 times (x 70B)
Class org.gradle.util.internal.GUtil                                                  : loaded 2 times (x 68B)
Class org.gradle.internal.installation.GradleInstallation                             : loaded 2 times (x 72B)

---------------  S Y S T E M  ---------------

OS:
 Windows 11 , 64 bit Build 26100 (10.0.26100.5074)
OS uptime: 0 days 0:33 hours
Hyper-V role detected

CPU: total 8 (initial active 8) (4 cores per cpu, 2 threads per core) family 6 model 140 stepping 1 microcode 0xba, cx8, cmov, fxsr, ht, mmx, 3dnowpref, sse, sse2, sse3, ssse3, sse4.1, sse4.2, popcnt, lzcnt, tsc, tscinvbit, avx, avx2, aes, erms, clmul, bmi1, bmi2, adx, avx512f, avx512dq, avx512cd, avx512bw, avx512vl, sha, fma, vzeroupper, avx512_vpopcntdq, avx512_vpclmulqdq, avx512_vaes, avx512_vnni, clflush, clflushopt, clwb, avx512_vbmi2, avx512_vbmi, hv, rdtscp, rdpid, fsrm, gfni, avx512_bitalg, f16c, cet_ibt, cet_ss, avx512_ifma
Processor Information for all 8 processors :
  Max Mhz: 2419, Current Mhz: 2419, Mhz Limit: 2419

Memory: 4k page, system-wide physical 16106M (1962M free)
TotalPageFile size 16106M (AvailPageFile size 26M)
current process WorkingSet (physical memory assigned to process): 202M, peak: 202M
current process commit charge ("private bytes"): 259M, peak: 383M

vm_info: OpenJDK 64-Bit Server VM (21.0.3+-12282718-b509.11) for windows-amd64 JRE (21.0.3+-12282718-b509.11), built on 2024-08-27T17:34:15Z by "builder" with MS VC++ 16.10 / 16.11 (VS2019)

END.
