#
# There is insufficient memory for the Java Runtime Environment to continue.
# Native memory allocation (mmap) failed to map 266338304 bytes. Error detail: G1 virtual space
# Possible reasons:
#   The system is out of physical RAM or swap space
#   This process is running with CompressedOops enabled, and the Java Heap may be blocking the growth of the native heap
# Possible solutions:
#   Reduce memory load on the system
#   Increase physical memory or swap space
#   Check if swap backing store is full
#   Decrease Java heap size (-Xmx/-Xms)
#   Decrease number of Java threads
#   Decrease Java thread stack sizes (-Xss)
#   Set larger code cache with -XX:ReservedCodeCacheSize=
#   JVM is running with Zero Based Compressed Oops mode in which the Java heap is
#     placed in the first 32GB address space. The Java Heap base address is the
#     maximum limit for the native heap growth. Please use -XX:HeapBaseMinAddress
#     to set the Java Heap base and to place the Java Heap above 32GB virtual address.
# This output file may be truncated or incomplete.
#
#  Out of Memory Error (os_windows.cpp:3898), pid=6112, tid=7700
#
# JRE version:  (21.0.6) (build )
# Java VM: OpenJDK 64-Bit Server VM (21.0.6+-13391695-b895.109, mixed mode, sharing, tiered, compressed oops, compressed class ptrs, g1 gc, windows-amd64)
# No core dump will be written. Minidumps are not enabled by default on client versions of Windows
#

---------------  S U M M A R Y ------------

Command Line: git4idea.http.GitAskPassApp Username for 'https://10.10.1.75:444': 

Host: Intel(R) Core(TM) i5-8265U CPU @ 1.60GHz, 8 cores, 15G,  Windows 11 , 64 bit Build 26100 (10.0.26100.4202)
Time: Tue Sep 23 11:58:28 2025 India Standard Time elapsed time: 1.042865 seconds (0d 0h 0m 1s)

---------------  T H R E A D  ---------------

Current thread (0x0000014acb739970):  JavaThread "Unknown thread" [_thread_in_vm, id=7700, stack(0x0000002dd5b00000,0x0000002dd5c00000) (1024K)]

Stack: [0x0000002dd5b00000,0x0000002dd5c00000]
Native frames: (J=compiled Java code, j=interpreted, Vv=VM code, C=native code)
V  [jvm.dll+0x6d0639]
V  [jvm.dll+0x85eb03]
V  [jvm.dll+0x86105e]
V  [jvm.dll+0x861743]
V  [jvm.dll+0x27e6e6]
V  [jvm.dll+0x6ccfd5]
V  [jvm.dll+0x6c0a8a]
V  [jvm.dll+0x35537b]
V  [jvm.dll+0x35cfd6]
V  [jvm.dll+0x3aef86]
V  [jvm.dll+0x3af258]
V  [jvm.dll+0x327a2c]
V  [jvm.dll+0x32871b]
V  [jvm.dll+0x826549]
V  [jvm.dll+0x3bc158]
V  [jvm.dll+0x80f7f8]
V  [jvm.dll+0x45035e]
V  [jvm.dll+0x451ac1]
C  [jli.dll+0x52ab]
C  [ucrtbase.dll+0x37b0]
C  [KERNEL32.DLL+0x2e8d7]
C  [ntdll.dll+0x3c34c]


---------------  P R O C E S S  ---------------

Threads class SMR info:
_java_thread_list=0x00007ff83fa81848, length=0, elements={
}

Java Threads: ( => current thread )
Total: 0

Other Threads:
  0x0000014acb79e350 WorkerThread "GC Thread#0"                     [id=15784, stack(0x0000002dd5c00000,0x0000002dd5d00000) (1024K)]
  0x0000014acb7aff40 ConcurrentGCThread "G1 Main Marker"            [id=14812, stack(0x0000002dd5d00000,0x0000002dd5e00000) (1024K)]
  0x0000014acb7b21f0 WorkerThread "G1 Conc#0"                       [id=15420, stack(0x0000002dd5e00000,0x0000002dd5f00000) (1024K)]

[error occurred during error reporting (printing all threads), id 0xc0000005, EXCEPTION_ACCESS_VIOLATION (0xc0000005) at pc=0x00007ff83f27aa87]
VM state: not at safepoint (not fully initialized)

VM Mutex/Monitor currently owned by a thread:  ([mutex/lock_event])
[0x00007ff83faee4a0] Heap_lock - owner thread: 0x0000014acb739970

Heap address: 0x0000000702200000, size: 4062 MB, Compressed Oops mode: Zero based, Oop shift amount: 3

CDS archive(s) mapped at: [0x0000000000000000-0x0000000000000000-0x0000000000000000), size 0, SharedBaseAddress: 0x0000000800000000, ArchiveRelocationMode: 1.
Narrow klass base: 0x0000000000000000, Narrow klass shift: 0, Narrow klass range: 0x0

GC Precious Log:
 CardTable entry size: 512
 Card Set container configuration: InlinePtr #cards 4 size 8 Array Of Cards #cards 16 size 48 Howl #buckets 8 coarsen threshold 3686 Howl Bitmap #cards 512 size 80 coarsen threshold 460 Card regions per heap region 1 cards per card region 4096

Heap:
 garbage-first heap   total 0K, used 0K [0x0000000702200000, 0x0000000800000000)
  region size 2048K, 0 young (0K), 0 survivors (0K)
 Metaspace       used 0K, committed 0K, reserved 0K
  class space    used 0K, committed 0K, reserved 0K

Heap Regions: E=young(eden), S=young(survivor), O=old, HS=humongous(starts), HC=humongous(continues), CS=collection set, F=free, TAMS=top-at-mark-start, PB=parsable bottom

Card table byte_map: [0x0000014ade3b0000,0x0000014adeba0000] _byte_map_base: 0x0000014adab9f000

Marking Bits: (CMBitMap*) 0x0000014acb79ea50
 Bits: [0x0000014adeba0000, 0x0000014ae2b18000)

GC Heap History (0 events):
No events

Dll operation events (1 events):
Event: 0.012 Loaded shared library C:\Program Files\Android\Android Studio\jbr\bin\java.dll

Deoptimization events (0 events):
No events

Classes loaded (0 events):
No events

Classes unloaded (0 events):
No events

Classes redefined (0 events):
No events

Internal exceptions (0 events):
No events

ZGC Phase Switch (0 events):
No events

VM Operations (0 events):
No events

Memory protections (0 events):
No events

Nmethod flushes (0 events):
No events

Events (0 events):
No events


Dynamic libraries:
0x00007ff6aa050000 - 0x00007ff6aa05a000 	C:\Program Files\Android\Android Studio\jbr\bin\java.exe
0x00007ff881040000 - 0x00007ff8812a5000 	C:\WINDOWS\SYSTEM32\ntdll.dll
0x00007ff880150000 - 0x00007ff880219000 	C:\WINDOWS\System32\KERNEL32.DLL
0x00007ff87e470000 - 0x00007ff87e858000 	C:\WINDOWS\System32\KERNELBASE.dll
0x00007ff880f40000 - 0x00007ff880ff3000 	C:\WINDOWS\System32\ADVAPI32.DLL
0x00007ff880e90000 - 0x00007ff880f39000 	C:\WINDOWS\System32\msvcrt.dll
0x00007ff87f6d0000 - 0x00007ff87f776000 	C:\WINDOWS\System32\sechost.dll
0x00007ff880670000 - 0x00007ff880785000 	C:\WINDOWS\System32\RPCRT4.dll
0x00007ff87eb20000 - 0x00007ff87ec6b000 	C:\WINDOWS\System32\ucrtbase.dll
0x00007ff863610000 - 0x00007ff86362b000 	C:\Program Files\Android\Android Studio\jbr\bin\VCRUNTIME140.dll
0x00007ff84cd90000 - 0x00007ff84cda8000 	C:\Program Files\Android\Android Studio\jbr\bin\jli.dll
0x00007ff880220000 - 0x00007ff8803ea000 	C:\WINDOWS\System32\USER32.dll
0x00007ff87e310000 - 0x00007ff87e337000 	C:\WINDOWS\System32\win32u.dll
0x00007ff87f800000 - 0x00007ff87f82b000 	C:\WINDOWS\System32\GDI32.dll
0x00007ff87e9e0000 - 0x00007ff87eb17000 	C:\WINDOWS\System32\gdi32full.dll
0x00007ff87ec70000 - 0x00007ff87ed13000 	C:\WINDOWS\System32\msvcp_win.dll
0x00007ff86cf30000 - 0x00007ff86d1ca000 	C:\WINDOWS\WinSxS\amd64_microsoft.windows.common-controls_6595b64144ccf1df_6.0.26100.4202_none_3e0698d4e335f517\COMCTL32.dll
0x00007ff880b50000 - 0x00007ff880b80000 	C:\WINDOWS\System32\IMM32.DLL
0x00007ff872f30000 - 0x00007ff872f3c000 	C:\Program Files\Android\Android Studio\jbr\bin\vcruntime140_1.dll
0x00007ff80c1d0000 - 0x00007ff80c25d000 	C:\Program Files\Android\Android Studio\jbr\bin\msvcp140.dll
0x00007ff83ef40000 - 0x00007ff83fbcb000 	C:\Program Files\Android\Android Studio\jbr\bin\server\jvm.dll
0x00007ff87f650000 - 0x00007ff87f6c4000 	C:\WINDOWS\System32\WS2_32.dll
0x00007ff876440000 - 0x00007ff87644b000 	C:\WINDOWS\SYSTEM32\VERSION.dll
0x00007ff86d2d0000 - 0x00007ff86d305000 	C:\WINDOWS\SYSTEM32\WINMM.dll
0x00007ff87e000000 - 0x00007ff87e05e000 	C:\WINDOWS\SYSTEM32\POWRPROF.dll
0x00007ff87dfe0000 - 0x00007ff87dff4000 	C:\WINDOWS\SYSTEM32\UMPDC.dll
0x00007ff87cf50000 - 0x00007ff87cf6b000 	C:\WINDOWS\SYSTEM32\kernel.appcore.dll
0x00007ff85a690000 - 0x00007ff85a69a000 	C:\Program Files\Android\Android Studio\jbr\bin\jimage.dll
0x00007ff87b6d0000 - 0x00007ff87b911000 	C:\WINDOWS\SYSTEM32\DBGHELP.DLL
0x00007ff87f8c0000 - 0x00007ff87fc45000 	C:\WINDOWS\System32\combase.dll
0x00007ff87edf0000 - 0x00007ff87eed1000 	C:\WINDOWS\System32\OLEAUT32.dll
0x00007ff85c050000 - 0x00007ff85c089000 	C:\WINDOWS\SYSTEM32\dbgcore.DLL
0x00007ff87e3d0000 - 0x00007ff87e469000 	C:\WINDOWS\System32\bcryptPrimitives.dll
0x00007ff84a7d0000 - 0x00007ff84a7f0000 	C:\Program Files\Android\Android Studio\jbr\bin\java.dll

dbghelp: loaded successfully - version: 4.0.5 - missing functions: none
symbol engine: initialized successfully - sym options: 0x614 - pdb path: .;C:\Program Files\Android\Android Studio\jbr\bin;C:\WINDOWS\SYSTEM32;C:\WINDOWS\WinSxS\amd64_microsoft.windows.common-controls_6595b64144ccf1df_6.0.26100.4202_none_3e0698d4e335f517;C:\Program Files\Android\Android Studio\jbr\bin\server

VM Arguments:
java_command: git4idea.http.GitAskPassApp Username for 'https://10.10.1.75:444': 
java_class_path (initial): C:/Program Files/Android/Android Studio/plugins/vcs-git/lib/git4idea-rt.jar;C:/Program Files/Android/Android Studio/lib/externalProcess-rt.jar
Launcher Type: SUN_STANDARD

[Global flags]
     intx CICompilerCount                          = 4                                         {product} {ergonomic}
     uint ConcGCThreads                            = 2                                         {product} {ergonomic}
     uint G1ConcRefinementThreads                  = 8                                         {product} {ergonomic}
   size_t G1HeapRegionSize                         = 2097152                                   {product} {ergonomic}
    uintx GCDrainStackTargetSize                   = 64                                        {product} {ergonomic}
   size_t InitialHeapSize                          = 266338304                                 {product} {ergonomic}
   size_t MarkStackSize                            = 4194304                                   {product} {ergonomic}
   size_t MaxHeapSize                              = 4259315712                                {product} {ergonomic}
   size_t MinHeapDeltaBytes                        = 2097152                                   {product} {ergonomic}
   size_t MinHeapSize                              = 8388608                                   {product} {ergonomic}
    uintx NonNMethodCodeHeapSize                   = 5839372                                {pd product} {ergonomic}
    uintx NonProfiledCodeHeapSize                  = 122909434                              {pd product} {ergonomic}
    uintx ProfiledCodeHeapSize                     = 122909434                              {pd product} {ergonomic}
    uintx ReservedCodeCacheSize                    = 251658240                              {pd product} {ergonomic}
     bool SegmentedCodeCache                       = true                                      {product} {ergonomic}
   size_t SoftMaxHeapSize                          = 4259315712                             {manageable} {ergonomic}
     bool UseCompressedOops                        = true                           {product lp64_product} {ergonomic}
     bool UseG1GC                                  = true                                      {product} {ergonomic}
     bool UseLargePagesIndividualAllocation        = false                                  {pd product} {ergonomic}

Logging:
Log output configuration:
 #0: stdout all=warning uptime,level,tags foldmultilines=false
 #1: stderr all=off uptime,level,tags foldmultilines=false

Environment Variables:
PATH=C:\Program Files\Git\mingw64\libexec\git-core;C:\Program Files\Git\mingw64\libexec\git-core;C:\Program Files\Git\mingw64\bin;C:\Program Files\Git\usr\bin;C:\Users\1702\bin;C:\WINDOWS\system32;C:\WINDOWS;C:\WINDOWS\System32\Wbem;C:\WINDOWS\System32\WindowsPowerShell\v1.0;C:\WINDOWS\System32\OpenSSH;C:\Program Files (x86)\Windows Kits\10\Windows Performance Toolkit;C:\Program Files\dotnet;C:\Program Files\Git\cmd;C:\Users\1702\AppData\Local\Microsoft\WindowsApps
USERNAME=1702
DISPLAY=:0.0
LC_ALL=en_US.UTF-8
TERM=xterm-256color
TMPDIR=C:\Users\1702\AppData\Local\Temp
OS=Windows_NT
PROCESSOR_IDENTIFIER=Intel64 Family 6 Model 142 Stepping 12, GenuineIntel
TMP=C:\Users\1702\AppData\Local\Temp
TEMP=C:\Users\1702\AppData\Local\Temp




Periodic native trim disabled

JNI global refs:
JNI global refs: 0, weak refs: 0

JNI global refs memory usage: 0, weak refs: 0

Process memory usage:
Resident Set Size: 13172K (0% of 16634836K total physical memory with 1636028K free physical memory)

OOME stack traces (most recent first):
Classloader memory used:

---------------  S Y S T E M  ---------------

OS:
 Windows 11 , 64 bit Build 26100 (10.0.26100.4202)
OS uptime: 0 days 20:16 hours

CPU: total 8 (initial active 8) (4 cores per cpu, 2 threads per core) family 6 model 142 stepping 12 microcode 0xf8, cx8, cmov, fxsr, ht, mmx, 3dnowpref, sse, sse2, sse3, ssse3, sse4.1, sse4.2, popcnt, lzcnt, tsc, tscinvbit, avx, avx2, aes, erms, clmul, bmi1, bmi2, adx, fma, vzeroupper, clflush, clflushopt, rdtscp, f16c
Processor Information for the first 8 processors :
  Max Mhz: 1800, Current Mhz: 1600, Mhz Limit: 1584

Memory: 4k page, system-wide physical 16244M (1597M free)
TotalPageFile size 19170M (AvailPageFile size 222M)
current process WorkingSet (physical memory assigned to process): 12M, peak: 12M
current process commit charge ("private bytes"): 60M, peak: 314M

vm_info: OpenJDK 64-Bit Server VM (21.0.6+-13391695-b895.109) for windows-amd64 JRE (21.0.6+-13391695-b895.109), built on 2025-04-22T21:19:17Z by "builder" with MS VC++ 16.10 / 16.11 (VS2019)

END.
