#
# There is insufficient memory for the Java Runtime Environment to continue.
# Native memory allocation (malloc) failed to allocate 1996016 bytes. Error detail: Chunk::new
# Possible reasons:
#   The system is out of physical RAM or swap space
#   This process is running with CompressedOops enabled, and the Java Heap may be blocking the growth of the native heap
# Possible solutions:
#   Reduce memory load on the system
#   Increase physical memory or swap space
#   Check if swap backing store is full
#   Decrease Java heap size (-Xmx/-Xms)
#   Decrease number of Java threads
#   Decrease Java thread stack sizes (-Xss)
#   Set larger code cache with -XX:ReservedCodeCacheSize=
#   JVM is running with Unscaled Compressed Oops mode in which the Java heap is
#     placed in the first 4GB address space. The Java Heap base address is the
#     maximum limit for the native heap growth. Please use -XX:HeapBaseMinAddress
#     to set the Java Heap base and to place the Java Heap above 4GB virtual address.
# This output file may be truncated or incomplete.
#
#  Out of Memory Error (arena.cpp:168), pid=4708, tid=18920
#
# JRE version: OpenJDK Runtime Environment (21.0.3) (build 21.0.3+-12282718-b509.11)
# Java VM: OpenJDK 64-Bit Server VM (21.0.3+-12282718-b509.11, mixed mode, tiered, compressed oops, compressed class ptrs, g1 gc, windows-amd64)
# No core dump will be written. Minidumps are not enabled by default on client versions of Windows
#

---------------  S U M M A R Y ------------

Command Line: --add-opens=java.base/java.util=ALL-UNNAMED --add-opens=java.base/java.lang=ALL-UNNAMED --add-opens=java.base/java.lang.invoke=ALL-UNNAMED --add-opens=java.prefs/java.util.prefs=ALL-UNNAMED --add-exports=jdk.compiler/com.sun.tools.javac.api=ALL-UNNAMED --add-exports=jdk.compiler/com.sun.tools.javac.util=ALL-UNNAMED --add-opens=java.base/java.nio.charset=ALL-UNNAMED --add-opens=java.base/java.net=ALL-UNNAMED --add-opens=java.base/java.util.concurrent.atomic=ALL-UNNAMED -Xmx2048m -Dfile.encoding=UTF-8 -Duser.country=US -Duser.language=en -Duser.variant -javaagent:C:\Users\1712\.gradle\wrapper\dists\gradle-8.9-bin\90cnw93cvbtalezasaz0blq0a\gradle-8.9\lib\agents\gradle-instrumentation-agent-8.9.jar org.gradle.launcher.daemon.bootstrap.GradleDaemon 8.9

Host: 11th Gen Intel(R) Core(TM) i5-1135G7 @ 2.40GHz, 8 cores, 15G,  Windows 11 , 64 bit Build 26100 (10.0.26100.5074)
Time: Mon Sep 22 19:16:55 2025 India Standard Time elapsed time: 11.832120 seconds (0d 0h 0m 11s)

---------------  T H R E A D  ---------------

Current thread (0x000001f01b10f8c0):  JavaThread "C2 CompilerThread0" daemon [_thread_in_native, id=18920, stack(0x000000e588400000,0x000000e588500000) (1024K)]


Current CompileTask:
C2:  11832 8412   !   4       java.net.URLClassLoader$1::run (81 bytes)

Stack: [0x000000e588400000,0x000000e588500000]
Native frames: (J=compiled Java code, j=interpreted, Vv=VM code, C=native code)
V  [jvm.dll+0x6cafb9]
V  [jvm.dll+0x858523]
V  [jvm.dll+0x85aa7e]
V  [jvm.dll+0x85b163]
V  [jvm.dll+0x27d356]
V  [jvm.dll+0xbf93d]
V  [jvm.dll+0xbfe73]
V  [jvm.dll+0x3b1cb1]
V  [jvm.dll+0x37e787]
V  [jvm.dll+0x37dbfa]
V  [jvm.dll+0x246b02]
V  [jvm.dll+0x2460d1]
V  [jvm.dll+0x1c5804]
V  [jvm.dll+0x25575c]
V  [jvm.dll+0x253c36]
V  [jvm.dll+0x3ec996]
V  [jvm.dll+0x800d78]
V  [jvm.dll+0x6c98cd]
C  [ucrtbase.dll+0x37b0]
C  [KERNEL32.DLL+0x2e8d7]
C  [ntdll.dll+0x8d9c]


---------------  P R O C E S S  ---------------

Threads class SMR info:
_java_thread_list=0x000001f01d551a50, length=53, elements={
0x000001f07c5678e0, 0x000001f01b0e8580, 0x000001f01b0e91e0, 0x000001f01b0ee9c0,
0x000001f01b0fbc70, 0x000001f01b0fce70, 0x000001f01b0fda00, 0x000001f01b10f8c0,
0x000001f01b114130, 0x000001f01b2256e0, 0x000001f01b4b5990, 0x000001f01ce82e50,
0x000001f01ccb4af0, 0x000001f01cd898b0, 0x000001f01d0e75a0, 0x000001f01d0e3430,
0x000001f01d13a710, 0x000001f01ce59880, 0x000001f01d0e1170, 0x000001f01d0e1800,
0x000001f01d0df0a0, 0x000001f01d0df730, 0x000001f01d0e1e90, 0x000001f01d0dfdc0,
0x000001f01d0e2520, 0x000001f01d416fd0, 0x000001f01d415c20, 0x000001f01d417cf0,
0x000001f01d419730, 0x000001f01d4190a0, 0x000001f01d418380, 0x000001f01d4162b0,
0x000001f01e1e55e0, 0x000001f01e1e83d0, 0x000001f01e1e5c70, 0x000001f01e1e6300,
0x000001f01e1e7d40, 0x000001f01e1e6990, 0x000001f01e1e4f50, 0x000001f01e1e8a60,
0x000001f01e1e90f0, 0x000001f01e1ea4a0, 0x000001f01e1e9e10, 0x000001f01e1e9780,
0x000001f01e1e7020, 0x000001f01e1eab30, 0x000001f01e1eb850, 0x000001f01e1ebee0,
0x000001f01e1ec570, 0x000001f01f937840, 0x000001f01f9350e0, 0x000001f01f935770,
0x000001f01f935e00
}

Java Threads: ( => current thread )
  0x000001f07c5678e0 JavaThread "main"                              [_thread_blocked, id=15976, stack(0x000000e587600000,0x000000e587700000) (1024K)]
  0x000001f01b0e8580 JavaThread "Reference Handler"          daemon [_thread_blocked, id=15580, stack(0x000000e587e00000,0x000000e587f00000) (1024K)]
  0x000001f01b0e91e0 JavaThread "Finalizer"                  daemon [_thread_blocked, id=13140, stack(0x000000e587f00000,0x000000e588000000) (1024K)]
  0x000001f01b0ee9c0 JavaThread "Signal Dispatcher"          daemon [_thread_blocked, id=6204, stack(0x000000e588000000,0x000000e588100000) (1024K)]
  0x000001f01b0fbc70 JavaThread "Attach Listener"            daemon [_thread_blocked, id=18028, stack(0x000000e588100000,0x000000e588200000) (1024K)]
  0x000001f01b0fce70 JavaThread "Service Thread"             daemon [_thread_blocked, id=216, stack(0x000000e588200000,0x000000e588300000) (1024K)]
  0x000001f01b0fda00 JavaThread "Monitor Deflation Thread"   daemon [_thread_blocked, id=7352, stack(0x000000e588300000,0x000000e588400000) (1024K)]
=>0x000001f01b10f8c0 JavaThread "C2 CompilerThread0"         daemon [_thread_in_native, id=18920, stack(0x000000e588400000,0x000000e588500000) (1024K)]
  0x000001f01b114130 JavaThread "C1 CompilerThread0"         daemon [_thread_blocked, id=15472, stack(0x000000e588500000,0x000000e588600000) (1024K)]
  0x000001f01b2256e0 JavaThread "Common-Cleaner"             daemon [_thread_blocked, id=16024, stack(0x000000e588600000,0x000000e588700000) (1024K)]
  0x000001f01b4b5990 JavaThread "Notification Thread"        daemon [_thread_blocked, id=11080, stack(0x000000e588700000,0x000000e588800000) (1024K)]
  0x000001f01ce82e50 JavaThread "Daemon health stats"               [_thread_blocked, id=19344, stack(0x000000e588900000,0x000000e588a00000) (1024K)]
  0x000001f01ccb4af0 JavaThread "Incoming local TCP Connector on port 60839"        [_thread_in_native, id=12304, stack(0x000000e588800000,0x000000e588900000) (1024K)]
  0x000001f01cd898b0 JavaThread "Daemon periodic checks"            [_thread_blocked, id=18724, stack(0x000000e588f00000,0x000000e589000000) (1024K)]
  0x000001f01d0e75a0 JavaThread "Daemon"                            [_thread_blocked, id=8532, stack(0x000000e589000000,0x000000e589100000) (1024K)]
  0x000001f01d0e3430 JavaThread "Handler for socket connection from /127.0.0.1:60839 to /127.0.0.1:60840"        [_thread_in_native, id=18912, stack(0x000000e589100000,0x000000e589200000) (1024K)]
  0x000001f01d13a710 JavaThread "Cancel handler"                    [_thread_blocked, id=7312, stack(0x000000e589200000,0x000000e589300000) (1024K)]
  0x000001f01ce59880 JavaThread "Daemon worker"                     [_thread_in_native, id=15344, stack(0x000000e589300000,0x000000e589400000) (1024K)]
  0x000001f01d0e1170 JavaThread "Asynchronous log dispatcher for DefaultDaemonConnection: socket connection from /127.0.0.1:60839 to /127.0.0.1:60840"        [_thread_blocked, id=2372, stack(0x000000e589400000,0x000000e589500000) (1024K)]
  0x000001f01d0e1800 JavaThread "Stdin handler"                     [_thread_blocked, id=17920, stack(0x000000e589500000,0x000000e589600000) (1024K)]
  0x000001f01d0df0a0 JavaThread "Daemon client event forwarder"        [_thread_blocked, id=16996, stack(0x000000e589600000,0x000000e589700000) (1024K)]
  0x000001f01d0df730 JavaThread "Cache worker for journal cache (C:\Users\1712\.gradle\caches\journal-1)"        [_thread_blocked, id=15860, stack(0x000000e589b00000,0x000000e589c00000) (1024K)]
  0x000001f01d0e1e90 JavaThread "File lock request listener"        [_thread_in_native, id=15768, stack(0x000000e589c00000,0x000000e589d00000) (1024K)]
  0x000001f01d0dfdc0 JavaThread "Cache worker for file hash cache (C:\Users\1712\.gradle\caches\8.9\fileHashes)"        [_thread_blocked, id=4752, stack(0x000000e589d00000,0x000000e589e00000) (1024K)]
  0x000001f01d0e2520 JavaThread "Cache worker for file hash cache (C:\Users\1712\Documents\Healtyh_App_Android\.gradle\8.9\fileHashes)"        [_thread_blocked, id=13704, stack(0x000000e589f00000,0x000000e58a000000) (1024K)]
  0x000001f01d416fd0 JavaThread "Cache worker for Build Output Cleanup Cache (C:\Users\1712\Documents\Healtyh_App_Android\.gradle\buildOutputCleanup)"        [_thread_blocked, id=18308, stack(0x000000e58a000000,0x000000e58a100000) (1024K)]
  0x000001f01d415c20 JavaThread "File watcher server"        daemon [_thread_in_native, id=9380, stack(0x000000e58a100000,0x000000e58a200000) (1024K)]
  0x000001f01d417cf0 JavaThread "File watcher consumer"      daemon [_thread_blocked, id=18504, stack(0x000000e58a200000,0x000000e58a300000) (1024K)]
  0x000001f01d419730 JavaThread "Cache worker for checksums cache (C:\Users\1712\Documents\Healtyh_App_Android\.gradle\8.9\checksums)"        [_thread_blocked, id=13024, stack(0x000000e58a300000,0x000000e58a400000) (1024K)]
  0x000001f01d4190a0 JavaThread "Cache worker for file content cache (C:\Users\1712\.gradle\caches\8.9\fileContent)"        [_thread_blocked, id=11536, stack(0x000000e58a400000,0x000000e58a500000) (1024K)]
  0x000001f01d418380 JavaThread "Cache worker for cache directory md-rule (C:\Users\1712\.gradle\caches\8.9\md-rule)"        [_thread_blocked, id=1488, stack(0x000000e58a500000,0x000000e58a600000) (1024K)]
  0x000001f01d4162b0 JavaThread "Cache worker for cache directory md-supplier (C:\Users\1712\.gradle\caches\8.9\md-supplier)"        [_thread_blocked, id=18856, stack(0x000000e58a600000,0x000000e58a700000) (1024K)]
  0x000001f01e1e55e0 JavaThread "Unconstrained build operations"        [_thread_blocked, id=15972, stack(0x000000e58a700000,0x000000e58a800000) (1024K)]
  0x000001f01e1e83d0 JavaThread "Unconstrained build operations Thread 2"        [_thread_blocked, id=6428, stack(0x000000e58a800000,0x000000e58a900000) (1024K)]
  0x000001f01e1e5c70 JavaThread "Unconstrained build operations Thread 3"        [_thread_blocked, id=16844, stack(0x000000e58a900000,0x000000e58aa00000) (1024K)]
  0x000001f01e1e6300 JavaThread "Unconstrained build operations Thread 4"        [_thread_blocked, id=7988, stack(0x000000e58aa00000,0x000000e58ab00000) (1024K)]
  0x000001f01e1e7d40 JavaThread "Unconstrained build operations Thread 5"        [_thread_blocked, id=1340, stack(0x000000e58ab00000,0x000000e58ac00000) (1024K)]
  0x000001f01e1e6990 JavaThread "Unconstrained build operations Thread 6"        [_thread_blocked, id=18200, stack(0x000000e58ac00000,0x000000e58ad00000) (1024K)]
  0x000001f01e1e4f50 JavaThread "Unconstrained build operations Thread 7"        [_thread_blocked, id=17808, stack(0x000000e58ad00000,0x000000e58ae00000) (1024K)]
  0x000001f01e1e8a60 JavaThread "Unconstrained build operations Thread 8"        [_thread_blocked, id=6256, stack(0x000000e58ae00000,0x000000e58af00000) (1024K)]
  0x000001f01e1e90f0 JavaThread "Unconstrained build operations Thread 9"        [_thread_blocked, id=3600, stack(0x000000e58af00000,0x000000e58b000000) (1024K)]
  0x000001f01e1ea4a0 JavaThread "Unconstrained build operations Thread 10"        [_thread_blocked, id=4340, stack(0x000000e58b000000,0x000000e58b100000) (1024K)]
  0x000001f01e1e9e10 JavaThread "Unconstrained build operations Thread 11"        [_thread_blocked, id=14128, stack(0x000000e58b100000,0x000000e58b200000) (1024K)]
  0x000001f01e1e9780 JavaThread "Unconstrained build operations Thread 12"        [_thread_blocked, id=6408, stack(0x000000e58b200000,0x000000e58b300000) (1024K)]
  0x000001f01e1e7020 JavaThread "Unconstrained build operations Thread 13"        [_thread_blocked, id=12028, stack(0x000000e58b300000,0x000000e58b400000) (1024K)]
  0x000001f01e1eab30 JavaThread "Unconstrained build operations Thread 14"        [_thread_blocked, id=2364, stack(0x000000e58b400000,0x000000e58b500000) (1024K)]
  0x000001f01e1eb850 JavaThread "Unconstrained build operations Thread 15"        [_thread_blocked, id=8060, stack(0x000000e58b500000,0x000000e58b600000) (1024K)]
  0x000001f01e1ebee0 JavaThread "Unconstrained build operations Thread 16"        [_thread_blocked, id=11960, stack(0x000000e58b600000,0x000000e58b700000) (1024K)]
  0x000001f01e1ec570 JavaThread "Unconstrained build operations Thread 17"        [_thread_blocked, id=13192, stack(0x000000e58b700000,0x000000e58b800000) (1024K)]
  0x000001f01f937840 JavaThread "Unconstrained build operations Thread 18"        [_thread_blocked, id=14420, stack(0x000000e58b800000,0x000000e58b900000) (1024K)]
  0x000001f01f9350e0 JavaThread "Unconstrained build operations Thread 19"        [_thread_blocked, id=19328, stack(0x000000e58b900000,0x000000e58ba00000) (1024K)]
  0x000001f01f935770 JavaThread "Unconstrained build operations Thread 20"        [_thread_blocked, id=14040, stack(0x000000e58ba00000,0x000000e58bb00000) (1024K)]
  0x000001f01f935e00 JavaThread "Unconstrained build operations Thread 21"        [_thread_blocked, id=9024, stack(0x000000e58bb00000,0x000000e58bc00000) (1024K)]
Total: 53

Other Threads:
  0x000001f01b08d360 VMThread "VM Thread"                           [id=5972, stack(0x000000e587d00000,0x000000e587e00000) (1024K)]
  0x000001f016b016c0 WatcherThread "VM Periodic Task Thread"        [id=3656, stack(0x000000e587c00000,0x000000e587d00000) (1024K)]
  0x000001f07f3cba70 WorkerThread "GC Thread#0"                     [id=18632, stack(0x000000e587700000,0x000000e587800000) (1024K)]
  0x000001f01bfd8e90 WorkerThread "GC Thread#1"                     [id=8712, stack(0x000000e588a00000,0x000000e588b00000) (1024K)]
  0x000001f01b842eb0 WorkerThread "GC Thread#2"                     [id=17676, stack(0x000000e588b00000,0x000000e588c00000) (1024K)]
  0x000001f01b843250 WorkerThread "GC Thread#3"                     [id=13440, stack(0x000000e588c00000,0x000000e588d00000) (1024K)]
  0x000001f01c3c76b0 WorkerThread "GC Thread#4"                     [id=13844, stack(0x000000e588d00000,0x000000e588e00000) (1024K)]
  0x000001f01c3c7a50 WorkerThread "GC Thread#5"                     [id=9992, stack(0x000000e588e00000,0x000000e588f00000) (1024K)]
  0x000001f01d154ac0 WorkerThread "GC Thread#6"                     [id=7496, stack(0x000000e589700000,0x000000e589800000) (1024K)]
  0x000001f01d15b070 WorkerThread "GC Thread#7"                     [id=9636, stack(0x000000e589800000,0x000000e589900000) (1024K)]
  0x000001f07f3dca50 ConcurrentGCThread "G1 Main Marker"            [id=19236, stack(0x000000e587800000,0x000000e587900000) (1024K)]
  0x000001f07f3de390 WorkerThread "G1 Conc#0"                       [id=2064, stack(0x000000e587900000,0x000000e587a00000) (1024K)]
  0x000001f01d15b410 WorkerThread "G1 Conc#1"                       [id=18596, stack(0x000000e589900000,0x000000e589a00000) (1024K)]
  0x000001f0169cca10 ConcurrentGCThread "G1 Refine#0"               [id=6676, stack(0x000000e587a00000,0x000000e587b00000) (1024K)]
  0x000001f0169cd230 ConcurrentGCThread "G1 Service"                [id=9012, stack(0x000000e587b00000,0x000000e587c00000) (1024K)]
Total: 15

Threads with active compile tasks:
C2 CompilerThread0    11880 8412   !   4       java.net.URLClassLoader$1::run (81 bytes)
Total: 1

VM state: not at safepoint (normal execution)

VM Mutex/Monitor currently owned by a thread: None

Heap address: 0x0000000080000000, size: 2048 MB, Compressed Oops mode: 32-bit

CDS archive(s) not mapped
Compressed class space mapped at: 0x0000000100000000-0x0000000140000000, reserved size: 1073741824
Narrow klass base: 0x0000000000000000, Narrow klass shift: 3, Narrow klass range: 0x140000000

GC Precious Log:
 CardTable entry size: 512
 Card Set container configuration: InlinePtr #cards 5 size 8 Array Of Cards #cards 12 size 40 Howl #buckets 4 coarsen threshold 1843 Howl Bitmap #cards 512 size 80 coarsen threshold 460 Card regions per heap region 1 cards per card region 2048
 CPUs: 8 total, 8 available
 Memory: 16106M
 Large Page Support: Disabled
 NUMA Support: Disabled
 Compressed Oops: Enabled (32-bit)
 Heap Region Size: 1M
 Heap Min Capacity: 8M
 Heap Initial Capacity: 252M
 Heap Max Capacity: 2G
 Pre-touch: Disabled
 Parallel Workers: 8
 Concurrent Workers: 2
 Concurrent Refinement Workers: 8
 Periodic GC: Disabled

Heap:
 garbage-first heap   total 120832K, used 90766K [0x0000000080000000, 0x0000000100000000)
  region size 1024K, 32 young (32768K), 7 survivors (7168K)
 Metaspace       used 72155K, committed 73792K, reserved 1114112K
  class space    used 9788K, committed 10624K, reserved 1048576K

Heap Regions: E=young(eden), S=young(survivor), O=old, HS=humongous(starts), HC=humongous(continues), CS=collection set, F=free, TAMS=top-at-mark-start, PB=parsable bottom
|   0|0x0000000080000000, 0x0000000080100000, 0x0000000080100000|100%|HS|  |TAMS 0x0000000080000000| PB 0x0000000080000000| Complete 
|   1|0x0000000080100000, 0x0000000080200000, 0x0000000080200000|100%|HC|  |TAMS 0x0000000080100000| PB 0x0000000080100000| Complete 
|   2|0x0000000080200000, 0x0000000080300000, 0x0000000080300000|100%|HC|  |TAMS 0x0000000080200000| PB 0x0000000080200000| Complete 
|   3|0x0000000080300000, 0x0000000080400000, 0x0000000080400000|100%|HC|  |TAMS 0x0000000080300000| PB 0x0000000080300000| Complete 
|   4|0x0000000080400000, 0x0000000080500000, 0x0000000080500000|100%| O|  |TAMS 0x0000000080400000| PB 0x0000000080400000| Untracked 
|   5|0x0000000080500000, 0x0000000080600000, 0x0000000080600000|100%| O|  |TAMS 0x0000000080500000| PB 0x0000000080500000| Untracked 
|   6|0x0000000080600000, 0x0000000080700000, 0x0000000080700000|100%| O|  |TAMS 0x0000000080600000| PB 0x0000000080600000| Untracked 
|   7|0x0000000080700000, 0x0000000080800000, 0x0000000080800000|100%| O|  |TAMS 0x0000000080700000| PB 0x0000000080700000| Untracked 
|   8|0x0000000080800000, 0x0000000080900000, 0x0000000080900000|100%| O|  |TAMS 0x0000000080800000| PB 0x0000000080800000| Untracked 
|   9|0x0000000080900000, 0x0000000080a00000, 0x0000000080a00000|100%| O|  |TAMS 0x0000000080900000| PB 0x0000000080900000| Untracked 
|  10|0x0000000080a00000, 0x0000000080b00000, 0x0000000080b00000|100%| O|  |TAMS 0x0000000080a00000| PB 0x0000000080a00000| Untracked 
|  11|0x0000000080b00000, 0x0000000080c00000, 0x0000000080c00000|100%|HS|  |TAMS 0x0000000080b00000| PB 0x0000000080b00000| Complete 
|  12|0x0000000080c00000, 0x0000000080d00000, 0x0000000080d00000|100%| O|  |TAMS 0x0000000080c00000| PB 0x0000000080c00000| Untracked 
|  13|0x0000000080d00000, 0x0000000080e00000, 0x0000000080e00000|100%| O|  |TAMS 0x0000000080d00000| PB 0x0000000080d00000| Untracked 
|  14|0x0000000080e00000, 0x0000000080f00000, 0x0000000080f00000|100%| O|  |TAMS 0x0000000080e00000| PB 0x0000000080e00000| Untracked 
|  15|0x0000000080f00000, 0x0000000081000000, 0x0000000081000000|100%| O|  |TAMS 0x0000000080f00000| PB 0x0000000080f00000| Untracked 
|  16|0x0000000081000000, 0x0000000081100000, 0x0000000081100000|100%| O|  |TAMS 0x0000000081000000| PB 0x0000000081000000| Untracked 
|  17|0x0000000081100000, 0x0000000081200000, 0x0000000081200000|100%| O|  |TAMS 0x0000000081100000| PB 0x0000000081100000| Untracked 
|  18|0x0000000081200000, 0x0000000081300000, 0x0000000081300000|100%| O|  |TAMS 0x0000000081200000| PB 0x0000000081200000| Untracked 
|  19|0x0000000081300000, 0x0000000081400000, 0x0000000081400000|100%| O|  |TAMS 0x0000000081300000| PB 0x0000000081300000| Untracked 
|  20|0x0000000081400000, 0x0000000081500000, 0x0000000081500000|100%| O|  |TAMS 0x0000000081400000| PB 0x0000000081400000| Untracked 
|  21|0x0000000081500000, 0x0000000081600000, 0x0000000081600000|100%| O|  |TAMS 0x0000000081500000| PB 0x0000000081500000| Untracked 
|  22|0x0000000081600000, 0x0000000081700000, 0x0000000081700000|100%| O|  |TAMS 0x0000000081600000| PB 0x0000000081600000| Untracked 
|  23|0x0000000081700000, 0x0000000081800000, 0x0000000081800000|100%| O|  |TAMS 0x0000000081700000| PB 0x0000000081700000| Untracked 
|  24|0x0000000081800000, 0x0000000081900000, 0x0000000081900000|100%| O|  |TAMS 0x0000000081800000| PB 0x0000000081800000| Untracked 
|  25|0x0000000081900000, 0x0000000081a00000, 0x0000000081a00000|100%| O|  |TAMS 0x0000000081900000| PB 0x0000000081900000| Untracked 
|  26|0x0000000081a00000, 0x0000000081b00000, 0x0000000081b00000|100%| O|  |TAMS 0x0000000081a00000| PB 0x0000000081a00000| Untracked 
|  27|0x0000000081b00000, 0x0000000081c00000, 0x0000000081c00000|100%| O|  |TAMS 0x0000000081b00000| PB 0x0000000081b00000| Untracked 
|  28|0x0000000081c00000, 0x0000000081d00000, 0x0000000081d00000|100%| O|  |TAMS 0x0000000081c00000| PB 0x0000000081c00000| Untracked 
|  29|0x0000000081d00000, 0x0000000081e00000, 0x0000000081e00000|100%| O|  |TAMS 0x0000000081d00000| PB 0x0000000081d00000| Untracked 
|  30|0x0000000081e00000, 0x0000000081f00000, 0x0000000081f00000|100%| O|  |TAMS 0x0000000081e00000| PB 0x0000000081e00000| Untracked 
|  31|0x0000000081f00000, 0x0000000082000000, 0x0000000082000000|100%| O|  |TAMS 0x0000000081f00000| PB 0x0000000081f00000| Untracked 
|  32|0x0000000082000000, 0x0000000082100000, 0x0000000082100000|100%| O|  |TAMS 0x0000000082000000| PB 0x0000000082000000| Untracked 
|  33|0x0000000082100000, 0x0000000082200000, 0x0000000082200000|100%| O|Cm|TAMS 0x0000000082100000| PB 0x0000000082100000| Complete 
|  34|0x0000000082200000, 0x0000000082300000, 0x0000000082300000|100%| O|  |TAMS 0x0000000082200000| PB 0x0000000082200000| Untracked 
|  35|0x0000000082300000, 0x0000000082400000, 0x0000000082400000|100%| O|  |TAMS 0x0000000082300000| PB 0x0000000082300000| Untracked 
|  36|0x0000000082400000, 0x0000000082500000, 0x0000000082500000|100%| O|  |TAMS 0x0000000082400000| PB 0x0000000082400000| Untracked 
|  37|0x0000000082500000, 0x0000000082600000, 0x0000000082600000|100%| O|  |TAMS 0x0000000082500000| PB 0x0000000082500000| Untracked 
|  38|0x0000000082600000, 0x0000000082700000, 0x0000000082700000|100%| O|  |TAMS 0x0000000082600000| PB 0x0000000082600000| Untracked 
|  39|0x0000000082700000, 0x0000000082800000, 0x0000000082800000|100%| O|  |TAMS 0x0000000082700000| PB 0x0000000082700000| Untracked 
|  40|0x0000000082800000, 0x0000000082900000, 0x0000000082900000|100%| O|  |TAMS 0x0000000082800000| PB 0x0000000082800000| Untracked 
|  41|0x0000000082900000, 0x0000000082a00000, 0x0000000082a00000|100%|HS|  |TAMS 0x0000000082900000| PB 0x0000000082900000| Complete 
|  42|0x0000000082a00000, 0x0000000082b00000, 0x0000000082b00000|100%|HS|  |TAMS 0x0000000082a00000| PB 0x0000000082a00000| Complete 
|  43|0x0000000082b00000, 0x0000000082c00000, 0x0000000082c00000|100%|HS|  |TAMS 0x0000000082b00000| PB 0x0000000082b00000| Complete 
|  44|0x0000000082c00000, 0x0000000082d00000, 0x0000000082d00000|100%| O|  |TAMS 0x0000000082c00000| PB 0x0000000082c00000| Untracked 
|  45|0x0000000082d00000, 0x0000000082e00000, 0x0000000082e00000|100%| O|  |TAMS 0x0000000082d00000| PB 0x0000000082d00000| Untracked 
|  46|0x0000000082e00000, 0x0000000082f00000, 0x0000000082f00000|100%| O|  |TAMS 0x0000000082e00000| PB 0x0000000082e00000| Untracked 
|  47|0x0000000082f00000, 0x0000000083000000, 0x0000000083000000|100%| O|  |TAMS 0x0000000082f00000| PB 0x0000000082f00000| Untracked 
|  48|0x0000000083000000, 0x0000000083100000, 0x0000000083100000|100%|HS|  |TAMS 0x0000000083000000| PB 0x0000000083000000| Complete 
|  49|0x0000000083100000, 0x0000000083200000, 0x0000000083200000|100%|HC|  |TAMS 0x0000000083100000| PB 0x0000000083100000| Complete 
|  50|0x0000000083200000, 0x0000000083300000, 0x0000000083300000|100%|HS|  |TAMS 0x0000000083200000| PB 0x0000000083200000| Complete 
|  51|0x0000000083300000, 0x0000000083400000, 0x0000000083400000|100%|HC|  |TAMS 0x0000000083300000| PB 0x0000000083300000| Complete 
|  52|0x0000000083400000, 0x0000000083500000, 0x0000000083500000|100%|HS|  |TAMS 0x0000000083400000| PB 0x0000000083400000| Complete 
|  53|0x0000000083500000, 0x0000000083500000, 0x0000000083600000|  0%| F|  |TAMS 0x0000000083500000| PB 0x0000000083500000| Untracked 
|  54|0x0000000083600000, 0x0000000083700000, 0x0000000083700000|100%|HS|  |TAMS 0x0000000083600000| PB 0x0000000083600000| Complete 
|  55|0x0000000083700000, 0x0000000083800000, 0x0000000083800000|100%|HS|  |TAMS 0x0000000083700000| PB 0x0000000083700000| Complete 
|  56|0x0000000083800000, 0x0000000083900000, 0x0000000083900000|100%| S|CS|TAMS 0x0000000083800000| PB 0x0000000083800000| Complete 
|  57|0x0000000083900000, 0x0000000083900000, 0x0000000083a00000|  0%| F|  |TAMS 0x0000000083900000| PB 0x0000000083900000| Untracked 
|  58|0x0000000083a00000, 0x0000000083a00000, 0x0000000083b00000|  0%| F|  |TAMS 0x0000000083a00000| PB 0x0000000083a00000| Untracked 
|  59|0x0000000083b00000, 0x0000000083b00000, 0x0000000083c00000|  0%| F|  |TAMS 0x0000000083b00000| PB 0x0000000083b00000| Untracked 
|  60|0x0000000083c00000, 0x0000000083c00000, 0x0000000083d00000|  0%| F|  |TAMS 0x0000000083c00000| PB 0x0000000083c00000| Untracked 
|  61|0x0000000083d00000, 0x0000000083d00000, 0x0000000083e00000|  0%| F|  |TAMS 0x0000000083d00000| PB 0x0000000083d00000| Untracked 
|  62|0x0000000083e00000, 0x0000000083e00000, 0x0000000083f00000|  0%| F|  |TAMS 0x0000000083e00000| PB 0x0000000083e00000| Untracked 
|  63|0x0000000083f00000, 0x0000000083f00000, 0x0000000084000000|  0%| F|  |TAMS 0x0000000083f00000| PB 0x0000000083f00000| Untracked 
|  64|0x0000000084000000, 0x0000000084000000, 0x0000000084100000|  0%| F|  |TAMS 0x0000000084000000| PB 0x0000000084000000| Untracked 
|  65|0x0000000084100000, 0x0000000084100000, 0x0000000084200000|  0%| F|  |TAMS 0x0000000084100000| PB 0x0000000084100000| Untracked 
|  66|0x0000000084200000, 0x0000000084200000, 0x0000000084300000|  0%| F|  |TAMS 0x0000000084200000| PB 0x0000000084200000| Untracked 
|  67|0x0000000084300000, 0x0000000084300000, 0x0000000084400000|  0%| F|  |TAMS 0x0000000084300000| PB 0x0000000084300000| Untracked 
|  68|0x0000000084400000, 0x0000000084400000, 0x0000000084500000|  0%| F|  |TAMS 0x0000000084400000| PB 0x0000000084400000| Untracked 
|  69|0x0000000084500000, 0x0000000084500000, 0x0000000084600000|  0%| F|  |TAMS 0x0000000084500000| PB 0x0000000084500000| Untracked 
|  70|0x0000000084600000, 0x0000000084600000, 0x0000000084700000|  0%| F|  |TAMS 0x0000000084600000| PB 0x0000000084600000| Untracked 
|  71|0x0000000084700000, 0x0000000084700000, 0x0000000084800000|  0%| F|  |TAMS 0x0000000084700000| PB 0x0000000084700000| Untracked 
|  72|0x0000000084800000, 0x0000000084800000, 0x0000000084900000|  0%| F|  |TAMS 0x0000000084800000| PB 0x0000000084800000| Untracked 
|  73|0x0000000084900000, 0x0000000084900000, 0x0000000084a00000|  0%| F|  |TAMS 0x0000000084900000| PB 0x0000000084900000| Untracked 
|  74|0x0000000084a00000, 0x0000000084a00000, 0x0000000084b00000|  0%| F|  |TAMS 0x0000000084a00000| PB 0x0000000084a00000| Untracked 
|  75|0x0000000084b00000, 0x0000000084b00000, 0x0000000084c00000|  0%| F|  |TAMS 0x0000000084b00000| PB 0x0000000084b00000| Untracked 
|  76|0x0000000084c00000, 0x0000000084c00000, 0x0000000084d00000|  0%| F|  |TAMS 0x0000000084c00000| PB 0x0000000084c00000| Untracked 
|  77|0x0000000084d00000, 0x0000000084d00000, 0x0000000084e00000|  0%| F|  |TAMS 0x0000000084d00000| PB 0x0000000084d00000| Untracked 
|  78|0x0000000084e00000, 0x0000000084e00000, 0x0000000084f00000|  0%| F|  |TAMS 0x0000000084e00000| PB 0x0000000084e00000| Untracked 
|  79|0x0000000084f00000, 0x0000000084f00000, 0x0000000085000000|  0%| F|  |TAMS 0x0000000084f00000| PB 0x0000000084f00000| Untracked 
|  80|0x0000000085000000, 0x0000000085000000, 0x0000000085100000|  0%| F|  |TAMS 0x0000000085000000| PB 0x0000000085000000| Untracked 
|  81|0x0000000085100000, 0x0000000085100000, 0x0000000085200000|  0%| F|  |TAMS 0x0000000085100000| PB 0x0000000085100000| Untracked 
|  82|0x0000000085200000, 0x0000000085200000, 0x0000000085300000|  0%| F|  |TAMS 0x0000000085200000| PB 0x0000000085200000| Untracked 
|  83|0x0000000085300000, 0x00000000853dd1c0, 0x0000000085400000| 86%| E|  |TAMS 0x0000000085300000| PB 0x0000000085300000| Complete 
|  84|0x0000000085400000, 0x0000000085500000, 0x0000000085500000|100%| E|CS|TAMS 0x0000000085400000| PB 0x0000000085400000| Complete 
|  85|0x0000000085500000, 0x0000000085600000, 0x0000000085600000|100%| E|CS|TAMS 0x0000000085500000| PB 0x0000000085500000| Complete 
|  86|0x0000000085600000, 0x0000000085700000, 0x0000000085700000|100%| E|CS|TAMS 0x0000000085600000| PB 0x0000000085600000| Complete 
|  87|0x0000000085700000, 0x0000000085800000, 0x0000000085800000|100%| E|CS|TAMS 0x0000000085700000| PB 0x0000000085700000| Complete 
|  88|0x0000000085800000, 0x0000000085900000, 0x0000000085900000|100%| E|CS|TAMS 0x0000000085800000| PB 0x0000000085800000| Complete 
|  89|0x0000000085900000, 0x0000000085a00000, 0x0000000085a00000|100%| E|CS|TAMS 0x0000000085900000| PB 0x0000000085900000| Complete 
|  90|0x0000000085a00000, 0x0000000085b00000, 0x0000000085b00000|100%| E|CS|TAMS 0x0000000085a00000| PB 0x0000000085a00000| Complete 
|  91|0x0000000085b00000, 0x0000000085c00000, 0x0000000085c00000|100%| E|CS|TAMS 0x0000000085b00000| PB 0x0000000085b00000| Complete 
|  92|0x0000000085c00000, 0x0000000085d00000, 0x0000000085d00000|100%| E|CS|TAMS 0x0000000085c00000| PB 0x0000000085c00000| Complete 
|  93|0x0000000085d00000, 0x0000000085e00000, 0x0000000085e00000|100%| E|CS|TAMS 0x0000000085d00000| PB 0x0000000085d00000| Complete 
|  94|0x0000000085e00000, 0x0000000085f00000, 0x0000000085f00000|100%| E|CS|TAMS 0x0000000085e00000| PB 0x0000000085e00000| Complete 
|  95|0x0000000085f00000, 0x0000000086000000, 0x0000000086000000|100%| E|CS|TAMS 0x0000000085f00000| PB 0x0000000085f00000| Complete 
|  96|0x0000000086000000, 0x0000000086100000, 0x0000000086100000|100%| E|CS|TAMS 0x0000000086000000| PB 0x0000000086000000| Complete 
|  97|0x0000000086100000, 0x0000000086200000, 0x0000000086200000|100%| S|CS|TAMS 0x0000000086100000| PB 0x0000000086100000| Complete 
|  98|0x0000000086200000, 0x0000000086300000, 0x0000000086300000|100%| S|CS|TAMS 0x0000000086200000| PB 0x0000000086200000| Complete 
|  99|0x0000000086300000, 0x0000000086400000, 0x0000000086400000|100%| S|CS|TAMS 0x0000000086300000| PB 0x0000000086300000| Complete 
| 100|0x0000000086400000, 0x0000000086500000, 0x0000000086500000|100%| S|CS|TAMS 0x0000000086400000| PB 0x0000000086400000| Complete 
| 101|0x0000000086500000, 0x0000000086600000, 0x0000000086600000|100%| S|CS|TAMS 0x0000000086500000| PB 0x0000000086500000| Complete 
| 102|0x0000000086600000, 0x0000000086700000, 0x0000000086700000|100%| S|CS|TAMS 0x0000000086600000| PB 0x0000000086600000| Complete 
| 176|0x000000008b000000, 0x000000008b100000, 0x000000008b100000|100%| E|CS|TAMS 0x000000008b000000| PB 0x000000008b000000| Complete 
| 177|0x000000008b100000, 0x000000008b200000, 0x000000008b200000|100%| E|CS|TAMS 0x000000008b100000| PB 0x000000008b100000| Complete 
| 178|0x000000008b200000, 0x000000008b300000, 0x000000008b300000|100%| E|CS|TAMS 0x000000008b200000| PB 0x000000008b200000| Complete 
| 179|0x000000008b300000, 0x000000008b400000, 0x000000008b400000|100%| E|CS|TAMS 0x000000008b300000| PB 0x000000008b300000| Complete 
| 180|0x000000008b400000, 0x000000008b500000, 0x000000008b500000|100%| E|CS|TAMS 0x000000008b400000| PB 0x000000008b400000| Complete 
| 181|0x000000008b500000, 0x000000008b600000, 0x000000008b600000|100%| E|CS|TAMS 0x000000008b500000| PB 0x000000008b500000| Complete 
| 182|0x000000008b600000, 0x000000008b700000, 0x000000008b700000|100%| E|  |TAMS 0x000000008b600000| PB 0x000000008b600000| Complete 
| 183|0x000000008b700000, 0x000000008b800000, 0x000000008b800000|100%| E|CS|TAMS 0x000000008b700000| PB 0x000000008b700000| Complete 
| 184|0x000000008b800000, 0x000000008b900000, 0x000000008b900000|100%| E|CS|TAMS 0x000000008b800000| PB 0x000000008b800000| Complete 
| 185|0x000000008b900000, 0x000000008ba00000, 0x000000008ba00000|100%| E|CS|TAMS 0x000000008b900000| PB 0x000000008b900000| Complete 
| 251|0x000000008fb00000, 0x000000008fc00000, 0x000000008fc00000|100%| E|CS|TAMS 0x000000008fb00000| PB 0x000000008fb00000| Complete 
|2044|0x00000000ffc00000, 0x00000000ffca39d8, 0x00000000ffd00000| 63%| O|  |TAMS 0x00000000ffc00000| PB 0x00000000ffc00000| Untracked 
|2045|0x00000000ffd00000, 0x00000000ffe00000, 0x00000000ffe00000|100%| O|  |TAMS 0x00000000ffd00000| PB 0x00000000ffd00000| Untracked 
|2046|0x00000000ffe00000, 0x00000000fff00000, 0x00000000fff00000|100%| O|  |TAMS 0x00000000ffe00000| PB 0x00000000ffe00000| Untracked 
|2047|0x00000000fff00000, 0x0000000100000000, 0x0000000100000000|100%| O|  |TAMS 0x00000000fff00000| PB 0x00000000fff00000| Untracked 

Card table byte_map: [0x000001f07fb60000,0x000001f07ff60000] _byte_map_base: 0x000001f07f760000

Marking Bits: (CMBitMap*) 0x000001f07f3cc170
 Bits: [0x000001f012080000, 0x000001f014080000)

Polling page: 0x000001f07c9d0000

Metaspace:

Usage:
  Non-class:     60.96 MB used.
      Class:      9.57 MB used.
       Both:     70.53 MB used.

Virtual space:
  Non-class space:       64.00 MB reserved,      61.75 MB ( 96%) committed,  1 nodes.
      Class space:        1.00 GB reserved,      10.38 MB (  1%) committed,  1 nodes.
             Both:        1.06 GB reserved,      72.12 MB (  7%) committed. 

Chunk freelists:
   Non-Class:  1.56 MB
       Class:  5.51 MB
        Both:  7.07 MB

MaxMetaspaceSize: unlimited
CompressedClassSpaceSize: 1.00 GB
Initial GC threshold: 21.00 MB
Current GC threshold: 109.94 MB
CDS: off
 - commit_granule_bytes: 65536.
 - commit_granule_words: 8192.
 - virtual_space_node_default_size: 8388608.
 - enlarge_chunks_in_place: 1.
 - use_allocation_guard: 0.


Internal statistics:

num_allocs_failed_limit: 12.
num_arena_births: 3130.
num_arena_deaths: 0.
num_vsnodes_births: 2.
num_vsnodes_deaths: 0.
num_space_committed: 1154.
num_space_uncommitted: 0.
num_chunks_returned_to_freelist: 12.
num_chunks_taken_from_freelist: 6010.
num_chunk_merges: 12.
num_chunk_splits: 3949.
num_chunks_enlarged: 2520.
num_inconsistent_stats: 0.

CodeHeap 'non-profiled nmethods': size=120000Kb used=4126Kb max_used=4257Kb free=115873Kb
 bounds [0x000001f00ab50000, 0x000001f00af80000, 0x000001f012080000]
CodeHeap 'profiled nmethods': size=120000Kb used=13020Kb max_used=13089Kb free=106979Kb
 bounds [0x000001f003080000, 0x000001f003d80000, 0x000001f00a5b0000]
CodeHeap 'non-nmethods': size=5760Kb used=2205Kb max_used=2249Kb free=3554Kb
 bounds [0x000001f00a5b0000, 0x000001f00a820000, 0x000001f00ab50000]
 total_blobs=8009 nmethods=7246 adapters=665
 compilation: enabled
              stopped_count=0, restarted_count=0
 full_count=0

Compilation events (20 events):
Event: 11.525 Thread 0x000001f01b114130 8403       3       org.gradle.internal.instantiation.generator.AsmBackedClassGenerator$ClassBuilderImpl::access$2700 (4 bytes)
Event: 11.525 Thread 0x000001f01b114130 nmethod 8403 0x000001f003464c90 code [0x000001f003464e20, 0x000001f003464f18]
Event: 11.526 Thread 0x000001f01b10f8c0 nmethod 8404 0x000001f00ae00e10 code [0x000001f00ae00fa0, 0x000001f00ae01168]
Event: 11.526 Thread 0x000001f01b10f8c0 8405       4       org.gradle.internal.reflect.MethodSet::add (50 bytes)
Event: 11.545 Thread 0x000001f01b114130 8406       3       com.google.common.collect.ImmutableList::contains (14 bytes)
Event: 11.545 Thread 0x000001f01b114130 nmethod 8406 0x000001f0037d8310 code [0x000001f0037d84c0, 0x000001f0037d86d8]
Event: 11.545 Thread 0x000001f01b114130 8407       3       com.google.common.collect.ImmutableList::indexOf (14 bytes)
Event: 11.545 Thread 0x000001f01b114130 nmethod 8407 0x000001f003610110 code [0x000001f0036102c0, 0x000001f003610450]
Event: 11.547 Thread 0x000001f01b114130 8408       3       org.gradle.internal.instantiation.generator.AsmBackedClassGenerator$ClassBuilderImpl::access$7500 (4 bytes)
Event: 11.547 Thread 0x000001f01b114130 nmethod 8408 0x000001f0034c9a90 code [0x000001f0034c9c20, 0x000001f0034c9d18]
Event: 11.548 Thread 0x000001f01b114130 8409  s    3       org.gradle.internal.classloader.VisitableURLClassLoader::getUserData (48 bytes)
Event: 11.548 Thread 0x000001f01b114130 nmethod 8409 0x000001f0038b8090 code [0x000001f0038b82a0, 0x000001f0038b88a8]
Event: 11.558 Thread 0x000001f01b10f8c0 nmethod 8405 0x000001f00adfdf10 code [0x000001f00adfe240, 0x000001f00ae00058]
Event: 11.558 Thread 0x000001f01b10f8c0 8410       4       org.objectweb.asm.MethodVisitor::visitMethodInsn (80 bytes)
Event: 11.558 Thread 0x000001f01b10f8c0 nmethod 8410 0x000001f00adfdb10 code [0x000001f00adfdcc0, 0x000001f00adfde08]
Event: 11.573 Thread 0x000001f01b114130 8411       3       org.gradle.internal.instantiation.generator.AbstractClassGenerator::inspectType (560 bytes)
Event: 11.575 Thread 0x000001f01b114130 nmethod 8411 0x000001f003d5f590 code [0x000001f003d5fda0, 0x000001f003d649c0]
Event: 11.577 Thread 0x000001f01b10f8c0 8412   !   4       java.net.URLClassLoader$1::run (81 bytes)
Event: 11.680 Thread 0x000001f01b114130 8414       3       java.util.Collections$SingletonSet::contains (9 bytes)
Event: 11.681 Thread 0x000001f01b114130 nmethod 8414 0x000001f0036aca90 code [0x000001f0036acc40, 0x000001f0036acf18]

GC Heap History (20 events):
Event: 6.793 GC heap before
{Heap before GC invocations=10 (full 0):
 garbage-first heap   total 92160K, used 79072K [0x0000000080000000, 0x0000000100000000)
  region size 1024K, 47 young (48128K), 3 survivors (3072K)
 Metaspace       used 52456K, committed 53888K, reserved 1114112K
  class space    used 7140K, committed 7808K, reserved 1048576K
}
Event: 6.798 GC heap after
{Heap after GC invocations=11 (full 0):
 garbage-first heap   total 92160K, used 36137K [0x0000000080000000, 0x0000000100000000)
  region size 1024K, 6 young (6144K), 6 survivors (6144K)
 Metaspace       used 52456K, committed 53888K, reserved 1114112K
  class space    used 7140K, committed 7808K, reserved 1048576K
}
Event: 7.620 GC heap before
{Heap before GC invocations=11 (full 0):
 garbage-first heap   total 92160K, used 79145K [0x0000000080000000, 0x0000000100000000)
  region size 1024K, 48 young (49152K), 6 survivors (6144K)
 Metaspace       used 58841K, committed 60288K, reserved 1114112K
  class space    used 8053K, committed 8768K, reserved 1048576K
}
Event: 7.624 GC heap after
{Heap after GC invocations=12 (full 0):
 garbage-first heap   total 92160K, used 37896K [0x0000000080000000, 0x0000000100000000)
  region size 1024K, 3 young (3072K), 3 survivors (3072K)
 Metaspace       used 58841K, committed 60288K, reserved 1114112K
  class space    used 8053K, committed 8768K, reserved 1048576K
}
Event: 7.780 GC heap before
{Heap before GC invocations=12 (full 0):
 garbage-first heap   total 92160K, used 45064K [0x0000000080000000, 0x0000000100000000)
  region size 1024K, 11 young (11264K), 3 survivors (3072K)
 Metaspace       used 59666K, committed 61056K, reserved 1114112K
  class space    used 8166K, committed 8832K, reserved 1048576K
}
Event: 7.784 GC heap after
{Heap after GC invocations=13 (full 0):
 garbage-first heap   total 92160K, used 38590K [0x0000000080000000, 0x0000000100000000)
  region size 1024K, 3 young (3072K), 3 survivors (3072K)
 Metaspace       used 59666K, committed 61056K, reserved 1114112K
  class space    used 8166K, committed 8832K, reserved 1048576K
}
Event: 9.104 GC heap before
{Heap before GC invocations=14 (full 0):
 garbage-first heap   total 92160K, used 82622K [0x0000000080000000, 0x0000000100000000)
  region size 1024K, 46 young (47104K), 3 survivors (3072K)
 Metaspace       used 64313K, committed 65856K, reserved 1114112K
  class space    used 8883K, committed 9664K, reserved 1048576K
}
Event: 9.109 GC heap after
{Heap after GC invocations=15 (full 0):
 garbage-first heap   total 92160K, used 42588K [0x0000000080000000, 0x0000000100000000)
  region size 1024K, 6 young (6144K), 6 survivors (6144K)
 Metaspace       used 64313K, committed 65856K, reserved 1114112K
  class space    used 8883K, committed 9664K, reserved 1048576K
}
Event: 9.537 GC heap before
{Heap before GC invocations=15 (full 0):
 garbage-first heap   total 92160K, used 79452K [0x0000000080000000, 0x0000000100000000)
  region size 1024K, 43 young (44032K), 6 survivors (6144K)
 Metaspace       used 65087K, committed 66624K, reserved 1114112K
  class space    used 8974K, committed 9728K, reserved 1048576K
}
Event: 9.545 GC heap after
{Heap after GC invocations=16 (full 0):
 garbage-first heap   total 92160K, used 46133K [0x0000000080000000, 0x0000000100000000)
  region size 1024K, 5 young (5120K), 5 survivors (5120K)
 Metaspace       used 65087K, committed 66624K, reserved 1114112K
  class space    used 8974K, committed 9728K, reserved 1048576K
}
Event: 9.894 GC heap before
{Heap before GC invocations=16 (full 0):
 garbage-first heap   total 92160K, used 79925K [0x0000000080000000, 0x0000000100000000)
  region size 1024K, 39 young (39936K), 5 survivors (5120K)
 Metaspace       used 65476K, committed 67072K, reserved 1114112K
  class space    used 9003K, committed 9792K, reserved 1048576K
}
Event: 9.899 GC heap after
{Heap after GC invocations=17 (full 0):
 garbage-first heap   total 110592K, used 47322K [0x0000000080000000, 0x0000000100000000)
  region size 1024K, 4 young (4096K), 4 survivors (4096K)
 Metaspace       used 65476K, committed 67072K, reserved 1114112K
  class space    used 9003K, committed 9792K, reserved 1048576K
}
Event: 10.254 GC heap before
{Heap before GC invocations=18 (full 0):
 garbage-first heap   total 110592K, used 95450K [0x0000000080000000, 0x0000000100000000)
  region size 1024K, 52 young (53248K), 4 survivors (4096K)
 Metaspace       used 65643K, committed 67200K, reserved 1114112K
  class space    used 9004K, committed 9792K, reserved 1048576K
}
Event: 10.257 GC heap after
{Heap after GC invocations=19 (full 0):
 garbage-first heap   total 110592K, used 48244K [0x0000000080000000, 0x0000000100000000)
  region size 1024K, 4 young (4096K), 4 survivors (4096K)
 Metaspace       used 65643K, committed 67200K, reserved 1114112K
  class space    used 9004K, committed 9792K, reserved 1048576K
}
Event: 10.486 GC heap before
{Heap before GC invocations=19 (full 0):
 garbage-first heap   total 110592K, used 97396K [0x0000000080000000, 0x0000000100000000)
  region size 1024K, 53 young (54272K), 4 survivors (4096K)
 Metaspace       used 65658K, committed 67264K, reserved 1114112K
  class space    used 9004K, committed 9792K, reserved 1048576K
}
Event: 10.491 GC heap after
{Heap after GC invocations=20 (full 0):
 garbage-first heap   total 110592K, used 48627K [0x0000000080000000, 0x0000000100000000)
  region size 1024K, 5 young (5120K), 5 survivors (5120K)
 Metaspace       used 65658K, committed 67264K, reserved 1114112K
  class space    used 9004K, committed 9792K, reserved 1048576K
}
Event: 10.610 GC heap before
{Heap before GC invocations=20 (full 0):
 garbage-first heap   total 110592K, used 63987K [0x0000000080000000, 0x0000000100000000)
  region size 1024K, 21 young (21504K), 5 survivors (5120K)
 Metaspace       used 65889K, committed 67520K, reserved 1114112K
  class space    used 9039K, committed 9856K, reserved 1048576K
}
Event: 10.614 GC heap after
{Heap after GC invocations=21 (full 0):
 garbage-first heap   total 110592K, used 49421K [0x0000000080000000, 0x0000000100000000)
  region size 1024K, 4 young (4096K), 4 survivors (4096K)
 Metaspace       used 65889K, committed 67520K, reserved 1114112K
  class space    used 9039K, committed 9856K, reserved 1048576K
}
Event: 11.414 GC heap before
{Heap before GC invocations=22 (full 0):
 garbage-first heap   total 110592K, used 107789K [0x0000000080000000, 0x0000000100000000)
  region size 1024K, 51 young (52224K), 4 survivors (4096K)
 Metaspace       used 69276K, committed 70912K, reserved 1114112K
  class space    used 9502K, committed 10304K, reserved 1048576K
}
Event: 11.419 GC heap after
{Heap after GC invocations=23 (full 0):
 garbage-first heap   total 120832K, used 67214K [0x0000000080000000, 0x0000000100000000)
  region size 1024K, 7 young (7168K), 7 survivors (7168K)
 Metaspace       used 69276K, committed 70912K, reserved 1114112K
  class space    used 9502K, committed 10304K, reserved 1048576K
}

Dll operation events (3 events):
Event: 0.024 Loaded shared library C:\Program Files\Android\Android Studio1\jbr\bin\java.dll
Event: 0.031 Loaded shared library C:\Program Files\Android\Android Studio1\jbr\bin\zip.dll
Event: 0.639 Loaded shared library C:\Program Files\Android\Android Studio1\jbr\bin\verify.dll

Deoptimization events (20 events):
Event: 11.241 Thread 0x000001f01ce59880 Uncommon trap: trap_request=0xffffffc6 fr.pc=0x000001f00acd7c58 relative=0x00000000000003d8
Event: 11.241 Thread 0x000001f01ce59880 Uncommon trap: reason=bimorphic_or_optimized_type_check action=maybe_recompile pc=0x000001f00acd7c58 method=com.google.common.cache.LocalCache$Segment.getEntry(Ljava/lang/Object;I)Lcom/google/common/cache/ReferenceEntry; @ 24 c2
Event: 11.241 Thread 0x000001f01ce59880 DEOPT PACKING pc=0x000001f00acd7c58 sp=0x000000e5893f6db0
Event: 11.241 Thread 0x000001f01ce59880 DEOPT UNPACKING pc=0x000001f00a607da2 sp=0x000000e5893f6d48 mode 2
Event: 11.243 Thread 0x000001f01ce59880 Uncommon trap: trap_request=0xffffffc6 fr.pc=0x000001f00acd7c58 relative=0x00000000000003d8
Event: 11.243 Thread 0x000001f01ce59880 Uncommon trap: reason=bimorphic_or_optimized_type_check action=maybe_recompile pc=0x000001f00acd7c58 method=com.google.common.cache.LocalCache$Segment.getEntry(Ljava/lang/Object;I)Lcom/google/common/cache/ReferenceEntry; @ 24 c2
Event: 11.243 Thread 0x000001f01ce59880 DEOPT PACKING pc=0x000001f00acd7c58 sp=0x000000e5893f6db0
Event: 11.243 Thread 0x000001f01ce59880 DEOPT UNPACKING pc=0x000001f00a607da2 sp=0x000000e5893f6d48 mode 2
Event: 11.359 Thread 0x000001f01ce59880 Uncommon trap: trap_request=0xffffff45 fr.pc=0x000001f00ac89f04 relative=0x0000000000001d24
Event: 11.359 Thread 0x000001f01ce59880 Uncommon trap: reason=unstable_if action=reinterpret pc=0x000001f00ac89f04 method=java.util.zip.InflaterInputStream.read([BII)I @ 94 c2
Event: 11.359 Thread 0x000001f01ce59880 DEOPT PACKING pc=0x000001f00ac89f04 sp=0x000000e5893f5070
Event: 11.359 Thread 0x000001f01ce59880 DEOPT UNPACKING pc=0x000001f00a607da2 sp=0x000000e5893f50d0 mode 2
Event: 11.524 Thread 0x000001f01ce59880 Uncommon trap: trap_request=0xfffffff4 fr.pc=0x000001f00ae01494 relative=0x0000000000000074
Event: 11.524 Thread 0x000001f01ce59880 Uncommon trap: reason=null_check action=make_not_entrant pc=0x000001f00ae01494 method=java.lang.Class.isAnnotation()Z @ 1 c2
Event: 11.524 Thread 0x000001f01ce59880 DEOPT PACKING pc=0x000001f00ae01494 sp=0x000000e5893f6ee0
Event: 11.524 Thread 0x000001f01ce59880 DEOPT UNPACKING pc=0x000001f00a607da2 sp=0x000000e5893f6e70 mode 2
Event: 11.529 Thread 0x000001f01ce59880 Uncommon trap: trap_request=0xffffffde fr.pc=0x000001f00ae88a90 relative=0x0000000000006690
Event: 11.529 Thread 0x000001f01ce59880 Uncommon trap: reason=class_check action=maybe_recompile pc=0x000001f00ae88a90 method=java.util.jar.JarFile.getManifestFromReference()Ljava/util/jar/Manifest; @ 152 c2
Event: 11.529 Thread 0x000001f01ce59880 DEOPT PACKING pc=0x000001f00ae88a90 sp=0x000000e5893f6800
Event: 11.530 Thread 0x000001f01ce59880 DEOPT UNPACKING pc=0x000001f00a607da2 sp=0x000000e5893f6658 mode 2

Classes loaded (20 events):
Event: 11.441 Loading class java/util/concurrent/atomic/AtomicLongArray done
Event: 11.663 Loading class java/util/stream/ReduceOps$2
Event: 11.663 Loading class java/util/stream/ReduceOps$2 done
Event: 11.663 Loading class java/util/stream/ReduceOps$2ReducingSink
Event: 11.663 Loading class java/util/stream/ReduceOps$2ReducingSink done
Event: 11.663 Loading class java/lang/management/ClassLoadingMXBean
Event: 11.663 Loading class java/lang/management/ClassLoadingMXBean done
Event: 11.663 Loading class sun/management/ClassLoadingImpl
Event: 11.663 Loading class sun/management/ClassLoadingImpl done
Event: 11.680 Loading class java/lang/management/ThreadMXBean
Event: 11.680 Loading class java/lang/management/ThreadMXBean done
Event: 11.680 Loading class com/sun/management/internal/HotSpotThreadImpl
Event: 11.680 Loading class com/sun/management/ThreadMXBean
Event: 11.680 Loading class com/sun/management/ThreadMXBean done
Event: 11.680 Loading class sun/management/ThreadImpl
Event: 11.681 Loading class sun/management/ThreadImpl done
Event: 11.681 Loading class com/sun/management/internal/HotSpotThreadImpl done
Event: 11.685 Loading class java/time/format/DateTimeFormatterBuilder
Event: 11.686 Loading class java/time/format/DateTimeFormatterBuilder done
Event: 11.687 Loading class java/time/temporal/IsoFields

Classes unloaded (0 events):
No events

Classes redefined (0 events):
No events

Internal exceptions (20 events):
Event: 10.544 Thread 0x000001f01ce59880 Exception <a 'java/lang/NoSuchMethodError'{0x000000008b01c6b8}: 'void java.lang.invoke.DirectMethodHandle$Holder.invokeInterface(java.lang.Object, java.lang.Object, java.lang.Object, java.lang.Object)'> (0x000000008b01c6b8) 
thrown [s\src\hotspot\share\interpreter\linkResolver.cpp, line 784]
Event: 10.546 Thread 0x000001f01ce59880 Exception <a 'java/lang/NoSuchMethodError'{0x000000008b035ac0}: 'long java.lang.invoke.DirectMethodHandle$Holder.invokeVirtual(java.lang.Object, java.lang.Object)'> (0x000000008b035ac0) 
thrown [s\src\hotspot\share\interpreter\linkResolver.cpp, line 784]
Event: 10.550 Thread 0x000001f01d0df0a0 Exception <a 'java/lang/NoSuchMethodError'{0x000000008b074558}: static Lorg/gradle/internal/build/event/types/DefaultOperationFinishedProgressEvent;.<clinit>()V> (0x000000008b074558) 
thrown [s\src\hotspot\share\prims\jni.cpp, line 1126]
Event: 10.553 Thread 0x000001f01d0df0a0 Exception <a 'java/lang/NoSuchMethodError'{0x000000008b09fb70}: static Lorg/gradle/internal/build/event/types/DefaultProjectConfigurationSuccessResult;.<clinit>()V> (0x000000008b09fb70) 
thrown [s\src\hotspot\share\prims\jni.cpp, line 1126]
Event: 10.553 Thread 0x000001f01d0df0a0 Exception <a 'java/lang/NoSuchMethodError'{0x000000008b0a10d0}: static Lorg/gradle/internal/build/event/types/AbstractProjectConfigurationResult;.<clinit>()V> (0x000000008b0a10d0) 
thrown [s\src\hotspot\share\prims\jni.cpp, line 1126]
Event: 10.553 Thread 0x000001f01d0df0a0 Exception <a 'java/lang/NoSuchMethodError'{0x000000008b0a28d0}: static Lorg/gradle/internal/build/event/types/AbstractOperationResult;.<clinit>()V> (0x000000008b0a28d0) 
thrown [s\src\hotspot\share\prims\jni.cpp, line 1126]
Event: 10.553 Thread 0x000001f01d0df0a0 Exception <a 'java/lang/NoSuchMethodError'{0x000000008b0a3d20}: static Lorg/gradle/internal/build/event/types/AbstractResult;.<clinit>()V> (0x000000008b0a3d20) 
thrown [s\src\hotspot\share\prims\jni.cpp, line 1126]
Event: 10.556 Thread 0x000001f01d0df0a0 Exception <a 'java/lang/NoSuchMethodError'{0x000000008b0f2540}: static Lorg/gradle/internal/build/event/types/DefaultPluginApplicationResult;.<clinit>()V> (0x000000008b0f2540) 
thrown [s\src\hotspot\share\prims\jni.cpp, line 1126]
Event: 10.557 Thread 0x000001f01d0df0a0 Exception <a 'java/lang/NoSuchMethodError'{0x000000008b0ff0e8}: static Lorg/gradle/internal/build/event/types/DefaultBinaryPluginIdentifier;.<clinit>()V> (0x000000008b0ff0e8) 
thrown [s\src\hotspot\share\prims\jni.cpp, line 1126]
Event: 10.560 Thread 0x000001f01d0df0a0 Exception <a 'java/lang/NoSuchMethodError'{0x000000008604e0a0}: static Lorg/gradle/internal/build/event/types/DefaultScriptPluginIdentifier;.<clinit>()V> (0x000000008604e0a0) 
thrown [s\src\hotspot\share\prims\jni.cpp, line 1126]
Event: 10.607 Thread 0x000001f01ce59880 Implicit null exception at 0x000001f00aea85dd to 0x000001f00aea8aac
Event: 10.607 Thread 0x000001f01ce59880 Implicit null exception at 0x000001f00aea98df to 0x000001f00aea9d9c
Event: 10.728 Thread 0x000001f01ce59880 Exception <a 'java/lang/NoSuchMethodError'{0x000000008b8da438}: 'void java.lang.invoke.Invokers$Holder.invoke_MT(java.lang.Object, java.lang.Object, java.lang.Object, java.lang.Object)'> (0x000000008b8da438) 
thrown [s\src\hotspot\share\interpreter\linkResolver.cpp, line 784]
Event: 10.736 Thread 0x000001f01ce59880 Exception <a 'java/lang/NoSuchMethodError'{0x000000008b755940}: 'java.lang.Object java.lang.invoke.DirectMethodHandle$Holder.invokeSpecial(java.lang.Object, java.lang.Object, java.lang.Object, int, java.lang.Object, java.lang.Object)'> (0x000000008b755940) 
thrown [s\src\hotspot\share\interpreter\linkResolver.cpp, line 784]
Event: 10.944 Thread 0x000001f01ce59880 Exception <a 'java/lang/ClassNotFoundException'{0x00000000860e5dd0}: sun/misc/SharedSecrets> (0x00000000860e5dd0) 
thrown [s\src\hotspot\share\classfile\systemDictionary.cpp, line 312]
Event: 10.944 Thread 0x000001f01ce59880 Exception <a 'java/lang/ClassNotFoundException'{0x00000000860e73e8}: org/gradle/api/internal/plugins/DefaultObjectConfigurationActionBeanInfo> (0x00000000860e73e8) 
thrown [s\src\hotspot\share\classfile\systemDictionary.cpp, line 312]
Event: 10.945 Thread 0x000001f01ce59880 Exception <a 'java/lang/ClassNotFoundException'{0x00000000860fad98}: org/gradle/api/internal/plugins/DefaultObjectConfigurationActionCustomizer> (0x00000000860fad98) 
thrown [s\src\hotspot\share\classfile\systemDictionary.cpp, line 312]
Event: 10.946 Thread 0x000001f01ce59880 Implicit null exception at 0x000001f00ac8f565 to 0x000001f00ac8f7f0
Event: 10.947 Thread 0x000001f01ce59880 Exception <a 'java/lang/NoSuchMethodError'{0x0000000085f08770}: 'int java.lang.invoke.DirectMethodHandle$Holder.invokeSpecial(java.lang.Object, java.lang.Object, java.lang.Object, int)'> (0x0000000085f08770) 
thrown [s\src\hotspot\share\interpreter\linkResolver.cpp, line 784]
Event: 10.948 Thread 0x000001f01ce59880 Exception <a 'java/lang/NoSuchMethodError'{0x0000000085f19598}: 'java.lang.Object java.lang.invoke.DirectMethodHandle$Holder.invokeStatic(java.lang.Object, java.lang.Object, java.lang.Object, java.lang.Object, int)'> (0x0000000085f19598) 
thrown [s\src\hotspot\share\interpreter\linkResolver.cpp, line 784]

ZGC Phase Switch (0 events):
No events

VM Operations (20 events):
Event: 9.951 Executing VM operation: G1PauseRemark
Event: 9.956 Executing VM operation: G1PauseRemark done
Event: 9.973 Executing VM operation: G1PauseCleanup
Event: 9.973 Executing VM operation: G1PauseCleanup done
Event: 10.226 Executing VM operation: ICBufferFull
Event: 10.227 Executing VM operation: ICBufferFull done
Event: 10.253 Executing VM operation: G1CollectForAllocation (G1 Evacuation Pause)
Event: 10.258 Executing VM operation: G1CollectForAllocation (G1 Evacuation Pause) done
Event: 10.486 Executing VM operation: G1CollectForAllocation (G1 Evacuation Pause)
Event: 10.492 Executing VM operation: G1CollectForAllocation (G1 Evacuation Pause) done
Event: 10.610 Executing VM operation: G1TryInitiateConcMark (G1 Humongous Allocation)
Event: 10.614 Executing VM operation: G1TryInitiateConcMark (G1 Humongous Allocation) done
Event: 10.660 Executing VM operation: G1PauseRemark
Event: 10.664 Executing VM operation: G1PauseRemark done
Event: 10.680 Executing VM operation: G1PauseCleanup
Event: 10.680 Executing VM operation: G1PauseCleanup done
Event: 10.772 Executing VM operation: HandshakeAllThreads (Deoptimize)
Event: 10.772 Executing VM operation: HandshakeAllThreads (Deoptimize) done
Event: 11.414 Executing VM operation: G1CollectForAllocation (G1 Evacuation Pause)
Event: 11.419 Executing VM operation: G1CollectForAllocation (G1 Evacuation Pause) done

Events (20 events):
Event: 10.664 Thread 0x000001f01b08d360 flushing nmethod 0x000001f00ad68b10
Event: 10.664 Thread 0x000001f01b08d360 flushing nmethod 0x000001f00ad8f290
Event: 10.664 Thread 0x000001f01b08d360 flushing nmethod 0x000001f00ad83a10
Event: 10.664 Thread 0x000001f01b08d360 flushing nmethod 0x000001f00ad4f790
Event: 10.664 Thread 0x000001f01b08d360 flushing nmethod 0x000001f00ad4e790
Event: 10.664 Thread 0x000001f01b08d360 flushing nmethod 0x000001f00aca3e10
Event: 10.664 Thread 0x000001f01b08d360 flushing nmethod 0x000001f00ad35110
Event: 10.664 Thread 0x000001f01b08d360 flushing nmethod 0x000001f00ad37790
Event: 10.664 Thread 0x000001f01b08d360 flushing nmethod 0x000001f00ad27210
Event: 10.664 Thread 0x000001f01b08d360 flushing nmethod 0x000001f00ad1b610
Event: 10.664 Thread 0x000001f01b08d360 flushing nmethod 0x000001f00acefa90
Event: 10.664 Thread 0x000001f01b08d360 flushing nmethod 0x000001f00ad17390
Event: 10.664 Thread 0x000001f01b08d360 flushing nmethod 0x000001f00ac84510
Event: 10.664 Thread 0x000001f01b08d360 flushing nmethod 0x000001f00ac73a10
Event: 10.664 Thread 0x000001f01b08d360 flushing nmethod 0x000001f00ac3e010
Event: 10.664 Thread 0x000001f01b08d360 flushing nmethod 0x000001f00ab99490
Event: 10.664 Thread 0x000001f01b08d360 flushing nmethod 0x000001f00abb5190
Event: 10.664 Thread 0x000001f01b08d360 flushing nmethod 0x000001f00ab81510
Event: 11.450 Thread 0x000001f01cb01260 Thread exited: 0x000001f01cb01260
Event: 11.459 Thread 0x000001f0219ad7d0 Thread exited: 0x000001f0219ad7d0


Dynamic libraries:
0x00007ff698cb0000 - 0x00007ff698cba000 	C:\Program Files\Android\Android Studio1\jbr\bin\java.exe
0x00007ffccbe00000 - 0x00007ffccc069000 	C:\WINDOWS\SYSTEM32\ntdll.dll
0x00007ffcca5b0000 - 0x00007ffcca679000 	C:\WINDOWS\System32\KERNEL32.DLL
0x00007ffcc9420000 - 0x00007ffcc9813000 	C:\WINDOWS\System32\KERNELBASE.dll
0x00007ffc92b90000 - 0x00007ffc92c6b000 	C:\Program Files\Bitdefender\Endpoint Security\bdhkm\dlls_268013442277585616\bdhkm64.dll
0x00007ffc929b0000 - 0x00007ffc92b89000 	C:\Program Files\Bitdefender\Endpoint Security\atcuf\dlls_268013442245682785\atcuf64.dll
0x00007ffcca210000 - 0x00007ffcca2c4000 	C:\WINDOWS\System32\ADVAPI32.DLL
0x00007ffcc9c50000 - 0x00007ffcc9cf9000 	C:\WINDOWS\System32\msvcrt.dll
0x00007ffcca9b0000 - 0x00007ffccaa56000 	C:\WINDOWS\System32\sechost.dll
0x00007ffccac30000 - 0x00007ffccad48000 	C:\WINDOWS\System32\RPCRT4.dll
0x00007ffcc9240000 - 0x00007ffcc938b000 	C:\WINDOWS\System32\ucrtbase.dll
0x00007ffcbcef0000 - 0x00007ffcbcf08000 	C:\Program Files\Android\Android Studio1\jbr\bin\jli.dll
0x00007ffccaa60000 - 0x00007ffccac24000 	C:\WINDOWS\System32\USER32.dll
0x00007ffcc9ba0000 - 0x00007ffcc9bc7000 	C:\WINDOWS\System32\win32u.dll
0x00007ffcca680000 - 0x00007ffcca6ab000 	C:\WINDOWS\System32\GDI32.dll
0x00007ffcc8f90000 - 0x00007ffcc90bd000 	C:\WINDOWS\System32\gdi32full.dll
0x00007ffcc9820000 - 0x00007ffcc98c3000 	C:\WINDOWS\System32\msvcp_win.dll
0x00007ffcbf7b0000 - 0x00007ffcbf7cb000 	C:\Program Files\Android\Android Studio1\jbr\bin\VCRUNTIME140.dll
0x00007ffcb9d00000 - 0x00007ffcb9f93000 	C:\WINDOWS\WinSxS\amd64_microsoft.windows.common-controls_6595b64144ccf1df_6.0.26100.5074_none_3e0d6f78e32fd63f\COMCTL32.dll
0x00007ffcca6b0000 - 0x00007ffcca6df000 	C:\WINDOWS\System32\IMM32.DLL
0x00007ffcbf7a0000 - 0x00007ffcbf7ac000 	C:\Program Files\Android\Android Studio1\jbr\bin\vcruntime140_1.dll
0x00007ffc8ee40000 - 0x00007ffc8eecd000 	C:\Program Files\Android\Android Studio1\jbr\bin\msvcp140.dll
0x00007ffc244a0000 - 0x00007ffc2511d000 	C:\Program Files\Android\Android Studio1\jbr\bin\server\jvm.dll
0x00007ffcc9bd0000 - 0x00007ffcc9c44000 	C:\WINDOWS\System32\WS2_32.dll
0x00007ffcc8e10000 - 0x00007ffcc8e6e000 	C:\WINDOWS\SYSTEM32\POWRPROF.dll
0x00007ffcba960000 - 0x00007ffcba995000 	C:\WINDOWS\SYSTEM32\WINMM.dll
0x00007ffcc0df0000 - 0x00007ffcc0dfb000 	C:\WINDOWS\SYSTEM32\VERSION.dll
0x00007ffcc8df0000 - 0x00007ffcc8e04000 	C:\WINDOWS\SYSTEM32\UMPDC.dll
0x00007ffcc7d30000 - 0x00007ffcc7d4b000 	C:\WINDOWS\SYSTEM32\kernel.appcore.dll
0x00007ffcbf790000 - 0x00007ffcbf79a000 	C:\Program Files\Android\Android Studio1\jbr\bin\jimage.dll
0x00007ffcc1dd0000 - 0x00007ffcc2012000 	C:\WINDOWS\SYSTEM32\DBGHELP.DLL
0x00007ffccb5e0000 - 0x00007ffccb95b000 	C:\WINDOWS\System32\combase.dll
0x00007ffcca700000 - 0x00007ffcca7d7000 	C:\WINDOWS\System32\OLEAUT32.dll
0x00007ffcab0e0000 - 0x00007ffcab11d000 	C:\WINDOWS\SYSTEM32\dbgcore.DLL
0x00007ffcc98d0000 - 0x00007ffcc9969000 	C:\WINDOWS\System32\bcryptPrimitives.dll
0x00007ffcc6380000 - 0x00007ffcc638e000 	C:\Program Files\Android\Android Studio1\jbr\bin\instrument.dll
0x00007ffcaa0b0000 - 0x00007ffcaa0cf000 	C:\Program Files\Android\Android Studio1\jbr\bin\java.dll
0x00007ffca8f20000 - 0x00007ffca8f38000 	C:\Program Files\Android\Android Studio1\jbr\bin\zip.dll
0x00007ffccadc0000 - 0x00007ffccb50d000 	C:\WINDOWS\System32\SHELL32.dll
0x00007ffcc9970000 - 0x00007ffcc9adc000 	C:\WINDOWS\System32\wintypes.dll
0x00007ffcc6af0000 - 0x00007ffcc7349000 	C:\WINDOWS\SYSTEM32\windows.storage.dll
0x00007ffccb970000 - 0x00007ffccba60000 	C:\WINDOWS\System32\SHCORE.dll
0x00007ffccad50000 - 0x00007ffccadb2000 	C:\WINDOWS\System32\shlwapi.dll
0x00007ffcc8eb0000 - 0x00007ffcc8ed9000 	C:\WINDOWS\SYSTEM32\profapi.dll
0x00007ffcbf780000 - 0x00007ffcbf790000 	C:\Program Files\Android\Android Studio1\jbr\bin\net.dll
0x00007ffcc0ca0000 - 0x00007ffcc0dbf000 	C:\WINDOWS\SYSTEM32\WINHTTP.dll
0x00007ffcc8290000 - 0x00007ffcc82fb000 	C:\WINDOWS\system32\mswsock.dll
0x00007ffc9dca0000 - 0x00007ffc9dcb6000 	C:\Program Files\Android\Android Studio1\jbr\bin\nio.dll
0x00007ffcbb6a0000 - 0x00007ffcbb6b0000 	C:\Program Files\Android\Android Studio1\jbr\bin\verify.dll
0x00007ffcaa120000 - 0x00007ffcaa147000 	C:\Users\1712\.gradle\native\c067742578af261105cb4f569cf0c3c89f3d7b1fecec35dd04571415982c5e48\windows-amd64\native-platform.dll
0x00007ffc9deb0000 - 0x00007ffc9dff4000 	C:\Users\1712\.gradle\native\100fb08df4bc3b14c8652ba06237920a3bd2aa13389f12d3474272988ae205f9\windows-amd64\native-platform-file-events.dll
0x00007ffca8f10000 - 0x00007ffca8f19000 	C:\Program Files\Android\Android Studio1\jbr\bin\management.dll
0x00007ffc9dc90000 - 0x00007ffc9dc9b000 	C:\Program Files\Android\Android Studio1\jbr\bin\management_ext.dll
0x00007ffccb960000 - 0x00007ffccb968000 	C:\WINDOWS\System32\PSAPI.DLL
0x00007ffcc85e0000 - 0x00007ffcc85fb000 	C:\WINDOWS\SYSTEM32\CRYPTSP.dll
0x00007ffcc7c90000 - 0x00007ffcc7ccb000 	C:\WINDOWS\system32\rsaenh.dll
0x00007ffcc8330000 - 0x00007ffcc835b000 	C:\WINDOWS\SYSTEM32\USERENV.dll
0x00007ffcc8e80000 - 0x00007ffcc8ea6000 	C:\WINDOWS\SYSTEM32\bcrypt.dll
0x00007ffcc85c0000 - 0x00007ffcc85cc000 	C:\WINDOWS\SYSTEM32\CRYPTBASE.dll
0x00007ffcc74b0000 - 0x00007ffcc74e4000 	C:\WINDOWS\SYSTEM32\IPHLPAPI.DLL
0x00007ffcca6f0000 - 0x00007ffcca6fa000 	C:\WINDOWS\System32\NSI.dll
0x00007ffcaa0a0000 - 0x00007ffcaa0a9000 	C:\Program Files\Android\Android Studio1\jbr\bin\extnet.dll
0x00007ffcc3430000 - 0x00007ffcc3438000 	C:\WINDOWS\system32\wshunix.dll

dbghelp: loaded successfully - version: 4.0.5 - missing functions: none
symbol engine: initialized successfully - sym options: 0x614 - pdb path: .;C:\Program Files\Android\Android Studio1\jbr\bin;C:\WINDOWS\SYSTEM32;C:\Program Files\Bitdefender\Endpoint Security\bdhkm\dlls_268013442277585616;C:\Program Files\Bitdefender\Endpoint Security\atcuf\dlls_268013442245682785;C:\WINDOWS\WinSxS\amd64_microsoft.windows.common-controls_6595b64144ccf1df_6.0.26100.5074_none_3e0d6f78e32fd63f;C:\Program Files\Android\Android Studio1\jbr\bin\server;C:\Users\1712\.gradle\native\c067742578af261105cb4f569cf0c3c89f3d7b1fecec35dd04571415982c5e48\windows-amd64;C:\Users\1712\.gradle\native\100fb08df4bc3b14c8652ba06237920a3bd2aa13389f12d3474272988ae205f9\windows-amd64

VM Arguments:
jvm_args: --add-opens=java.base/java.util=ALL-UNNAMED --add-opens=java.base/java.lang=ALL-UNNAMED --add-opens=java.base/java.lang.invoke=ALL-UNNAMED --add-opens=java.prefs/java.util.prefs=ALL-UNNAMED --add-exports=jdk.compiler/com.sun.tools.javac.api=ALL-UNNAMED --add-exports=jdk.compiler/com.sun.tools.javac.util=ALL-UNNAMED --add-opens=java.base/java.nio.charset=ALL-UNNAMED --add-opens=java.base/java.net=ALL-UNNAMED --add-opens=java.base/java.util.concurrent.atomic=ALL-UNNAMED -Xmx2048m -Dfile.encoding=UTF-8 -Duser.country=US -Duser.language=en -Duser.variant -javaagent:C:\Users\1712\.gradle\wrapper\dists\gradle-8.9-bin\90cnw93cvbtalezasaz0blq0a\gradle-8.9\lib\agents\gradle-instrumentation-agent-8.9.jar 
java_command: org.gradle.launcher.daemon.bootstrap.GradleDaemon 8.9
java_class_path (initial): C:\Users\1712\.gradle\wrapper\dists\gradle-8.9-bin\90cnw93cvbtalezasaz0blq0a\gradle-8.9\lib\gradle-daemon-main-8.9.jar
Launcher Type: SUN_STANDARD

[Global flags]
     intx CICompilerCount                          = 4                                         {product} {ergonomic}
     uint ConcGCThreads                            = 2                                         {product} {ergonomic}
     uint G1ConcRefinementThreads                  = 8                                         {product} {ergonomic}
   size_t G1HeapRegionSize                         = 1048576                                   {product} {ergonomic}
    uintx GCDrainStackTargetSize                   = 64                                        {product} {ergonomic}
   size_t InitialHeapSize                          = 264241152                                 {product} {ergonomic}
   size_t MarkStackSize                            = 4194304                                   {product} {ergonomic}
   size_t MaxHeapSize                              = 2147483648                                {product} {command line}
   size_t MaxNewSize                               = 1287651328                                {product} {ergonomic}
   size_t MinHeapDeltaBytes                        = 1048576                                   {product} {ergonomic}
   size_t MinHeapSize                              = 8388608                                   {product} {ergonomic}
    uintx NonNMethodCodeHeapSize                   = 5839372                                {pd product} {ergonomic}
    uintx NonProfiledCodeHeapSize                  = 122909434                              {pd product} {ergonomic}
    uintx ProfiledCodeHeapSize                     = 122909434                              {pd product} {ergonomic}
    uintx ReservedCodeCacheSize                    = 251658240                              {pd product} {ergonomic}
     bool SegmentedCodeCache                       = true                                      {product} {ergonomic}
   size_t SoftMaxHeapSize                          = 2147483648                             {manageable} {ergonomic}
     bool UseCompressedOops                        = true                           {product lp64_product} {ergonomic}
     bool UseG1GC                                  = true                                      {product} {ergonomic}
     bool UseLargePagesIndividualAllocation        = false                                  {pd product} {ergonomic}

Logging:
Log output configuration:
 #0: stdout all=warning uptime,level,tags foldmultilines=false
 #1: stderr all=off uptime,level,tags foldmultilines=false

Environment Variables:
PATH=C:\WINDOWS\system32;C:\WINDOWS;C:\WINDOWS\System32\Wbem;C:\WINDOWS\System32\WindowsPowerShell\v1.0\;C:\WINDOWS\System32\OpenSSH\;C:\Program Files\dotnet\;C:\Users\1465\AppData\Local\Android\Sdk\platform-tools;C:\Program Files (x86)\Windows Kits\10\Windows Performance Toolkit\;C:\Program Files\Git\cmd;C:\sqlite;C:\Users\1712\AppData\Local\Microsoft\WindowsApps;
USERNAME=1712
OS=Windows_NT
PROCESSOR_IDENTIFIER=Intel64 Family 6 Model 140 Stepping 1, GenuineIntel
TMP=C:\Users\1712\AppData\Local\Temp
TEMP=C:\Users\1712\AppData\Local\Temp




Periodic native trim disabled

JNI global refs:
JNI global refs: 27, weak refs: 1

JNI global refs memory usage: 835, weak refs: 833

Process memory usage:
Resident Set Size: 347040K (2% of 16493352K total physical memory with 1045992K free physical memory)

OOME stack traces (most recent first):
Classloader memory used:
Loader org.gradle.internal.classloader.VisitableURLClassLoader                         : 33846K
Loader bootstrap                                                                       : 23075K
Loader org.gradle.initialization.MixInLegacyTypesClassLoader                           : 9429K
Loader org.gradle.internal.classloader.VisitableURLClassLoader$InstrumentingVisitableURLClassLoader: 5057K
Loader jdk.internal.loader.ClassLoaders$PlatformClassLoader                            : 499K
Loader jdk.internal.loader.ClassLoaders$AppClassLoader                                 : 230K
Loader org.gradle.internal.classloader.VisitableURLClassLoader                         : 87528B
Loader jdk.internal.reflect.DelegatingClassLoader                                      : 85856B

Classes loaded by more than one classloader:
Class Program                                                                         : loaded 4 times (x 71B)
Class com.google.common.base.Equivalence$Identity                                     : loaded 2 times (x 79B)
Class com.google.common.collect.RegularImmutableMap$KeySet                            : loaded 2 times (x 147B)
Class org.gradle.internal.classloader.FilteringClassLoader                            : loaded 2 times (x 102B)
Class [Lcom.google.common.base.AbstractIterator$State;                                : loaded 2 times (x 66B)
Class com.google.common.base.CharMatcher$IsEither                                     : loaded 2 times (x 108B)
Class org.gradle.internal.classloader.ClassLoaderHierarchy                            : loaded 2 times (x 67B)
Class com.google.common.util.concurrent.ExecutionError                                : loaded 2 times (x 79B)
Class com.google.common.collect.ImmutableList$1                                       : loaded 2 times (x 94B)
Class org.gradle.api.internal.classpath.ManifestUtil                                  : loaded 2 times (x 68B)
Class com.google.common.collect.RegularImmutableMap                                   : loaded 2 times (x 118B)
Class com.google.common.collect.ImmutableMap$MapViewOfValuesAsSingletonSets           : loaded 2 times (x 122B)
Class com.google.common.collect.UnmodifiableListIterator                              : loaded 2 times (x 92B)
Class [Lcom.google.common.cache.CacheBuilder$OneWeigher;                              : loaded 2 times (x 66B)
Class com.google.common.base.Suppliers                                                : loaded 2 times (x 68B)
Class com.google.common.base.Platform$JdkPatternCompiler                              : loaded 2 times (x 72B)
Class org.gradle.internal.classloader.DefaultClassLoaderFactory                       : loaded 2 times (x 79B)
Class com.google.common.base.CharMatcher$None                                         : loaded 2 times (x 109B)
Class org.gradle.internal.classloader.ClassLoaderVisitor                              : loaded 2 times (x 73B)
Class [Lcom.google.common.collect.ImmutableMapEntry;                                  : loaded 2 times (x 66B)
Class org.gradle.api.internal.classpath.EffectiveClassPath                            : loaded 2 times (x 87B)
Class com.google.common.collect.ImmutableEnumMap                                      : loaded 2 times (x 122B)
Class com.google.common.collect.ListMultimap                                          : loaded 2 times (x 67B)
Class com.google.common.base.Splitter                                                 : loaded 2 times (x 69B)
Class org.gradle.api.internal.DefaultClassPathProvider                                : loaded 2 times (x 73B)
Class [Lorg.gradle.api.internal.ClassPathProvider;                                    : loaded 2 times (x 66B)
Class org.gradle.api.internal.ClassPathProvider                                       : loaded 2 times (x 67B)
Class com.google.common.cache.LocalCache$LocalLoadingCache                            : loaded 2 times (x 131B)
Class com.google.common.base.AbstractIterator$State                                   : loaded 2 times (x 76B)
Class org.gradle.internal.service.UnknownServiceException                             : loaded 2 times (x 80B)
Class com.google.common.cache.LocalCache$Strength$1                                   : loaded 2 times (x 78B)
Class com.google.common.cache.LocalCache$Strength$2                                   : loaded 2 times (x 78B)
Class com.google.common.cache.LocalCache$Strength$3                                   : loaded 2 times (x 78B)
Class com.google.common.collect.MapDifference                                         : loaded 2 times (x 67B)
Class com.google.common.base.Splitter$1                                               : loaded 2 times (x 74B)
Class com.google.common.cache.CacheBuilder$NullListener                               : loaded 2 times (x 79B)
Class org.gradle.internal.classpath.TransformedClassPath                              : loaded 2 times (x 93B)
Class com.google.common.cache.CacheLoader$FunctionToCacheLoader                       : loaded 2 times (x 72B)
Class com.google.common.collect.Iterators$ArrayItr                                    : loaded 2 times (x 94B)
Class com.google.common.collect.ImmutableCollection$Builder                           : loaded 2 times (x 73B)
Class com.google.common.base.MoreObjects                                              : loaded 2 times (x 68B)
Class com.google.common.collect.Platform                                              : loaded 2 times (x 68B)
Class com.google.common.collect.UnmodifiableIterator                                  : loaded 2 times (x 77B)
Class org.gradle.internal.service.ServiceLocator                                      : loaded 2 times (x 67B)
Class com.google.common.cache.LocalCache$1                                            : loaded 2 times (x 86B)
Class com.google.common.collect.AbstractMapEntry                                      : loaded 2 times (x 78B)
Class com.google.common.cache.LocalCache$2                                            : loaded 2 times (x 139B)
Class com.google.common.collect.AbstractMultimap                                      : loaded 2 times (x 120B)
Class com.google.common.collect.RegularImmutableAsList                                : loaded 2 times (x 213B)
Class com.google.common.collect.Iterators                                             : loaded 2 times (x 68B)
Class com.google.common.base.CharMatcher$RangesMatcher                                : loaded 2 times (x 109B)
Class com.google.common.util.concurrent.UncheckedExecutionException                   : loaded 2 times (x 79B)
Class com.google.common.collect.Lists$StringAsImmutableList                           : loaded 2 times (x 204B)
Class com.google.common.base.CharMatcher$JavaLetterOrDigit                            : loaded 2 times (x 108B)
Class org.gradle.internal.InternalTransformer                                         : loaded 2 times (x 67B)
Class com.google.common.cache.CacheLoader$UnsupportedLoadingOperationException        : loaded 2 times (x 79B)
Class com.google.common.base.CharMatcher$And                                          : loaded 2 times (x 109B)
Class org.gradle.internal.classloader.ClasspathUtil$1                                 : loaded 2 times (x 73B)
Class com.google.common.collect.IndexedImmutableSet                                   : loaded 2 times (x 147B)
Class com.google.common.collect.ImmutableMap$1                                        : loaded 2 times (x 78B)
Class com.google.common.collect.BiMap                                                 : loaded 2 times (x 67B)
Class org.gradle.api.internal.classpath.DefaultModuleRegistry$DefaultModule           : loaded 2 times (x 83B)
Class com.google.common.collect.AbstractIterator                                      : loaded 2 times (x 79B)
Class com.google.common.math.MathPreconditions                                        : loaded 2 times (x 68B)
Class com.google.common.collect.Multiset                                              : loaded 2 times (x 67B)
Class com.google.common.collect.ArrayListMultimapGwtSerializationDependencies         : loaded 2 times (x 169B)
Class com.google.common.collect.ObjectArrays                                          : loaded 2 times (x 68B)
Class com.google.common.collect.AbstractIndexedListIterator                           : loaded 2 times (x 93B)
Class com.google.common.collect.ImmutableMapEntrySet                                  : loaded 2 times (x 148B)
Class org.gradle.api.internal.classpath.Module                                        : loaded 2 times (x 67B)
Class com.google.common.cache.Weigher                                                 : loaded 2 times (x 67B)
Class org.gradle.api.internal.classpath.UnknownModuleException                        : loaded 2 times (x 79B)
Class com.google.common.cache.LocalCache$Strength                                     : loaded 2 times (x 78B)
Class com.google.common.cache.Cache                                                   : loaded 2 times (x 67B)
Class com.google.common.collect.ImmutableMap$Builder                                  : loaded 2 times (x 79B)
Class com.google.common.base.NullnessCasts                                            : loaded 2 times (x 68B)
Class com.google.common.cache.RemovalListener                                         : loaded 2 times (x 67B)
Class org.gradle.api.internal.DefaultClassPathRegistry                                : loaded 2 times (x 73B)
Class com.google.common.collect.Multimap                                              : loaded 2 times (x 67B)
Class org.gradle.api.internal.ClassPathRegistry                                       : loaded 2 times (x 67B)
Class org.gradle.internal.classpath.DefaultClassPath$ImmutableUniqueList              : loaded 2 times (x 196B)
Class com.google.common.cache.CacheBuilder                                            : loaded 2 times (x 69B)
Class com.google.common.collect.SingletonImmutableList                                : loaded 2 times (x 204B)
Class com.google.common.base.PairwiseEquivalence                                      : loaded 2 times (x 80B)
Class Settings_gradle$1                                                               : loaded 2 times (x 71B)
Class org.gradle.internal.classpath.ClassPath                                         : loaded 2 times (x 67B)
Class org.gradle.api.UncheckedIOException                                             : loaded 2 times (x 79B)
Class com.google.common.collect.ImmutableList$ReverseImmutableList                    : loaded 2 times (x 205B)
Class com.google.common.base.JdkPattern                                               : loaded 2 times (x 72B)
Class com.google.common.base.Suppliers$SupplierOfInstance                             : loaded 2 times (x 76B)
Class com.google.common.collect.Iterators$1                                           : loaded 2 times (x 78B)
Class com.google.common.cache.LocalCache$ComputingValueReference                      : loaded 2 times (x 93B)
Class com.google.common.collect.SingletonImmutableSet                                 : loaded 2 times (x 143B)
Class com.google.common.collect.ImmutableMap$IteratorBasedImmutableMap                : loaded 2 times (x 122B)
Class com.google.common.cache.LocalCache$Segment                                      : loaded 2 times (x 151B)
Class com.google.common.cache.CacheLoader                                             : loaded 2 times (x 71B)
Class com.google.common.collect.Iterators$4                                           : loaded 2 times (x 79B)
Class com.google.common.collect.ImmutableBiMap                                        : loaded 2 times (x 140B)
Class com.google.common.collect.AbstractListMultimap                                  : loaded 2 times (x 169B)
Class org.gradle.internal.installation.GradleInstallation$1                           : loaded 2 times (x 72B)
Class org.gradle.api.internal.classpath.ModuleRegistry                                : loaded 2 times (x 67B)
Class com.google.common.collect.Iterators$5                                           : loaded 2 times (x 79B)
Class com.google.common.collect.ImmutableSet$JdkBackedSetBuilderImpl                  : loaded 2 times (x 73B)
Class com.google.common.base.Splitter$SplittingIterator                               : loaded 2 times (x 81B)
Class com.google.common.cache.LocalCache$LocalManualCache$1                           : loaded 2 times (x 72B)
Class com.google.common.base.CharMatcher$ForPredicate                                 : loaded 2 times (x 109B)
Class com.google.common.collect.ImmutableCollection                                   : loaded 2 times (x 122B)
Class com.google.common.base.CharMatcher$AnyOf                                        : loaded 2 times (x 109B)
Class org.gradle.api.internal.classpath.DefaultModuleRegistry                         : loaded 2 times (x 80B)
Class com.google.common.cache.ReferenceEntry                                          : loaded 2 times (x 67B)
Class com.google.common.collect.ImmutableSet$CachingAsList                            : loaded 2 times (x 144B)
Class com.google.common.base.Converter                                                : loaded 2 times (x 87B)
Class com.google.common.collect.Lists                                                 : loaded 2 times (x 68B)
Class com.google.common.base.CharMatcher$Any                                          : loaded 2 times (x 109B)
Class com.google.common.base.FunctionalEquivalence                                    : loaded 2 times (x 80B)
Class com.google.common.collect.Iterators$9                                           : loaded 2 times (x 78B)
Class com.google.common.collect.AbstractMapBasedMultimap                              : loaded 2 times (x 136B)
Class com.google.common.collect.ImmutableAsList                                       : loaded 2 times (x 206B)
Class com.google.common.cache.CacheLoader$SupplierToCacheLoader                       : loaded 2 times (x 72B)
Class com.google.common.collect.Maps$EntryTransformer                                 : loaded 2 times (x 67B)
Class org.gradle.internal.service.ServiceLookupException                              : loaded 2 times (x 79B)
Class [Lcom.google.common.cache.LocalCache$EntryFactory;                              : loaded 2 times (x 66B)
Class com.google.common.base.CharMatcher$JavaLetter                                   : loaded 2 times (x 108B)
Class org.gradle.internal.classloader.ClassLoaderFactory                              : loaded 2 times (x 67B)
Class com.google.common.cache.LocalCache$LocalManualCache                             : loaded 2 times (x 96B)
Class com.google.common.base.CharMatcher$IsNot                                        : loaded 2 times (x 108B)
Class com.google.common.base.CommonPattern                                            : loaded 2 times (x 71B)
Class org.gradle.internal.service.CachingServiceLocator                               : loaded 2 times (x 79B)
Class com.google.common.math.IntMath                                                  : loaded 2 times (x 68B)
Class com.google.common.collect.Iterators$10                                          : loaded 2 times (x 78B)
Class com.google.common.collect.ImmutableMapEntry                                     : loaded 2 times (x 82B)
Class com.google.common.base.CharMatcher$JavaDigit                                    : loaded 2 times (x 108B)
Class com.google.common.base.Equivalence                                              : loaded 2 times (x 79B)
Class com.google.common.collect.ImmutableMapEntry$NonTerminalImmutableMapEntry        : loaded 2 times (x 82B)
Class com.google.common.base.Function                                                 : loaded 2 times (x 67B)
Class com.google.common.cache.CacheBuilder$OneWeigher                                 : loaded 2 times (x 79B)
Class com.google.common.collect.RegularImmutableList                                  : loaded 2 times (x 209B)
Class com.google.common.collect.ImmutableBiMapFauxverideShim                          : loaded 2 times (x 117B)
Class org.gradle.internal.classloader.ClasspathUtil                                   : loaded 2 times (x 68B)
Class com.google.common.collect.Maps                                                  : loaded 2 times (x 68B)
Class com.google.common.base.CharMatcher$JavaUpperCase                                : loaded 2 times (x 108B)
Class org.gradle.api.specs.Spec                                                       : loaded 2 times (x 67B)
Class [Lcom.google.common.collect.ImmutableEntry;                                     : loaded 2 times (x 66B)
Class com.google.common.cache.LocalCache$LoadingValueReference                        : loaded 2 times (x 93B)
Class com.google.common.base.Platform                                                 : loaded 2 times (x 68B)
Class com.google.common.collect.Maps$8                                                : loaded 2 times (x 79B)
Class com.google.common.base.CharMatcher$Invisible                                    : loaded 2 times (x 109B)
Class org.gradle.internal.classloader.VisitableURLClassLoader$InstrumentingVisitableURLClassLoader: loaded 2 times (x 120B)
Class [Lcom.google.common.cache.CacheBuilder$NullListener;                            : loaded 2 times (x 66B)
Class com.google.common.math.IntMath$1                                                : loaded 2 times (x 68B)
Class org.gradle.internal.classloader.VisitableURLClassLoader$Spec                    : loaded 2 times (x 71B)
Class org.gradle.internal.classpath.DefaultClassPath                                  : loaded 2 times (x 87B)
Class com.google.common.base.AbstractIterator                                         : loaded 2 times (x 77B)
Class com.google.common.collect.RegularImmutableMap$Values                            : loaded 2 times (x 204B)
Class com.google.common.collect.ImmutableSet                                          : loaded 2 times (x 142B)
Class com.google.common.base.CharMatcher$BitSetMatcher                                : loaded 2 times (x 109B)
Class com.google.common.base.CharMatcher$Ascii                                        : loaded 2 times (x 109B)
Class org.gradle.internal.classloader.ClassLoaderSpec                                 : loaded 2 times (x 68B)
Class com.google.common.cache.CacheStats                                              : loaded 2 times (x 68B)
Class com.google.common.base.CharMatcher$Or                                           : loaded 2 times (x 109B)
Class Settings_gradle$1$1                                                             : loaded 2 times (x 71B)
Class com.google.common.base.Supplier                                                 : loaded 2 times (x 67B)
Class org.gradle.internal.classloader.VisitableURLClassLoader                         : loaded 2 times (x 114B)
Class Settings_gradle                                                                 : loaded 2 times (x 125B)
Class org.gradle.internal.Cast                                                        : loaded 2 times (x 68B)
Class org.gradle.api.Action                                                           : loaded 2 times (x 67B)
Class com.google.common.base.Ticker                                                   : loaded 2 times (x 69B)
Class com.google.common.base.Strings                                                  : loaded 2 times (x 68B)
Class com.google.common.base.CharMatcher$FastMatcher                                  : loaded 2 times (x 108B)
Class org.gradle.internal.agents.InstrumentingClassLoader                             : loaded 2 times (x 67B)
Class [Lcom.google.common.cache.LocalCache$Segment;                                   : loaded 2 times (x 66B)
Class [Lcom.google.common.cache.LocalCache$Strength;                                  : loaded 2 times (x 66B)
Class com.google.common.cache.CacheBuilder$1                                          : loaded 2 times (x 82B)
Class com.google.common.collect.ImmutableMap                                          : loaded 2 times (x 117B)
Class com.google.common.base.Predicate                                                : loaded 2 times (x 67B)
Class org.gradle.internal.classpath.DefaultClassPath$ImmutableUniqueList$Builder      : loaded 2 times (x 72B)
Class com.google.common.cache.LocalCache                                              : loaded 2 times (x 184B)
Class com.google.common.cache.CacheBuilder$2                                          : loaded 2 times (x 69B)
Class com.google.common.base.CharMatcher$NegatedFastMatcher                           : loaded 2 times (x 110B)
Class [Lcom.google.common.collect.AbstractMapEntry;                                   : loaded 2 times (x 66B)
Class com.google.common.collect.ImmutableEntry                                        : loaded 2 times (x 79B)
Class com.google.common.collect.ArrayListMultimap                                     : loaded 2 times (x 169B)
Class com.google.common.base.AbstractIterator$1                                       : loaded 2 times (x 68B)
Class com.google.common.base.CharMatcher$Digit                                        : loaded 2 times (x 109B)
Class org.gradle.api.GradleException                                                  : loaded 2 times (x 79B)
Class com.google.common.collect.CollectPreconditions                                  : loaded 2 times (x 68B)
Class com.google.common.base.CharMatcher$JavaIsoControl                               : loaded 2 times (x 109B)
Class com.google.common.collect.SortedMapDifference                                   : loaded 2 times (x 67B)
Class com.google.common.base.CharMatcher$JavaLowerCase                                : loaded 2 times (x 108B)
Class com.google.common.cache.LocalCache$EntryFactory                                 : loaded 2 times (x 80B)
Class com.google.common.base.Splitter$1$1                                             : loaded 2 times (x 83B)
Class com.google.common.base.CharMatcher$Whitespace                                   : loaded 2 times (x 109B)
Class org.gradle.internal.IoActions                                                   : loaded 2 times (x 68B)
Class com.google.common.cache.CacheLoader$InvalidCacheLoadException                   : loaded 2 times (x 79B)
Class com.google.common.collect.ImmutableSet$RegularSetBuilderImpl                    : loaded 2 times (x 74B)
Class com.google.common.base.CharMatcher$SingleWidth                                  : loaded 2 times (x 109B)
Class org.gradle.internal.classloader.SystemClassLoaderSpec                           : loaded 2 times (x 68B)
Class com.google.common.cache.LoadingCache                                            : loaded 2 times (x 67B)
Class [Lcom.google.common.cache.Weigher;                                              : loaded 2 times (x 66B)
Class com.google.common.collect.RegularImmutableMap$BucketOverflowException           : loaded 2 times (x 79B)
Class com.google.common.cache.LocalCache$ValueReference                               : loaded 2 times (x 67B)
Class com.google.common.base.CharMatcher$Negated                                      : loaded 2 times (x 110B)
Class com.google.common.base.CharMatcher$Is                                           : loaded 2 times (x 108B)
Class com.google.common.base.Equivalence$Equals                                       : loaded 2 times (x 79B)
Class com.google.common.collect.Hashing                                               : loaded 2 times (x 68B)
Class com.google.common.base.PatternCompiler                                          : loaded 2 times (x 67B)
Class com.google.common.base.Preconditions                                            : loaded 2 times (x 68B)
Class com.google.common.collect.PeekingIterator                                       : loaded 2 times (x 67B)
Class com.google.common.base.CharMatcher                                              : loaded 2 times (x 108B)
Class com.google.common.cache.LocalCache$EntryFactory$1                               : loaded 2 times (x 80B)
Class [Lcom.google.common.cache.RemovalListener;                                      : loaded 2 times (x 66B)
Class com.google.common.base.CharMatcher$1                                            : loaded 2 times (x 110B)
Class com.google.common.base.CharMatcher$NamedFastMatcher                             : loaded 2 times (x 109B)
Class com.google.common.cache.LocalCache$EntryFactory$2                               : loaded 2 times (x 80B)
Class com.google.common.cache.LocalCache$EntryFactory$3                               : loaded 2 times (x 80B)
Class com.google.common.base.Ticker$1                                                 : loaded 2 times (x 69B)
Class com.google.common.collect.ImmutableMapEntrySet$RegularEntrySet                  : loaded 2 times (x 148B)
Class com.google.common.collect.Maps$BiMapConverter                                   : loaded 2 times (x 87B)
Class com.google.common.cache.LocalCache$EntryFactory$4                               : loaded 2 times (x 80B)
Class com.google.common.collect.ImmutableSet$Builder                                  : loaded 2 times (x 82B)
Class com.google.common.base.CharMatcher$InRange                                      : loaded 2 times (x 108B)
Class com.google.common.cache.LocalCache$EntryFactory$5                               : loaded 2 times (x 80B)
Class com.google.common.cache.LocalCache$EntryFactory$6                               : loaded 2 times (x 80B)
Class org.gradle.internal.installation.CurrentGradleInstallationLocator               : loaded 2 times (x 68B)
Class com.google.common.cache.LocalCache$EntryFactory$7                               : loaded 2 times (x 80B)
Class com.google.common.collect.ImmutableSet$EmptySetBuilderImpl                      : loaded 2 times (x 73B)
Class com.google.common.collect.ImmutableList                                         : loaded 2 times (x 203B)
Class org.gradle.internal.service.DefaultServiceLocator                               : loaded 2 times (x 80B)
Class com.google.common.cache.LocalCache$EntryFactory$8                               : loaded 2 times (x 80B)
Class com.google.common.collect.ImmutableSet$SetBuilderImpl                           : loaded 2 times (x 73B)
Class org.gradle.internal.installation.CurrentGradleInstallation                      : loaded 2 times (x 70B)
Class com.google.common.cache.CacheLoader$1                                           : loaded 2 times (x 72B)
Class com.google.common.collect.ImmutableList$SubList                                 : loaded 2 times (x 205B)
Class org.gradle.util.internal.GUtil                                                  : loaded 2 times (x 68B)
Class com.google.common.cache.AbstractCache$StatsCounter                              : loaded 2 times (x 67B)
Class com.google.common.collect.Iterators$MergingIterator                             : loaded 2 times (x 78B)
Class com.google.common.collect.RegularImmutableSet                                   : loaded 2 times (x 145B)
Class org.gradle.internal.installation.GradleInstallation                             : loaded 2 times (x 72B)
Class com.google.common.collect.Iterables                                             : loaded 2 times (x 68B)
Class com.google.common.base.Splitter$Strategy                                        : loaded 2 times (x 67B)

---------------  S Y S T E M  ---------------

OS:
 Windows 11 , 64 bit Build 26100 (10.0.26100.5074)
OS uptime: 0 days 0:39 hours
Hyper-V role detected

CPU: total 8 (initial active 8) (4 cores per cpu, 2 threads per core) family 6 model 140 stepping 1 microcode 0xba, cx8, cmov, fxsr, ht, mmx, 3dnowpref, sse, sse2, sse3, ssse3, sse4.1, sse4.2, popcnt, lzcnt, tsc, tscinvbit, avx, avx2, aes, erms, clmul, bmi1, bmi2, adx, avx512f, avx512dq, avx512cd, avx512bw, avx512vl, sha, fma, vzeroupper, avx512_vpopcntdq, avx512_vpclmulqdq, avx512_vaes, avx512_vnni, clflush, clflushopt, clwb, avx512_vbmi2, avx512_vbmi, hv, rdtscp, rdpid, fsrm, gfni, avx512_bitalg, f16c, cet_ibt, cet_ss, avx512_ifma
Processor Information for all 8 processors :
  Max Mhz: 2419, Current Mhz: 2419, Mhz Limit: 2419

Memory: 4k page, system-wide physical 16106M (1020M free)
TotalPageFile size 16106M (AvailPageFile size 23M)
current process WorkingSet (physical memory assigned to process): 340M, peak: 340M
current process commit charge ("private bytes"): 377M, peak: 383M

vm_info: OpenJDK 64-Bit Server VM (21.0.3+-12282718-b509.11) for windows-amd64 JRE (21.0.3+-12282718-b509.11), built on 2024-08-27T17:34:15Z by "builder" with MS VC++ 16.10 / 16.11 (VS2019)

END.
