#
# There is insufficient memory for the Java Runtime Environment to continue.
# Native memory allocation (malloc) failed to allocate 1283056 bytes. Error detail: Chunk::new
# Possible reasons:
#   The system is out of physical RAM or swap space
#   This process is running with CompressedOops enabled, and the Java Heap may be blocking the growth of the native heap
# Possible solutions:
#   Reduce memory load on the system
#   Increase physical memory or swap space
#   Check if swap backing store is full
#   Decrease Java heap size (-Xmx/-Xms)
#   Decrease number of Java threads
#   Decrease Java thread stack sizes (-Xss)
#   Set larger code cache with -XX:ReservedCodeCacheSize=
#   JVM is running with Unscaled Compressed Oops mode in which the Java heap is
#     placed in the first 4GB address space. The Java Heap base address is the
#     maximum limit for the native heap growth. Please use -XX:HeapBaseMinAddress
#     to set the Java Heap base and to place the Java Heap above 4GB virtual address.
# This output file may be truncated or incomplete.
#
#  Out of Memory Error (arena.cpp:168), pid=2564, tid=5472
#
# JRE version: OpenJDK Runtime Environment (21.0.3) (build 21.0.3+-12282718-b509.11)
# Java VM: OpenJDK 64-Bit Server VM (21.0.3+-12282718-b509.11, mixed mode, tiered, compressed oops, compressed class ptrs, g1 gc, windows-amd64)
# No core dump will be written. Minidumps are not enabled by default on client versions of Windows
#

---------------  S U M M A R Y ------------

Command Line: --add-opens=java.base/java.util=ALL-UNNAMED --add-opens=java.base/java.lang=ALL-UNNAMED --add-opens=java.base/java.lang.invoke=ALL-UNNAMED --add-opens=java.prefs/java.util.prefs=ALL-UNNAMED --add-exports=jdk.compiler/com.sun.tools.javac.api=ALL-UNNAMED --add-exports=jdk.compiler/com.sun.tools.javac.util=ALL-UNNAMED --add-opens=java.base/java.nio.charset=ALL-UNNAMED --add-opens=java.base/java.net=ALL-UNNAMED --add-opens=java.base/java.util.concurrent.atomic=ALL-UNNAMED -Xmx2048m -Dfile.encoding=UTF-8 -Duser.country=US -Duser.language=en -Duser.variant -javaagent:C:\Users\1712\.gradle\wrapper\dists\gradle-8.9-bin\90cnw93cvbtalezasaz0blq0a\gradle-8.9\lib\agents\gradle-instrumentation-agent-8.9.jar org.gradle.launcher.daemon.bootstrap.GradleDaemon 8.9

Host: 11th Gen Intel(R) Core(TM) i5-1135G7 @ 2.40GHz, 8 cores, 15G,  Windows 10 , 64 bit Build 19041 (10.0.19041.5198)
Time: Mon Sep 22 15:00:06 2025 India Standard Time elapsed time: 368.832007 seconds (0d 0h 6m 8s)

---------------  T H R E A D  ---------------

Current thread (0x000001e9d40fbe80):  JavaThread "C2 CompilerThread1" daemon [_thread_in_native, id=5472, stack(0x00000096e0000000,0x00000096e0100000) (1024K)]


Current CompileTask:
C2: 368832 19109       4       org.gradle.api.internal.artifacts.configurations.DefaultConfiguration::notifyChildren (40 bytes)

Stack: [0x00000096e0000000,0x00000096e0100000]
Native frames: (J=compiled Java code, j=interpreted, Vv=VM code, C=native code)
V  [jvm.dll+0x6cafb9]
V  [jvm.dll+0x858523]
V  [jvm.dll+0x85aa7e]
V  [jvm.dll+0x85b163]
V  [jvm.dll+0x27d356]
V  [jvm.dll+0xbf93d]
V  [jvm.dll+0xbfe73]
V  [jvm.dll+0x3b1ceb]
V  [jvm.dll+0x37e787]
V  [jvm.dll+0x37dbfa]
V  [jvm.dll+0x246b02]
V  [jvm.dll+0x2460d1]
V  [jvm.dll+0x1c5804]
V  [jvm.dll+0x25575c]
V  [jvm.dll+0x253c36]
V  [jvm.dll+0x3ec996]
V  [jvm.dll+0x800d78]
V  [jvm.dll+0x6c98cd]
C  [ucrtbase.dll+0x21bb2]
C  [KERNEL32.DLL+0x17374]
C  [ntdll.dll+0x4cc91]


---------------  P R O C E S S  ---------------

Threads class SMR info:
_java_thread_list=0x000001e9d9caf970, length=60, elements={
0x000001e9ad053210, 0x000001e9c755bc60, 0x000001e9c755c6c0, 0x000001e9c755ce30,
0x000001e9c755d890, 0x000001e9c755e2f0, 0x000001e9c7569270, 0x000001e9c756e420,
0x000001e9c7573fe0, 0x000001e9c71b4f90, 0x000001e9cc0190c0, 0x000001e9cd7b8e10,
0x000001e9cd873b20, 0x000001e9cdbf2880, 0x000001e9cdc83c70, 0x000001e9cdc85d40,
0x000001e9cdc85020, 0x000001e9cdf240d0, 0x000001e9cdf22000, 0x000001e9cdf24760,
0x000001e9ce477a20, 0x000001e9cfe66a40, 0x000001e9d97d0860, 0x000001e9d97d0ef0,
0x000001e9d97d2930, 0x000001e9d97cc030, 0x000001e9ce4752c0, 0x000001e9ce477390,
0x000001e9ce4731f0, 0x000001e9d97d3ce0, 0x000001e9d97d4370, 0x000001e9d2f24be0,
0x000001e9d2f25f90, 0x000001e9d2f279d0, 0x000001e9d2f28060, 0x000001e9d2f286f0,
0x000001e9d2f21df0, 0x000001e9d2f29410, 0x000001e9d2f22480, 0x000001e9d2f231a0,
0x000001e9d97d22a0, 0x000001e9d97ccd50, 0x000001e9d40fbe80, 0x000001e9d40f7a60,
0x000001e9d97ce790, 0x000001e9d97cda70, 0x000001e9d97ce100, 0x000001e9d97d5720,
0x000001e9d97d5db0, 0x000001e9d97cee20, 0x000001e9d97d98c0, 0x000001e9d97d6440,
0x000001e9d97d7160, 0x000001e9d97d77f0, 0x000001e9d97d7e80, 0x000001e9d97d8510,
0x000001e9d97d8ba0, 0x000001e9d97d9230, 0x000001e9d97dac70, 0x000001e9d97d9f50
}

Java Threads: ( => current thread )
  0x000001e9ad053210 JavaThread "main"                              [_thread_blocked, id=15632, stack(0x00000096dcd00000,0x00000096dce00000) (1024K)]
  0x000001e9c755bc60 JavaThread "Reference Handler"          daemon [_thread_blocked, id=8476, stack(0x00000096dd500000,0x00000096dd600000) (1024K)]
  0x000001e9c755c6c0 JavaThread "Finalizer"                  daemon [_thread_blocked, id=13724, stack(0x00000096dd600000,0x00000096dd700000) (1024K)]
  0x000001e9c755ce30 JavaThread "Signal Dispatcher"          daemon [_thread_blocked, id=13688, stack(0x00000096dd700000,0x00000096dd800000) (1024K)]
  0x000001e9c755d890 JavaThread "Attach Listener"            daemon [_thread_blocked, id=14432, stack(0x00000096dd800000,0x00000096dd900000) (1024K)]
  0x000001e9c755e2f0 JavaThread "Service Thread"             daemon [_thread_blocked, id=2964, stack(0x00000096dd900000,0x00000096dda00000) (1024K)]
  0x000001e9c7569270 JavaThread "Monitor Deflation Thread"   daemon [_thread_blocked, id=6160, stack(0x00000096dda00000,0x00000096ddb00000) (1024K)]
  0x000001e9c756e420 JavaThread "C2 CompilerThread0"         daemon [_thread_in_native, id=12864, stack(0x00000096ddb00000,0x00000096ddc00000) (1024K)]
  0x000001e9c7573fe0 JavaThread "C1 CompilerThread0"         daemon [_thread_in_vm, id=13664, stack(0x00000096ddc00000,0x00000096ddd00000) (1024K)]
  0x000001e9c71b4f90 JavaThread "Common-Cleaner"             daemon [_thread_blocked, id=2924, stack(0x00000096ddd00000,0x00000096dde00000) (1024K)]
  0x000001e9cc0190c0 JavaThread "Notification Thread"        daemon [_thread_blocked, id=6992, stack(0x00000096dde00000,0x00000096ddf00000) (1024K)]
  0x000001e9cd7b8e10 JavaThread "Daemon health stats"               [_thread_blocked, id=12036, stack(0x00000096de000000,0x00000096de100000) (1024K)]
  0x000001e9cd873b20 JavaThread "Incoming local TCP Connector on port 51630"        [_thread_in_native, id=15984, stack(0x00000096de600000,0x00000096de700000) (1024K)]
  0x000001e9cdbf2880 JavaThread "Daemon periodic checks"            [_thread_blocked, id=8912, stack(0x00000096de700000,0x00000096de800000) (1024K)]
  0x000001e9cdc83c70 JavaThread "Cache worker for journal cache (C:\Users\1712\.gradle\caches\journal-1)"        [_thread_blocked, id=3668, stack(0x00000096df200000,0x00000096df300000) (1024K)]
  0x000001e9cdc85d40 JavaThread "File lock request listener"        [_thread_in_native, id=13128, stack(0x00000096df300000,0x00000096df400000) (1024K)]
  0x000001e9cdc85020 JavaThread "Cache worker for file hash cache (C:\Users\1712\.gradle\caches\8.9\fileHashes)"        [_thread_blocked, id=13884, stack(0x00000096df400000,0x00000096df500000) (1024K)]
  0x000001e9cdf240d0 JavaThread "File watcher server"        daemon [_thread_in_native, id=11208, stack(0x00000096df800000,0x00000096df900000) (1024K)]
  0x000001e9cdf22000 JavaThread "File watcher consumer"      daemon [_thread_blocked, id=1212, stack(0x00000096df900000,0x00000096dfa00000) (1024K)]
  0x000001e9cdf24760 JavaThread "Cache worker for file content cache (C:\Users\1712\.gradle\caches\8.9\fileContent)"        [_thread_blocked, id=12520, stack(0x00000096dfb00000,0x00000096dfc00000) (1024K)]
  0x000001e9ce477a20 JavaThread "Memory manager"                    [_thread_blocked, id=11096, stack(0x00000096e1400000,0x00000096e1500000) (1024K)]
  0x000001e9cfe66a40 JavaThread "pool-3-thread-1"                   [_thread_blocked, id=10852, stack(0x00000096e1600000,0x00000096e1700000) (1024K)]
  0x000001e9d97d0860 JavaThread "RMI Scheduler(0)"           daemon [_thread_blocked, id=15180, stack(0x00000096e5d00000,0x00000096e5e00000) (1024K)]
  0x000001e9d97d0ef0 JavaThread "RMI GC Daemon"              daemon [_thread_blocked, id=6020, stack(0x00000096e5f00000,0x00000096e6000000) (1024K)]
  0x000001e9d97d2930 JavaThread "RMI TCP Accept-0"           daemon [_thread_in_native, id=12816, stack(0x00000096e6000000,0x00000096e6100000) (1024K)]
  0x000001e9d97cc030 JavaThread "RMI Reaper"                        [_thread_blocked, id=12668, stack(0x00000096e6100000,0x00000096e6200000) (1024K)]
  0x000001e9ce4752c0 JavaThread "RMI TCP Connection(idle)"   daemon [_thread_blocked, id=1412, stack(0x00000096de900000,0x00000096dea00000) (1024K)]
  0x000001e9ce477390 JavaThread "Daemon Thread 2"                   [_thread_blocked, id=2620, stack(0x00000096dea00000,0x00000096deb00000) (1024K)]
  0x000001e9ce4731f0 JavaThread "Daemon worker Thread 2"            [_thread_in_vm, id=1208, stack(0x00000096ded00000,0x00000096dee00000) (1024K)]
  0x000001e9d97d3ce0 JavaThread "pool-7-thread-1"                   [_thread_blocked, id=13116, stack(0x00000096e1100000,0x00000096e1200000) (1024K)]
  0x000001e9d97d4370 JavaThread "included builds"                   [_thread_blocked, id=2204, stack(0x00000096e1300000,0x00000096e1400000) (1024K)]
  0x000001e9d2f24be0 JavaThread "VFS cleanup Thread 2"              [_thread_blocked, id=1104, stack(0x00000096dee00000,0x00000096def00000) (1024K)]
  0x000001e9d2f25f90 JavaThread "Handler for socket connection from /127.0.0.1:51630 to /127.0.0.1:51824"        [_thread_in_native, id=1976, stack(0x00000096deb00000,0x00000096dec00000) (1024K)]
  0x000001e9d2f279d0 JavaThread "Cancel handler"                    [_thread_blocked, id=1664, stack(0x00000096dec00000,0x00000096ded00000) (1024K)]
  0x000001e9d2f28060 JavaThread "Asynchronous log dispatcher for DefaultDaemonConnection: socket connection from /127.0.0.1:51630 to /127.0.0.1:51824"        [_thread_blocked, id=1300, stack(0x00000096df500000,0x00000096df600000) (1024K)]
  0x000001e9d2f286f0 JavaThread "Stdin handler"                     [_thread_blocked, id=12336, stack(0x00000096df600000,0x00000096df700000) (1024K)]
  0x000001e9d2f21df0 JavaThread "Daemon client event forwarder"        [_thread_blocked, id=10244, stack(0x00000096df700000,0x00000096df800000) (1024K)]
  0x000001e9d2f29410 JavaThread "Cache worker for file hash cache (C:\Users\1712\Documents\Healtyh_App_Android\.gradle\8.9\fileHashes)"        [_thread_blocked, id=11200, stack(0x00000096dfa00000,0x00000096dfb00000) (1024K)]
  0x000001e9d2f22480 JavaThread "Cache worker for Build Output Cleanup Cache (C:\Users\1712\Documents\Healtyh_App_Android\.gradle\buildOutputCleanup)"        [_thread_blocked, id=10460, stack(0x00000096dfc00000,0x00000096dfd00000) (1024K)]
  0x000001e9d2f231a0 JavaThread "Cache worker for checksums cache (C:\Users\1712\Documents\Healtyh_App_Android\.gradle\8.9\checksums)"        [_thread_blocked, id=6612, stack(0x00000096dfd00000,0x00000096dfe00000) (1024K)]
  0x000001e9d97d22a0 JavaThread "Cache worker for cache directory md-rule (C:\Users\1712\.gradle\caches\8.9\md-rule)"        [_thread_blocked, id=10312, stack(0x00000096dfe00000,0x00000096dff00000) (1024K)]
  0x000001e9d97ccd50 JavaThread "Cache worker for cache directory md-supplier (C:\Users\1712\.gradle\caches\8.9\md-supplier)"        [_thread_blocked, id=12796, stack(0x00000096dff00000,0x00000096e0000000) (1024K)]
=>0x000001e9d40fbe80 JavaThread "C2 CompilerThread1"         daemon [_thread_in_native, id=5472, stack(0x00000096e0000000,0x00000096e0100000) (1024K)]
  0x000001e9d40f7a60 JavaThread "C2 CompilerThread2"         daemon [_thread_in_native, id=9720, stack(0x00000096e0100000,0x00000096e0200000) (1024K)]
  0x000001e9d97ce790 JavaThread "Unconstrained build operations"        [_thread_blocked, id=13040, stack(0x00000096e0200000,0x00000096e0300000) (1024K)]
  0x000001e9d97cda70 JavaThread "Unconstrained build operations Thread 2"        [_thread_blocked, id=15368, stack(0x00000096e0300000,0x00000096e0400000) (1024K)]
  0x000001e9d97ce100 JavaThread "Unconstrained build operations Thread 3"        [_thread_blocked, id=15592, stack(0x00000096e0400000,0x00000096e0500000) (1024K)]
  0x000001e9d97d5720 JavaThread "Unconstrained build operations Thread 4"        [_thread_blocked, id=13096, stack(0x00000096e0500000,0x00000096e0600000) (1024K)]
  0x000001e9d97d5db0 JavaThread "Unconstrained build operations Thread 5"        [_thread_blocked, id=5080, stack(0x00000096e0600000,0x00000096e0700000) (1024K)]
  0x000001e9d97cee20 JavaThread "Unconstrained build operations Thread 6"        [_thread_blocked, id=7368, stack(0x00000096e0700000,0x00000096e0800000) (1024K)]
  0x000001e9d97d98c0 JavaThread "Unconstrained build operations Thread 7"        [_thread_blocked, id=1672, stack(0x00000096e0800000,0x00000096e0900000) (1024K)]
  0x000001e9d97d6440 JavaThread "Unconstrained build operations Thread 8"        [_thread_blocked, id=15284, stack(0x00000096e0900000,0x00000096e0a00000) (1024K)]
  0x000001e9d97d7160 JavaThread "Unconstrained build operations Thread 9"        [_thread_blocked, id=9352, stack(0x00000096e0a00000,0x00000096e0b00000) (1024K)]
  0x000001e9d97d77f0 JavaThread "Unconstrained build operations Thread 10"        [_thread_blocked, id=15872, stack(0x00000096e0b00000,0x00000096e0c00000) (1024K)]
  0x000001e9d97d7e80 JavaThread "Unconstrained build operations Thread 11"        [_thread_blocked, id=4040, stack(0x00000096e0c00000,0x00000096e0d00000) (1024K)]
  0x000001e9d97d8510 JavaThread "Unconstrained build operations Thread 12"        [_thread_blocked, id=1444, stack(0x00000096e0d00000,0x00000096e0e00000) (1024K)]
  0x000001e9d97d8ba0 JavaThread "Unconstrained build operations Thread 13"        [_thread_blocked, id=5104, stack(0x00000096e0e00000,0x00000096e0f00000) (1024K)]
  0x000001e9d97d9230 JavaThread "Unconstrained build operations Thread 14"        [_thread_blocked, id=4612, stack(0x00000096e0f00000,0x00000096e1000000) (1024K)]
  0x000001e9d97dac70 JavaThread "build event listener"              [_thread_blocked, id=15732, stack(0x00000096e1000000,0x00000096e1100000) (1024K)]
  0x000001e9d97d9f50 JavaThread "build event listener"              [_thread_blocked, id=11024, stack(0x00000096e1200000,0x00000096e1300000) (1024K)]
Total: 60

Other Threads:
  0x000001e9c71f8db0 VMThread "VM Thread"                           [id=7884, stack(0x00000096dd400000,0x00000096dd500000) (1024K)]
  0x000001e9c71b24b0 WatcherThread "VM Periodic Task Thread"        [id=13964, stack(0x00000096dd300000,0x00000096dd400000) (1024K)]
  0x000001e9afeaddc0 WorkerThread "GC Thread#0"                     [id=3752, stack(0x00000096dce00000,0x00000096dcf00000) (1024K)]
  0x000001e9cc0a52a0 WorkerThread "GC Thread#1"                     [id=3732, stack(0x00000096de100000,0x00000096de200000) (1024K)]
  0x000001e9cc859bf0 WorkerThread "GC Thread#2"                     [id=8100, stack(0x00000096de200000,0x00000096de300000) (1024K)]
  0x000001e9cc84f5b0 WorkerThread "GC Thread#3"                     [id=12716, stack(0x00000096de300000,0x00000096de400000) (1024K)]
  0x000001e9ccef2360 WorkerThread "GC Thread#4"                     [id=7652, stack(0x00000096de400000,0x00000096de500000) (1024K)]
  0x000001e9ccef2700 WorkerThread "GC Thread#5"                     [id=12688, stack(0x00000096de500000,0x00000096de600000) (1024K)]
  0x000001e9cdabc350 WorkerThread "GC Thread#6"                     [id=2244, stack(0x00000096def00000,0x00000096df000000) (1024K)]
  0x000001e9cdabc6f0 WorkerThread "GC Thread#7"                     [id=13896, stack(0x00000096df000000,0x00000096df100000) (1024K)]
  0x000001e9afebecb0 ConcurrentGCThread "G1 Main Marker"            [id=1944, stack(0x00000096dcf00000,0x00000096dd000000) (1024K)]
  0x000001e9afebf830 WorkerThread "G1 Conc#0"                       [id=13668, stack(0x00000096dd000000,0x00000096dd100000) (1024K)]
  0x000001e9cdabca90 WorkerThread "G1 Conc#1"                       [id=14364, stack(0x00000096df100000,0x00000096df200000) (1024K)]
  0x000001e9c7107e90 ConcurrentGCThread "G1 Refine#0"               [id=13640, stack(0x00000096dd100000,0x00000096dd200000) (1024K)]
  0x000001e9c710a6c0 ConcurrentGCThread "G1 Service"                [id=12752, stack(0x00000096dd200000,0x00000096dd300000) (1024K)]
Total: 15

Threads with active compile tasks:
C2 CompilerThread0   368878 19087       4       org.gradle.internal.snapshot.RegularFileSnapshot::accept (8 bytes)
C1 CompilerThread0   368878 19303       3       org.gradle.api.specs.CompositeSpec::<init> (37 bytes)
C2 CompilerThread1   368879 19109       4       org.gradle.api.internal.artifacts.configurations.DefaultConfiguration::notifyChildren (40 bytes)
C2 CompilerThread2   368879 19296       4       org.gradle.api.internal.provider.AbstractMinimalProvider::openScope (8 bytes)
Total: 4

VM state: not at safepoint (normal execution)

VM Mutex/Monitor currently owned by a thread:  ([mutex/lock_event])
[0x00007fff2c8dfec8] Metaspace_lock - owner thread: 0x000001e9c7573fe0

Heap address: 0x0000000080000000, size: 2048 MB, Compressed Oops mode: 32-bit

CDS archive(s) not mapped
Compressed class space mapped at: 0x0000000100000000-0x0000000140000000, reserved size: 1073741824
Narrow klass base: 0x0000000000000000, Narrow klass shift: 3, Narrow klass range: 0x140000000

GC Precious Log:
 CardTable entry size: 512
 Card Set container configuration: InlinePtr #cards 5 size 8 Array Of Cards #cards 12 size 40 Howl #buckets 4 coarsen threshold 1843 Howl Bitmap #cards 512 size 80 coarsen threshold 460 Card regions per heap region 1 cards per card region 2048
 CPUs: 8 total, 8 available
 Memory: 16106M
 Large Page Support: Disabled
 NUMA Support: Disabled
 Compressed Oops: Enabled (32-bit)
 Heap Region Size: 1M
 Heap Min Capacity: 8M
 Heap Initial Capacity: 252M
 Heap Max Capacity: 2G
 Pre-touch: Disabled
 Parallel Workers: 8
 Concurrent Workers: 2
 Concurrent Refinement Workers: 8
 Periodic GC: Disabled

Heap:
 garbage-first heap   total 285696K, used 186848K [0x0000000080000000, 0x0000000100000000)
  region size 1024K, 62 young (63488K), 8 survivors (8192K)
 Metaspace       used 148267K, committed 150592K, reserved 1179648K
  class space    used 20372K, committed 21568K, reserved 1048576K

Heap Regions: E=young(eden), S=young(survivor), O=old, HS=humongous(starts), HC=humongous(continues), CS=collection set, F=free, TAMS=top-at-mark-start, PB=parsable bottom
|   0|0x0000000080000000, 0x0000000080100000, 0x0000000080100000|100%|HS|  |TAMS 0x0000000080000000| PB 0x0000000080000000| Complete 
|   1|0x0000000080100000, 0x0000000080200000, 0x0000000080200000|100%|HC|  |TAMS 0x0000000080100000| PB 0x0000000080100000| Complete 
|   2|0x0000000080200000, 0x0000000080300000, 0x0000000080300000|100%|HC|  |TAMS 0x0000000080200000| PB 0x0000000080200000| Complete 
|   3|0x0000000080300000, 0x0000000080400000, 0x0000000080400000|100%|HC|  |TAMS 0x0000000080300000| PB 0x0000000080300000| Complete 
|   4|0x0000000080400000, 0x0000000080500000, 0x0000000080500000|100%| O|  |TAMS 0x0000000080400000| PB 0x0000000080400000| Untracked 
|   5|0x0000000080500000, 0x0000000080600000, 0x0000000080600000|100%| O|  |TAMS 0x0000000080500000| PB 0x0000000080500000| Untracked 
|   6|0x0000000080600000, 0x0000000080700000, 0x0000000080700000|100%| O|  |TAMS 0x0000000080600000| PB 0x0000000080600000| Untracked 
|   7|0x0000000080700000, 0x0000000080800000, 0x0000000080800000|100%| O|  |TAMS 0x0000000080700000| PB 0x0000000080700000| Untracked 
|   8|0x0000000080800000, 0x0000000080900000, 0x0000000080900000|100%| O|  |TAMS 0x0000000080800000| PB 0x0000000080800000| Untracked 
|   9|0x0000000080900000, 0x0000000080a00000, 0x0000000080a00000|100%| O|  |TAMS 0x0000000080900000| PB 0x0000000080900000| Untracked 
|  10|0x0000000080a00000, 0x0000000080b00000, 0x0000000080b00000|100%| O|  |TAMS 0x0000000080a00000| PB 0x0000000080a00000| Untracked 
|  11|0x0000000080b00000, 0x0000000080c00000, 0x0000000080c00000|100%|HS|  |TAMS 0x0000000080b00000| PB 0x0000000080b00000| Complete 
|  12|0x0000000080c00000, 0x0000000080d00000, 0x0000000080d00000|100%| O|  |TAMS 0x0000000080c00000| PB 0x0000000080c00000| Untracked 
|  13|0x0000000080d00000, 0x0000000080e00000, 0x0000000080e00000|100%| O|  |TAMS 0x0000000080d00000| PB 0x0000000080d00000| Untracked 
|  14|0x0000000080e00000, 0x0000000080f00000, 0x0000000080f00000|100%| O|  |TAMS 0x0000000080e00000| PB 0x0000000080e00000| Untracked 
|  15|0x0000000080f00000, 0x0000000081000000, 0x0000000081000000|100%| O|  |TAMS 0x0000000080f00000| PB 0x0000000080f00000| Untracked 
|  16|0x0000000081000000, 0x0000000081100000, 0x0000000081100000|100%| O|  |TAMS 0x0000000081000000| PB 0x0000000081000000| Untracked 
|  17|0x0000000081100000, 0x0000000081200000, 0x0000000081200000|100%| O|  |TAMS 0x0000000081100000| PB 0x0000000081100000| Untracked 
|  18|0x0000000081200000, 0x0000000081300000, 0x0000000081300000|100%| O|  |TAMS 0x0000000081200000| PB 0x0000000081200000| Untracked 
|  19|0x0000000081300000, 0x0000000081400000, 0x0000000081400000|100%| O|  |TAMS 0x0000000081300000| PB 0x0000000081300000| Untracked 
|  20|0x0000000081400000, 0x0000000081500000, 0x0000000081500000|100%| O|  |TAMS 0x0000000081400000| PB 0x0000000081400000| Untracked 
|  21|0x0000000081500000, 0x0000000081600000, 0x0000000081600000|100%| O|  |TAMS 0x0000000081500000| PB 0x0000000081500000| Untracked 
|  22|0x0000000081600000, 0x0000000081700000, 0x0000000081700000|100%| O|  |TAMS 0x0000000081600000| PB 0x0000000081600000| Untracked 
|  23|0x0000000081700000, 0x0000000081800000, 0x0000000081800000|100%|HS|  |TAMS 0x0000000081700000| PB 0x0000000081700000| Complete 
|  24|0x0000000081800000, 0x0000000081900000, 0x0000000081900000|100%| O|  |TAMS 0x0000000081800000| PB 0x0000000081800000| Untracked 
|  25|0x0000000081900000, 0x0000000081a00000, 0x0000000081a00000|100%| O|  |TAMS 0x0000000081900000| PB 0x0000000081900000| Untracked 
|  26|0x0000000081a00000, 0x0000000081b00000, 0x0000000081b00000|100%| O|  |TAMS 0x0000000081a00000| PB 0x0000000081a00000| Untracked 
|  27|0x0000000081b00000, 0x0000000081c00000, 0x0000000081c00000|100%| O|  |TAMS 0x0000000081b00000| PB 0x0000000081b00000| Untracked 
|  28|0x0000000081c00000, 0x0000000081d00000, 0x0000000081d00000|100%| O|  |TAMS 0x0000000081c00000| PB 0x0000000081c00000| Untracked 
|  29|0x0000000081d00000, 0x0000000081e00000, 0x0000000081e00000|100%| O|  |TAMS 0x0000000081d00000| PB 0x0000000081d00000| Untracked 
|  30|0x0000000081e00000, 0x0000000081f00000, 0x0000000081f00000|100%| O|  |TAMS 0x0000000081e00000| PB 0x0000000081e00000| Untracked 
|  31|0x0000000081f00000, 0x0000000082000000, 0x0000000082000000|100%| O|  |TAMS 0x0000000081f00000| PB 0x0000000081f00000| Untracked 
|  32|0x0000000082000000, 0x0000000082100000, 0x0000000082100000|100%|HS|  |TAMS 0x0000000082000000| PB 0x0000000082000000| Complete 
|  33|0x0000000082100000, 0x0000000082200000, 0x0000000082200000|100%| O|  |TAMS 0x0000000082100000| PB 0x0000000082100000| Untracked 
|  34|0x0000000082200000, 0x0000000082300000, 0x0000000082300000|100%| O|  |TAMS 0x0000000082200000| PB 0x0000000082200000| Untracked 
|  35|0x0000000082300000, 0x0000000082400000, 0x0000000082400000|100%| O|  |TAMS 0x0000000082300000| PB 0x0000000082300000| Untracked 
|  36|0x0000000082400000, 0x0000000082500000, 0x0000000082500000|100%| O|  |TAMS 0x0000000082400000| PB 0x0000000082400000| Untracked 
|  37|0x0000000082500000, 0x0000000082600000, 0x0000000082600000|100%| O|  |TAMS 0x0000000082500000| PB 0x0000000082500000| Untracked 
|  38|0x0000000082600000, 0x0000000082700000, 0x0000000082700000|100%| O|  |TAMS 0x0000000082600000| PB 0x0000000082600000| Untracked 
|  39|0x0000000082700000, 0x0000000082800000, 0x0000000082800000|100%|HS|  |TAMS 0x0000000082700000| PB 0x0000000082700000| Complete 
|  40|0x0000000082800000, 0x0000000082900000, 0x0000000082900000|100%|HS|  |TAMS 0x0000000082800000| PB 0x0000000082800000| Complete 
|  41|0x0000000082900000, 0x0000000082a00000, 0x0000000082a00000|100%|HC|  |TAMS 0x0000000082900000| PB 0x0000000082900000| Complete 
|  42|0x0000000082a00000, 0x0000000082b00000, 0x0000000082b00000|100%|HS|  |TAMS 0x0000000082a00000| PB 0x0000000082a00000| Complete 
|  43|0x0000000082b00000, 0x0000000082c00000, 0x0000000082c00000|100%|HC|  |TAMS 0x0000000082b00000| PB 0x0000000082b00000| Complete 
|  44|0x0000000082c00000, 0x0000000082d00000, 0x0000000082d00000|100%|HS|  |TAMS 0x0000000082c00000| PB 0x0000000082c00000| Complete 
|  45|0x0000000082d00000, 0x0000000082e00000, 0x0000000082e00000|100%|HS|  |TAMS 0x0000000082d00000| PB 0x0000000082d00000| Complete 
|  46|0x0000000082e00000, 0x0000000082f00000, 0x0000000082f00000|100%| O|  |TAMS 0x0000000082e00000| PB 0x0000000082e00000| Untracked 
|  47|0x0000000082f00000, 0x0000000083000000, 0x0000000083000000|100%|HS|  |TAMS 0x0000000082f00000| PB 0x0000000082f00000| Complete 
|  48|0x0000000083000000, 0x0000000083100000, 0x0000000083100000|100%| O|  |TAMS 0x0000000083000000| PB 0x0000000083000000| Untracked 
|  49|0x0000000083100000, 0x0000000083200000, 0x0000000083200000|100%| O|  |TAMS 0x0000000083100000| PB 0x0000000083100000| Untracked 
|  50|0x0000000083200000, 0x0000000083300000, 0x0000000083300000|100%| O|  |TAMS 0x0000000083200000| PB 0x0000000083200000| Untracked 
|  51|0x0000000083300000, 0x0000000083400000, 0x0000000083400000|100%| O|  |TAMS 0x0000000083300000| PB 0x0000000083300000| Untracked 
|  52|0x0000000083400000, 0x0000000083500000, 0x0000000083500000|100%| O|  |TAMS 0x0000000083400000| PB 0x0000000083400000| Untracked 
|  53|0x0000000083500000, 0x0000000083600000, 0x0000000083600000|100%|HS|  |TAMS 0x0000000083500000| PB 0x0000000083500000| Complete 
|  54|0x0000000083600000, 0x0000000083700000, 0x0000000083700000|100%| O|  |TAMS 0x0000000083600000| PB 0x0000000083600000| Untracked 
|  55|0x0000000083700000, 0x0000000083800000, 0x0000000083800000|100%| O|  |TAMS 0x0000000083700000| PB 0x0000000083700000| Untracked 
|  56|0x0000000083800000, 0x0000000083900000, 0x0000000083900000|100%| O|  |TAMS 0x0000000083800000| PB 0x0000000083800000| Untracked 
|  57|0x0000000083900000, 0x0000000083a00000, 0x0000000083a00000|100%| O|  |TAMS 0x0000000083900000| PB 0x0000000083900000| Untracked 
|  58|0x0000000083a00000, 0x0000000083b00000, 0x0000000083b00000|100%| O|  |TAMS 0x0000000083a00000| PB 0x0000000083a00000| Untracked 
|  59|0x0000000083b00000, 0x0000000083c00000, 0x0000000083c00000|100%| O|  |TAMS 0x0000000083b00000| PB 0x0000000083b00000| Untracked 
|  60|0x0000000083c00000, 0x0000000083d00000, 0x0000000083d00000|100%| O|  |TAMS 0x0000000083c00000| PB 0x0000000083c00000| Untracked 
|  61|0x0000000083d00000, 0x0000000083d00000, 0x0000000083e00000|  0%| F|  |TAMS 0x0000000083d00000| PB 0x0000000083d00000| Untracked 
|  62|0x0000000083e00000, 0x0000000083f00000, 0x0000000083f00000|100%| O|  |TAMS 0x0000000083e00000| PB 0x0000000083e00000| Untracked 
|  63|0x0000000083f00000, 0x0000000084000000, 0x0000000084000000|100%| O|  |TAMS 0x0000000083f00000| PB 0x0000000083f00000| Untracked 
|  64|0x0000000084000000, 0x0000000084100000, 0x0000000084100000|100%| O|  |TAMS 0x0000000084000000| PB 0x0000000084000000| Untracked 
|  65|0x0000000084100000, 0x0000000084200000, 0x0000000084200000|100%| O|  |TAMS 0x0000000084100000| PB 0x0000000084100000| Untracked 
|  66|0x0000000084200000, 0x0000000084300000, 0x0000000084300000|100%| O|  |TAMS 0x0000000084200000| PB 0x0000000084200000| Untracked 
|  67|0x0000000084300000, 0x0000000084400000, 0x0000000084400000|100%| O|  |TAMS 0x0000000084300000| PB 0x0000000084300000| Untracked 
|  68|0x0000000084400000, 0x0000000084500000, 0x0000000084500000|100%| O|  |TAMS 0x0000000084400000| PB 0x0000000084400000| Untracked 
|  69|0x0000000084500000, 0x0000000084600000, 0x0000000084600000|100%| O|  |TAMS 0x0000000084500000| PB 0x0000000084500000| Untracked 
|  70|0x0000000084600000, 0x0000000084700000, 0x0000000084700000|100%| O|  |TAMS 0x0000000084600000| PB 0x0000000084600000| Untracked 
|  71|0x0000000084700000, 0x0000000084800000, 0x0000000084800000|100%| O|  |TAMS 0x0000000084700000| PB 0x0000000084700000| Untracked 
|  72|0x0000000084800000, 0x0000000084900000, 0x0000000084900000|100%| O|  |TAMS 0x0000000084800000| PB 0x0000000084800000| Untracked 
|  73|0x0000000084900000, 0x0000000084a00000, 0x0000000084a00000|100%| O|  |TAMS 0x0000000084900000| PB 0x0000000084900000| Untracked 
|  74|0x0000000084a00000, 0x0000000084b00000, 0x0000000084b00000|100%| O|  |TAMS 0x0000000084a00000| PB 0x0000000084a00000| Untracked 
|  75|0x0000000084b00000, 0x0000000084c00000, 0x0000000084c00000|100%| O|  |TAMS 0x0000000084b00000| PB 0x0000000084b00000| Untracked 
|  76|0x0000000084c00000, 0x0000000084d00000, 0x0000000084d00000|100%| O|  |TAMS 0x0000000084c00000| PB 0x0000000084c00000| Untracked 
|  77|0x0000000084d00000, 0x0000000084e00000, 0x0000000084e00000|100%| O|  |TAMS 0x0000000084d00000| PB 0x0000000084d00000| Untracked 
|  78|0x0000000084e00000, 0x0000000084f00000, 0x0000000084f00000|100%| O|  |TAMS 0x0000000084e00000| PB 0x0000000084e00000| Untracked 
|  79|0x0000000084f00000, 0x0000000085000000, 0x0000000085000000|100%| O|  |TAMS 0x0000000084f00000| PB 0x0000000084f00000| Untracked 
|  80|0x0000000085000000, 0x0000000085100000, 0x0000000085100000|100%| O|  |TAMS 0x0000000085000000| PB 0x0000000085000000| Untracked 
|  81|0x0000000085100000, 0x0000000085200000, 0x0000000085200000|100%| O|  |TAMS 0x0000000085100000| PB 0x0000000085100000| Untracked 
|  82|0x0000000085200000, 0x0000000085200000, 0x0000000085300000|  0%| F|  |TAMS 0x0000000085200000| PB 0x0000000085200000| Untracked 
|  83|0x0000000085300000, 0x0000000085400000, 0x0000000085400000|100%| O|  |TAMS 0x0000000085300000| PB 0x0000000085300000| Untracked 
|  84|0x0000000085400000, 0x0000000085500000, 0x0000000085500000|100%| O|  |TAMS 0x0000000085400000| PB 0x0000000085400000| Untracked 
|  85|0x0000000085500000, 0x0000000085600000, 0x0000000085600000|100%| O|  |TAMS 0x0000000085500000| PB 0x0000000085500000| Untracked 
|  86|0x0000000085600000, 0x0000000085700000, 0x0000000085700000|100%| O|  |TAMS 0x0000000085600000| PB 0x0000000085600000| Untracked 
|  87|0x0000000085700000, 0x0000000085800000, 0x0000000085800000|100%| O|  |TAMS 0x0000000085700000| PB 0x0000000085700000| Untracked 
|  88|0x0000000085800000, 0x0000000085900000, 0x0000000085900000|100%| O|  |TAMS 0x0000000085800000| PB 0x0000000085800000| Untracked 
|  89|0x0000000085900000, 0x0000000085a00000, 0x0000000085a00000|100%| O|  |TAMS 0x0000000085900000| PB 0x0000000085900000| Untracked 
|  90|0x0000000085a00000, 0x0000000085b00000, 0x0000000085b00000|100%| O|  |TAMS 0x0000000085a00000| PB 0x0000000085a00000| Untracked 
|  91|0x0000000085b00000, 0x0000000085c00000, 0x0000000085c00000|100%| O|  |TAMS 0x0000000085b00000| PB 0x0000000085b00000| Untracked 
|  92|0x0000000085c00000, 0x0000000085d00000, 0x0000000085d00000|100%| O|  |TAMS 0x0000000085c00000| PB 0x0000000085c00000| Untracked 
|  93|0x0000000085d00000, 0x0000000085e00000, 0x0000000085e00000|100%| O|  |TAMS 0x0000000085d00000| PB 0x0000000085d00000| Untracked 
|  94|0x0000000085e00000, 0x0000000085f00000, 0x0000000085f00000|100%| O|  |TAMS 0x0000000085e00000| PB 0x0000000085e00000| Untracked 
|  95|0x0000000085f00000, 0x0000000086000000, 0x0000000086000000|100%| O|  |TAMS 0x0000000085f00000| PB 0x0000000085f00000| Untracked 
|  96|0x0000000086000000, 0x0000000086100000, 0x0000000086100000|100%| O|  |TAMS 0x0000000086000000| PB 0x0000000086000000| Untracked 
|  97|0x0000000086100000, 0x0000000086200000, 0x0000000086200000|100%| O|  |TAMS 0x0000000086100000| PB 0x0000000086100000| Untracked 
|  98|0x0000000086200000, 0x0000000086300000, 0x0000000086300000|100%| O|  |TAMS 0x0000000086200000| PB 0x0000000086200000| Untracked 
|  99|0x0000000086300000, 0x0000000086400000, 0x0000000086400000|100%| O|  |TAMS 0x0000000086300000| PB 0x0000000086300000| Untracked 
| 100|0x0000000086400000, 0x0000000086500000, 0x0000000086500000|100%| O|  |TAMS 0x0000000086400000| PB 0x0000000086400000| Untracked 
| 101|0x0000000086500000, 0x0000000086600000, 0x0000000086600000|100%| O|  |TAMS 0x0000000086500000| PB 0x0000000086500000| Untracked 
| 102|0x0000000086600000, 0x0000000086700000, 0x0000000086700000|100%| O|  |TAMS 0x0000000086600000| PB 0x0000000086600000| Untracked 
| 103|0x0000000086700000, 0x0000000086800000, 0x0000000086800000|100%| O|  |TAMS 0x0000000086700000| PB 0x0000000086700000| Untracked 
| 104|0x0000000086800000, 0x0000000086900000, 0x0000000086900000|100%| O|  |TAMS 0x0000000086800000| PB 0x0000000086800000| Untracked 
| 105|0x0000000086900000, 0x0000000086a00000, 0x0000000086a00000|100%| O|  |TAMS 0x0000000086900000| PB 0x0000000086900000| Untracked 
| 106|0x0000000086a00000, 0x0000000086b00000, 0x0000000086b00000|100%| O|  |TAMS 0x0000000086a00000| PB 0x0000000086a00000| Untracked 
| 107|0x0000000086b00000, 0x0000000086c00000, 0x0000000086c00000|100%| O|  |TAMS 0x0000000086b00000| PB 0x0000000086b00000| Untracked 
| 108|0x0000000086c00000, 0x0000000086d00000, 0x0000000086d00000|100%| O|  |TAMS 0x0000000086c00000| PB 0x0000000086c00000| Untracked 
| 109|0x0000000086d00000, 0x0000000086e00000, 0x0000000086e00000|100%| O|  |TAMS 0x0000000086d00000| PB 0x0000000086d00000| Untracked 
| 110|0x0000000086e00000, 0x0000000086f00000, 0x0000000086f00000|100%| O|  |TAMS 0x0000000086e00000| PB 0x0000000086e00000| Untracked 
| 111|0x0000000086f00000, 0x0000000087000000, 0x0000000087000000|100%| O|  |TAMS 0x0000000086f00000| PB 0x0000000086f00000| Untracked 
| 112|0x0000000087000000, 0x0000000087100000, 0x0000000087100000|100%| O|  |TAMS 0x0000000087000000| PB 0x0000000087000000| Untracked 
| 113|0x0000000087100000, 0x0000000087200000, 0x0000000087200000|100%| O|  |TAMS 0x0000000087100000| PB 0x0000000087100000| Untracked 
| 114|0x0000000087200000, 0x0000000087300000, 0x0000000087300000|100%| O|  |TAMS 0x0000000087200000| PB 0x0000000087200000| Untracked 
| 115|0x0000000087300000, 0x0000000087300000, 0x0000000087400000|  0%| F|  |TAMS 0x0000000087300000| PB 0x0000000087300000| Untracked 
| 116|0x0000000087400000, 0x0000000087500000, 0x0000000087500000|100%| O|  |TAMS 0x0000000087400000| PB 0x0000000087400000| Untracked 
| 117|0x0000000087500000, 0x0000000087600000, 0x0000000087600000|100%| O|  |TAMS 0x0000000087500000| PB 0x0000000087500000| Untracked 
| 118|0x0000000087600000, 0x0000000087700000, 0x0000000087700000|100%| O|  |TAMS 0x0000000087600000| PB 0x0000000087600000| Untracked 
| 119|0x0000000087700000, 0x0000000087800000, 0x0000000087800000|100%| O|  |TAMS 0x0000000087700000| PB 0x0000000087700000| Untracked 
| 120|0x0000000087800000, 0x0000000087900000, 0x0000000087900000|100%| O|  |TAMS 0x0000000087800000| PB 0x0000000087800000| Untracked 
| 121|0x0000000087900000, 0x0000000087a00000, 0x0000000087a00000|100%| O|  |TAMS 0x0000000087900000| PB 0x0000000087900000| Untracked 
| 122|0x0000000087a00000, 0x0000000087b00000, 0x0000000087b00000|100%| O|  |TAMS 0x0000000087a00000| PB 0x0000000087a00000| Untracked 
| 123|0x0000000087b00000, 0x0000000087c00000, 0x0000000087c00000|100%| O|  |TAMS 0x0000000087b00000| PB 0x0000000087b00000| Untracked 
| 124|0x0000000087c00000, 0x0000000087c16970, 0x0000000087d00000|  8%| O|  |TAMS 0x0000000087c00000| PB 0x0000000087c00000| Untracked 
| 125|0x0000000087d00000, 0x0000000087d00000, 0x0000000087e00000|  0%| F|  |TAMS 0x0000000087d00000| PB 0x0000000087d00000| Untracked 
| 126|0x0000000087e00000, 0x0000000087e00000, 0x0000000087f00000|  0%| F|  |TAMS 0x0000000087e00000| PB 0x0000000087e00000| Untracked 
| 127|0x0000000087f00000, 0x0000000087f00000, 0x0000000088000000|  0%| F|  |TAMS 0x0000000087f00000| PB 0x0000000087f00000| Untracked 
| 128|0x0000000088000000, 0x0000000088000000, 0x0000000088100000|  0%| F|  |TAMS 0x0000000088000000| PB 0x0000000088000000| Untracked 
| 129|0x0000000088100000, 0x0000000088100000, 0x0000000088200000|  0%| F|  |TAMS 0x0000000088100000| PB 0x0000000088100000| Untracked 
| 130|0x0000000088200000, 0x0000000088200000, 0x0000000088300000|  0%| F|  |TAMS 0x0000000088200000| PB 0x0000000088200000| Untracked 
| 131|0x0000000088300000, 0x0000000088300000, 0x0000000088400000|  0%| F|  |TAMS 0x0000000088300000| PB 0x0000000088300000| Untracked 
| 132|0x0000000088400000, 0x0000000088400000, 0x0000000088500000|  0%| F|  |TAMS 0x0000000088400000| PB 0x0000000088400000| Untracked 
| 133|0x0000000088500000, 0x0000000088500000, 0x0000000088600000|  0%| F|  |TAMS 0x0000000088500000| PB 0x0000000088500000| Untracked 
| 134|0x0000000088600000, 0x0000000088600000, 0x0000000088700000|  0%| F|  |TAMS 0x0000000088600000| PB 0x0000000088600000| Untracked 
| 135|0x0000000088700000, 0x0000000088700000, 0x0000000088800000|  0%| F|  |TAMS 0x0000000088700000| PB 0x0000000088700000| Untracked 
| 136|0x0000000088800000, 0x0000000088800000, 0x0000000088900000|  0%| F|  |TAMS 0x0000000088800000| PB 0x0000000088800000| Untracked 
| 137|0x0000000088900000, 0x0000000088900000, 0x0000000088a00000|  0%| F|  |TAMS 0x0000000088900000| PB 0x0000000088900000| Untracked 
| 138|0x0000000088a00000, 0x0000000088a00000, 0x0000000088b00000|  0%| F|  |TAMS 0x0000000088a00000| PB 0x0000000088a00000| Untracked 
| 139|0x0000000088b00000, 0x0000000088b61860, 0x0000000088c00000| 38%| S|CS|TAMS 0x0000000088b00000| PB 0x0000000088b00000| Complete 
| 140|0x0000000088c00000, 0x0000000088d00000, 0x0000000088d00000|100%| S|CS|TAMS 0x0000000088c00000| PB 0x0000000088c00000| Complete 
| 141|0x0000000088d00000, 0x0000000088e00000, 0x0000000088e00000|100%| S|CS|TAMS 0x0000000088d00000| PB 0x0000000088d00000| Complete 
| 142|0x0000000088e00000, 0x0000000088f00000, 0x0000000088f00000|100%| S|CS|TAMS 0x0000000088e00000| PB 0x0000000088e00000| Complete 
| 143|0x0000000088f00000, 0x0000000089000000, 0x0000000089000000|100%| S|CS|TAMS 0x0000000088f00000| PB 0x0000000088f00000| Complete 
| 144|0x0000000089000000, 0x0000000089100000, 0x0000000089100000|100%| S|CS|TAMS 0x0000000089000000| PB 0x0000000089000000| Complete 
| 145|0x0000000089100000, 0x0000000089200000, 0x0000000089200000|100%| S|CS|TAMS 0x0000000089100000| PB 0x0000000089100000| Complete 
| 146|0x0000000089200000, 0x0000000089300000, 0x0000000089300000|100%| S|CS|TAMS 0x0000000089200000| PB 0x0000000089200000| Complete 
| 147|0x0000000089300000, 0x0000000089300000, 0x0000000089400000|  0%| F|  |TAMS 0x0000000089300000| PB 0x0000000089300000| Untracked 
| 148|0x0000000089400000, 0x0000000089400000, 0x0000000089500000|  0%| F|  |TAMS 0x0000000089400000| PB 0x0000000089400000| Untracked 
| 149|0x0000000089500000, 0x0000000089500000, 0x0000000089600000|  0%| F|  |TAMS 0x0000000089500000| PB 0x0000000089500000| Untracked 
| 150|0x0000000089600000, 0x0000000089600000, 0x0000000089700000|  0%| F|  |TAMS 0x0000000089600000| PB 0x0000000089600000| Untracked 
| 151|0x0000000089700000, 0x0000000089700000, 0x0000000089800000|  0%| F|  |TAMS 0x0000000089700000| PB 0x0000000089700000| Untracked 
| 152|0x0000000089800000, 0x0000000089800000, 0x0000000089900000|  0%| F|  |TAMS 0x0000000089800000| PB 0x0000000089800000| Untracked 
| 153|0x0000000089900000, 0x0000000089900000, 0x0000000089a00000|  0%| F|  |TAMS 0x0000000089900000| PB 0x0000000089900000| Untracked 
| 154|0x0000000089a00000, 0x0000000089a00000, 0x0000000089b00000|  0%| F|  |TAMS 0x0000000089a00000| PB 0x0000000089a00000| Untracked 
| 155|0x0000000089b00000, 0x0000000089b00000, 0x0000000089c00000|  0%| F|  |TAMS 0x0000000089b00000| PB 0x0000000089b00000| Untracked 
| 156|0x0000000089c00000, 0x0000000089c00000, 0x0000000089d00000|  0%| F|  |TAMS 0x0000000089c00000| PB 0x0000000089c00000| Untracked 
| 157|0x0000000089d00000, 0x0000000089d00000, 0x0000000089e00000|  0%| F|  |TAMS 0x0000000089d00000| PB 0x0000000089d00000| Untracked 
| 158|0x0000000089e00000, 0x0000000089e00000, 0x0000000089f00000|  0%| F|  |TAMS 0x0000000089e00000| PB 0x0000000089e00000| Untracked 
| 159|0x0000000089f00000, 0x0000000089f00000, 0x000000008a000000|  0%| F|  |TAMS 0x0000000089f00000| PB 0x0000000089f00000| Untracked 
| 160|0x000000008a000000, 0x000000008a000000, 0x000000008a100000|  0%| F|  |TAMS 0x000000008a000000| PB 0x000000008a000000| Untracked 
| 161|0x000000008a100000, 0x000000008a100000, 0x000000008a200000|  0%| F|  |TAMS 0x000000008a100000| PB 0x000000008a100000| Untracked 
| 162|0x000000008a200000, 0x000000008a200000, 0x000000008a300000|  0%| F|  |TAMS 0x000000008a200000| PB 0x000000008a200000| Untracked 
| 163|0x000000008a300000, 0x000000008a300000, 0x000000008a400000|  0%| F|  |TAMS 0x000000008a300000| PB 0x000000008a300000| Untracked 
| 164|0x000000008a400000, 0x000000008a400000, 0x000000008a500000|  0%| F|  |TAMS 0x000000008a400000| PB 0x000000008a400000| Untracked 
| 165|0x000000008a500000, 0x000000008a500000, 0x000000008a600000|  0%| F|  |TAMS 0x000000008a500000| PB 0x000000008a500000| Untracked 
| 166|0x000000008a600000, 0x000000008a600000, 0x000000008a700000|  0%| F|  |TAMS 0x000000008a600000| PB 0x000000008a600000| Untracked 
| 167|0x000000008a700000, 0x000000008a700000, 0x000000008a800000|  0%| F|  |TAMS 0x000000008a700000| PB 0x000000008a700000| Untracked 
| 168|0x000000008a800000, 0x000000008a800000, 0x000000008a900000|  0%| F|  |TAMS 0x000000008a800000| PB 0x000000008a800000| Untracked 
| 169|0x000000008a900000, 0x000000008a900000, 0x000000008aa00000|  0%| F|  |TAMS 0x000000008a900000| PB 0x000000008a900000| Untracked 
| 170|0x000000008aa00000, 0x000000008aa00000, 0x000000008ab00000|  0%| F|  |TAMS 0x000000008aa00000| PB 0x000000008aa00000| Untracked 
| 171|0x000000008ab00000, 0x000000008ab00000, 0x000000008ac00000|  0%| F|  |TAMS 0x000000008ab00000| PB 0x000000008ab00000| Untracked 
| 172|0x000000008ac00000, 0x000000008ac00000, 0x000000008ad00000|  0%| F|  |TAMS 0x000000008ac00000| PB 0x000000008ac00000| Untracked 
| 173|0x000000008ad00000, 0x000000008ad00000, 0x000000008ae00000|  0%| F|  |TAMS 0x000000008ad00000| PB 0x000000008ad00000| Untracked 
| 174|0x000000008ae00000, 0x000000008ae00000, 0x000000008af00000|  0%| F|  |TAMS 0x000000008ae00000| PB 0x000000008ae00000| Untracked 
| 175|0x000000008af00000, 0x000000008af00000, 0x000000008b000000|  0%| F|  |TAMS 0x000000008af00000| PB 0x000000008af00000| Untracked 
| 176|0x000000008b000000, 0x000000008b000000, 0x000000008b100000|  0%| F|  |TAMS 0x000000008b000000| PB 0x000000008b000000| Untracked 
| 177|0x000000008b100000, 0x000000008b100000, 0x000000008b200000|  0%| F|  |TAMS 0x000000008b100000| PB 0x000000008b100000| Untracked 
| 178|0x000000008b200000, 0x000000008b200000, 0x000000008b300000|  0%| F|  |TAMS 0x000000008b200000| PB 0x000000008b200000| Untracked 
| 179|0x000000008b300000, 0x000000008b300000, 0x000000008b400000|  0%| F|  |TAMS 0x000000008b300000| PB 0x000000008b300000| Untracked 
| 180|0x000000008b400000, 0x000000008b400000, 0x000000008b500000|  0%| F|  |TAMS 0x000000008b400000| PB 0x000000008b400000| Untracked 
| 181|0x000000008b500000, 0x000000008b500000, 0x000000008b600000|  0%| F|  |TAMS 0x000000008b500000| PB 0x000000008b500000| Untracked 
| 182|0x000000008b600000, 0x000000008b600000, 0x000000008b700000|  0%| F|  |TAMS 0x000000008b600000| PB 0x000000008b600000| Untracked 
| 183|0x000000008b700000, 0x000000008b700000, 0x000000008b800000|  0%| F|  |TAMS 0x000000008b700000| PB 0x000000008b700000| Untracked 
| 184|0x000000008b800000, 0x000000008b800000, 0x000000008b900000|  0%| F|  |TAMS 0x000000008b800000| PB 0x000000008b800000| Untracked 
| 185|0x000000008b900000, 0x000000008b900000, 0x000000008ba00000|  0%| F|  |TAMS 0x000000008b900000| PB 0x000000008b900000| Untracked 
| 186|0x000000008ba00000, 0x000000008ba00000, 0x000000008bb00000|  0%| F|  |TAMS 0x000000008ba00000| PB 0x000000008ba00000| Untracked 
| 187|0x000000008bb00000, 0x000000008bb00000, 0x000000008bc00000|  0%| F|  |TAMS 0x000000008bb00000| PB 0x000000008bb00000| Untracked 
| 188|0x000000008bc00000, 0x000000008bc00000, 0x000000008bd00000|  0%| F|  |TAMS 0x000000008bc00000| PB 0x000000008bc00000| Untracked 
| 189|0x000000008bd00000, 0x000000008bd00000, 0x000000008be00000|  0%| F|  |TAMS 0x000000008bd00000| PB 0x000000008bd00000| Untracked 
| 190|0x000000008be00000, 0x000000008be00000, 0x000000008bf00000|  0%| F|  |TAMS 0x000000008be00000| PB 0x000000008be00000| Untracked 
| 191|0x000000008bf00000, 0x000000008bf00000, 0x000000008c000000|  0%| F|  |TAMS 0x000000008bf00000| PB 0x000000008bf00000| Untracked 
| 192|0x000000008c000000, 0x000000008c000000, 0x000000008c100000|  0%| F|  |TAMS 0x000000008c000000| PB 0x000000008c000000| Untracked 
| 193|0x000000008c100000, 0x000000008c100000, 0x000000008c200000|  0%| F|  |TAMS 0x000000008c100000| PB 0x000000008c100000| Untracked 
| 194|0x000000008c200000, 0x000000008c200000, 0x000000008c300000|  0%| F|  |TAMS 0x000000008c200000| PB 0x000000008c200000| Untracked 
| 195|0x000000008c300000, 0x000000008c300000, 0x000000008c400000|  0%| F|  |TAMS 0x000000008c300000| PB 0x000000008c300000| Untracked 
| 196|0x000000008c400000, 0x000000008c400000, 0x000000008c500000|  0%| F|  |TAMS 0x000000008c400000| PB 0x000000008c400000| Untracked 
| 197|0x000000008c500000, 0x000000008c500000, 0x000000008c600000|  0%| F|  |TAMS 0x000000008c500000| PB 0x000000008c500000| Untracked 
| 198|0x000000008c600000, 0x000000008c600000, 0x000000008c700000|  0%| F|  |TAMS 0x000000008c600000| PB 0x000000008c600000| Untracked 
| 199|0x000000008c700000, 0x000000008c700000, 0x000000008c800000|  0%| F|  |TAMS 0x000000008c700000| PB 0x000000008c700000| Untracked 
| 200|0x000000008c800000, 0x000000008c800000, 0x000000008c900000|  0%| F|  |TAMS 0x000000008c800000| PB 0x000000008c800000| Untracked 
| 201|0x000000008c900000, 0x000000008c900000, 0x000000008ca00000|  0%| F|  |TAMS 0x000000008c900000| PB 0x000000008c900000| Untracked 
| 202|0x000000008ca00000, 0x000000008ca00000, 0x000000008cb00000|  0%| F|  |TAMS 0x000000008ca00000| PB 0x000000008ca00000| Untracked 
| 203|0x000000008cb00000, 0x000000008cb00000, 0x000000008cc00000|  0%| F|  |TAMS 0x000000008cb00000| PB 0x000000008cb00000| Untracked 
| 204|0x000000008cc00000, 0x000000008cc00000, 0x000000008cd00000|  0%| F|  |TAMS 0x000000008cc00000| PB 0x000000008cc00000| Untracked 
| 205|0x000000008cd00000, 0x000000008cd00000, 0x000000008ce00000|  0%| F|  |TAMS 0x000000008cd00000| PB 0x000000008cd00000| Untracked 
| 206|0x000000008ce00000, 0x000000008ce00000, 0x000000008cf00000|  0%| F|  |TAMS 0x000000008ce00000| PB 0x000000008ce00000| Untracked 
| 207|0x000000008cf00000, 0x000000008cf00000, 0x000000008d000000|  0%| F|  |TAMS 0x000000008cf00000| PB 0x000000008cf00000| Untracked 
| 208|0x000000008d000000, 0x000000008d000000, 0x000000008d100000|  0%| F|  |TAMS 0x000000008d000000| PB 0x000000008d000000| Untracked 
| 209|0x000000008d100000, 0x000000008d100000, 0x000000008d200000|  0%| F|  |TAMS 0x000000008d100000| PB 0x000000008d100000| Untracked 
| 210|0x000000008d200000, 0x000000008d200000, 0x000000008d300000|  0%| F|  |TAMS 0x000000008d200000| PB 0x000000008d200000| Untracked 
| 211|0x000000008d300000, 0x000000008d300000, 0x000000008d400000|  0%| F|  |TAMS 0x000000008d300000| PB 0x000000008d300000| Untracked 
| 212|0x000000008d400000, 0x000000008d400000, 0x000000008d500000|  0%| F|  |TAMS 0x000000008d400000| PB 0x000000008d400000| Untracked 
| 213|0x000000008d500000, 0x000000008d500000, 0x000000008d600000|  0%| F|  |TAMS 0x000000008d500000| PB 0x000000008d500000| Untracked 
| 214|0x000000008d600000, 0x000000008d600000, 0x000000008d700000|  0%| F|  |TAMS 0x000000008d600000| PB 0x000000008d600000| Untracked 
| 215|0x000000008d700000, 0x000000008d700000, 0x000000008d800000|  0%| F|  |TAMS 0x000000008d700000| PB 0x000000008d700000| Untracked 
| 216|0x000000008d800000, 0x000000008d800000, 0x000000008d900000|  0%| F|  |TAMS 0x000000008d800000| PB 0x000000008d800000| Untracked 
| 217|0x000000008d900000, 0x000000008d900000, 0x000000008da00000|  0%| F|  |TAMS 0x000000008d900000| PB 0x000000008d900000| Untracked 
| 218|0x000000008da00000, 0x000000008da00000, 0x000000008db00000|  0%| F|  |TAMS 0x000000008da00000| PB 0x000000008da00000| Untracked 
| 219|0x000000008db00000, 0x000000008db00000, 0x000000008dc00000|  0%| F|  |TAMS 0x000000008db00000| PB 0x000000008db00000| Untracked 
| 220|0x000000008dc00000, 0x000000008dc00000, 0x000000008dd00000|  0%| F|  |TAMS 0x000000008dc00000| PB 0x000000008dc00000| Untracked 
| 221|0x000000008dd00000, 0x000000008dd00000, 0x000000008de00000|  0%| F|  |TAMS 0x000000008dd00000| PB 0x000000008dd00000| Untracked 
| 222|0x000000008de00000, 0x000000008df00000, 0x000000008df00000|100%| E|  |TAMS 0x000000008de00000| PB 0x000000008de00000| Complete 
| 223|0x000000008df00000, 0x000000008e000000, 0x000000008e000000|100%| E|CS|TAMS 0x000000008df00000| PB 0x000000008df00000| Complete 
| 224|0x000000008e000000, 0x000000008e100000, 0x000000008e100000|100%| E|CS|TAMS 0x000000008e000000| PB 0x000000008e000000| Complete 
| 225|0x000000008e100000, 0x000000008e200000, 0x000000008e200000|100%| E|CS|TAMS 0x000000008e100000| PB 0x000000008e100000| Complete 
| 226|0x000000008e200000, 0x000000008e300000, 0x000000008e300000|100%| E|CS|TAMS 0x000000008e200000| PB 0x000000008e200000| Complete 
| 227|0x000000008e300000, 0x000000008e400000, 0x000000008e400000|100%| E|CS|TAMS 0x000000008e300000| PB 0x000000008e300000| Complete 
| 228|0x000000008e400000, 0x000000008e500000, 0x000000008e500000|100%| E|CS|TAMS 0x000000008e400000| PB 0x000000008e400000| Complete 
| 229|0x000000008e500000, 0x000000008e600000, 0x000000008e600000|100%| E|CS|TAMS 0x000000008e500000| PB 0x000000008e500000| Complete 
| 230|0x000000008e600000, 0x000000008e700000, 0x000000008e700000|100%| E|CS|TAMS 0x000000008e600000| PB 0x000000008e600000| Complete 
| 231|0x000000008e700000, 0x000000008e800000, 0x000000008e800000|100%| E|CS|TAMS 0x000000008e700000| PB 0x000000008e700000| Complete 
| 232|0x000000008e800000, 0x000000008e900000, 0x000000008e900000|100%| E|CS|TAMS 0x000000008e800000| PB 0x000000008e800000| Complete 
| 233|0x000000008e900000, 0x000000008ea00000, 0x000000008ea00000|100%| E|CS|TAMS 0x000000008e900000| PB 0x000000008e900000| Complete 
| 234|0x000000008ea00000, 0x000000008eb00000, 0x000000008eb00000|100%| E|CS|TAMS 0x000000008ea00000| PB 0x000000008ea00000| Complete 
| 235|0x000000008eb00000, 0x000000008ec00000, 0x000000008ec00000|100%| E|CS|TAMS 0x000000008eb00000| PB 0x000000008eb00000| Complete 
| 236|0x000000008ec00000, 0x000000008ed00000, 0x000000008ed00000|100%| E|CS|TAMS 0x000000008ec00000| PB 0x000000008ec00000| Complete 
| 237|0x000000008ed00000, 0x000000008ee00000, 0x000000008ee00000|100%| E|CS|TAMS 0x000000008ed00000| PB 0x000000008ed00000| Complete 
| 238|0x000000008ee00000, 0x000000008ef00000, 0x000000008ef00000|100%| E|CS|TAMS 0x000000008ee00000| PB 0x000000008ee00000| Complete 
| 239|0x000000008ef00000, 0x000000008f000000, 0x000000008f000000|100%| E|CS|TAMS 0x000000008ef00000| PB 0x000000008ef00000| Complete 
| 240|0x000000008f000000, 0x000000008f100000, 0x000000008f100000|100%| E|CS|TAMS 0x000000008f000000| PB 0x000000008f000000| Complete 
| 241|0x000000008f100000, 0x000000008f200000, 0x000000008f200000|100%| E|CS|TAMS 0x000000008f100000| PB 0x000000008f100000| Complete 
| 242|0x000000008f200000, 0x000000008f300000, 0x000000008f300000|100%| E|CS|TAMS 0x000000008f200000| PB 0x000000008f200000| Complete 
| 243|0x000000008f300000, 0x000000008f400000, 0x000000008f400000|100%| E|CS|TAMS 0x000000008f300000| PB 0x000000008f300000| Complete 
| 244|0x000000008f400000, 0x000000008f500000, 0x000000008f500000|100%| E|CS|TAMS 0x000000008f400000| PB 0x000000008f400000| Complete 
| 245|0x000000008f500000, 0x000000008f600000, 0x000000008f600000|100%| E|CS|TAMS 0x000000008f500000| PB 0x000000008f500000| Complete 
| 246|0x000000008f600000, 0x000000008f700000, 0x000000008f700000|100%| E|CS|TAMS 0x000000008f600000| PB 0x000000008f600000| Complete 
| 247|0x000000008f700000, 0x000000008f800000, 0x000000008f800000|100%| E|CS|TAMS 0x000000008f700000| PB 0x000000008f700000| Complete 
| 248|0x000000008f800000, 0x000000008f900000, 0x000000008f900000|100%| E|CS|TAMS 0x000000008f800000| PB 0x000000008f800000| Complete 
| 249|0x000000008f900000, 0x000000008fa00000, 0x000000008fa00000|100%| E|CS|TAMS 0x000000008f900000| PB 0x000000008f900000| Complete 
| 250|0x000000008fa00000, 0x000000008fb00000, 0x000000008fb00000|100%| E|CS|TAMS 0x000000008fa00000| PB 0x000000008fa00000| Complete 
| 251|0x000000008fb00000, 0x000000008fc00000, 0x000000008fc00000|100%| E|CS|TAMS 0x000000008fb00000| PB 0x000000008fb00000| Complete 
| 252|0x000000008fc00000, 0x000000008fd00000, 0x000000008fd00000|100%| E|CS|TAMS 0x000000008fc00000| PB 0x000000008fc00000| Complete 
| 253|0x000000008fd00000, 0x000000008fe00000, 0x000000008fe00000|100%| E|CS|TAMS 0x000000008fd00000| PB 0x000000008fd00000| Complete 
| 254|0x000000008fe00000, 0x000000008ff00000, 0x000000008ff00000|100%| E|CS|TAMS 0x000000008fe00000| PB 0x000000008fe00000| Complete 
| 255|0x000000008ff00000, 0x0000000090000000, 0x0000000090000000|100%| E|CS|TAMS 0x000000008ff00000| PB 0x000000008ff00000| Complete 
| 256|0x0000000090000000, 0x0000000090100000, 0x0000000090100000|100%| E|CS|TAMS 0x0000000090000000| PB 0x0000000090000000| Complete 
| 257|0x0000000090100000, 0x0000000090200000, 0x0000000090200000|100%| E|CS|TAMS 0x0000000090100000| PB 0x0000000090100000| Complete 
| 258|0x0000000090200000, 0x0000000090300000, 0x0000000090300000|100%| E|CS|TAMS 0x0000000090200000| PB 0x0000000090200000| Complete 
| 259|0x0000000090300000, 0x0000000090400000, 0x0000000090400000|100%| E|CS|TAMS 0x0000000090300000| PB 0x0000000090300000| Complete 
| 260|0x0000000090400000, 0x0000000090500000, 0x0000000090500000|100%| E|CS|TAMS 0x0000000090400000| PB 0x0000000090400000| Complete 
| 261|0x0000000090500000, 0x0000000090600000, 0x0000000090600000|100%| E|CS|TAMS 0x0000000090500000| PB 0x0000000090500000| Complete 
| 262|0x0000000090600000, 0x0000000090700000, 0x0000000090700000|100%| E|CS|TAMS 0x0000000090600000| PB 0x0000000090600000| Complete 
| 263|0x0000000090700000, 0x0000000090800000, 0x0000000090800000|100%| E|CS|TAMS 0x0000000090700000| PB 0x0000000090700000| Complete 
| 264|0x0000000090800000, 0x0000000090900000, 0x0000000090900000|100%| E|CS|TAMS 0x0000000090800000| PB 0x0000000090800000| Complete 
| 265|0x0000000090900000, 0x0000000090a00000, 0x0000000090a00000|100%| E|CS|TAMS 0x0000000090900000| PB 0x0000000090900000| Complete 
| 266|0x0000000090a00000, 0x0000000090b00000, 0x0000000090b00000|100%| E|CS|TAMS 0x0000000090a00000| PB 0x0000000090a00000| Complete 
| 267|0x0000000090b00000, 0x0000000090c00000, 0x0000000090c00000|100%| E|CS|TAMS 0x0000000090b00000| PB 0x0000000090b00000| Complete 
| 268|0x0000000090c00000, 0x0000000090d00000, 0x0000000090d00000|100%| E|CS|TAMS 0x0000000090c00000| PB 0x0000000090c00000| Complete 
| 269|0x0000000090d00000, 0x0000000090e00000, 0x0000000090e00000|100%| E|CS|TAMS 0x0000000090d00000| PB 0x0000000090d00000| Complete 
| 270|0x0000000090e00000, 0x0000000090f00000, 0x0000000090f00000|100%| E|CS|TAMS 0x0000000090e00000| PB 0x0000000090e00000| Complete 
| 271|0x0000000090f00000, 0x0000000091000000, 0x0000000091000000|100%| E|CS|TAMS 0x0000000090f00000| PB 0x0000000090f00000| Complete 
| 272|0x0000000091000000, 0x0000000091100000, 0x0000000091100000|100%| E|CS|TAMS 0x0000000091000000| PB 0x0000000091000000| Complete 
| 273|0x0000000091100000, 0x0000000091200000, 0x0000000091200000|100%| E|CS|TAMS 0x0000000091100000| PB 0x0000000091100000| Complete 
| 274|0x0000000091200000, 0x0000000091300000, 0x0000000091300000|100%| E|CS|TAMS 0x0000000091200000| PB 0x0000000091200000| Complete 
| 275|0x0000000091300000, 0x0000000091400000, 0x0000000091400000|100%| E|CS|TAMS 0x0000000091300000| PB 0x0000000091300000| Complete 
| 276|0x0000000091400000, 0x0000000091500000, 0x0000000091500000|100%| E|CS|TAMS 0x0000000091400000| PB 0x0000000091400000| Complete 
|2046|0x00000000ffe00000, 0x00000000fff00000, 0x00000000fff00000|100%| E|CS|TAMS 0x00000000ffe00000| PB 0x00000000ffe00000| Complete 
|2047|0x00000000fff00000, 0x0000000100000000, 0x0000000100000000|100%| O|  |TAMS 0x00000000fff00000| PB 0x00000000fff00000| Untracked 

Card table byte_map: [0x000001e9c25c0000,0x000001e9c29c0000] _byte_map_base: 0x000001e9c21c0000

Marking Bits: (CMBitMap*) 0x000001e9afeae3d0
 Bits: [0x000001e9c29c0000, 0x000001e9c49c0000)

Polling page: 0x000001e9ad3c0000

Metaspace:

Usage:
  Non-class:    124.90 MB used.
      Class:     19.90 MB used.
       Both:    144.79 MB used.

Virtual space:
  Non-class space:      128.00 MB reserved,     126.00 MB ( 98%) committed,  2 nodes.
      Class space:        1.00 GB reserved,      21.06 MB (  2%) committed,  1 nodes.
             Both:        1.12 GB reserved,     147.06 MB ( 13%) committed. 

Chunk freelists:
   Non-Class:  1.86 MB
       Class:  10.91 MB
        Both:  12.77 MB

MaxMetaspaceSize: unlimited
CompressedClassSpaceSize: 1.00 GB
Initial GC threshold: 21.00 MB
Current GC threshold: 234.06 MB
CDS: off
 - commit_granule_bytes: 65536.
 - commit_granule_words: 8192.
 - virtual_space_node_default_size: 8388608.
 - enlarge_chunks_in_place: 1.
 - use_allocation_guard: 0.


Internal statistics:

num_allocs_failed_limit: 15.
num_arena_births: 4592.
num_arena_deaths: 0.
num_vsnodes_births: 3.
num_vsnodes_deaths: 0.
num_space_committed: 2351.
num_space_uncommitted: 0.
num_chunks_returned_to_freelist: 15.
num_chunks_taken_from_freelist: 10770.
num_chunk_merges: 15.
num_chunk_splits: 7179.
num_chunks_enlarged: 4700.
num_inconsistent_stats: 0.

CodeHeap 'non-profiled nmethods': size=120000Kb used=11991Kb max_used=11991Kb free=108008Kb
 bounds [0x000001e9baa70000, 0x000001e9bb630000, 0x000001e9c1fa0000]
CodeHeap 'profiled nmethods': size=120000Kb used=30705Kb max_used=30705Kb free=89294Kb
 bounds [0x000001e9b2fa0000, 0x000001e9b4da0000, 0x000001e9ba4d0000]
CodeHeap 'non-nmethods': size=5760Kb used=2483Kb max_used=2557Kb free=3276Kb
 bounds [0x000001e9ba4d0000, 0x000001e9ba760000, 0x000001e9baa70000]
 total_blobs=17368 nmethods=16430 adapters=841
 compilation: enabled
              stopped_count=0, restarted_count=0
 full_count=0

Compilation events (20 events):
Event: 368.822 Thread 0x000001e9d40f7a60 19214       4       org.gradle.api.internal.provider.ValueSupplier$Value::present (4 bytes)
Event: 368.822 Thread 0x000001e9c7573fe0 nmethod 19217 0x000001e9b4d72c10 code [0x000001e9b4d72dc0, 0x000001e9b4d72fe0]
Event: 368.822 Thread 0x000001e9d40f7a60 nmethod 19214 0x000001e9bb61b890 code [0x000001e9bb61ba20, 0x000001e9bb61ba90]
Event: 368.822 Thread 0x000001e9d40f7a60 19182       4       org.gradle.api.internal.artifacts.ivyservice.moduleconverter.DefaultRootComponentMetadataBuilder$MetadataHolder::validateMutation (23 bytes)
Event: 368.822 Thread 0x000001e9c7573fe0 19218       3       org.gradle.api.internal.artifacts.dependencies.AbstractExternalModuleDependency::equals (35 bytes)
Event: 368.822 Thread 0x000001e9c7573fe0 nmethod 19218 0x000001e9b4d73090 code [0x000001e9b4d73260, 0x000001e9b4d73648]
Event: 368.822 Thread 0x000001e9c7573fe0 19221       3       org.gradle.internal.snapshot.impl.AbstractValueProcessor::javaSerialization (12 bytes)
Event: 368.822 Thread 0x000001e9c7573fe0 nmethod 19221 0x000001e9b4d73790 code [0x000001e9b4d73940, 0x000001e9b4d73b40]
Event: 368.822 Thread 0x000001e9c7573fe0 19222   !   3       org.gradle.internal.snapshot.impl.AbstractValueProcessor::javaSerialized (69 bytes)
Event: 368.823 Thread 0x000001e9d40f7a60 nmethod 19182 0x000001e9bb61bb90 code [0x000001e9bb61bd80, 0x000001e9bb61bfb8]
Event: 368.823 Thread 0x000001e9d40f7a60 19220       4       org.gradle.internal.service.DefaultServiceRegistry::get (44 bytes)
Event: 368.824 Thread 0x000001e9c7573fe0 nmethod 19222 0x000001e9b4d73c10 code [0x000001e9b4d74020, 0x000001e9b4d75b38]
Event: 368.824 Thread 0x000001e9c7573fe0 19223       3       com.google.common.base.Equivalence$Identity::doHash (5 bytes)
Event: 368.824 Thread 0x000001e9c7573fe0 nmethod 19223 0x000001e9b4d76a90 code [0x000001e9b4d76c40, 0x000001e9b4d76d78]
Event: 368.825 Thread 0x000001e9c7573fe0 19225       3       java.util.TreeSet::<init> (12 bytes)
Event: 368.825 Thread 0x000001e9c7573fe0 nmethod 19225 0x000001e9b4d76e10 code [0x000001e9b4d76fe0, 0x000001e9b4d77438]
Event: 368.826 Thread 0x000001e9c7573fe0 19226       3       org.gradle.api.internal.artifacts.repositories.DefaultUrlArtifactRepository::getUrl (25 bytes)
Event: 368.826 Thread 0x000001e9c7573fe0 nmethod 19226 0x000001e9b4d77610 code [0x000001e9b4d777c0, 0x000001e9b4d77ae8]
Event: 368.826 Thread 0x000001e9c7573fe0 19228       1       org.gradle.api.internal.artifacts.ivyservice.resolutionstrategy.DefaultResolutionStrategy::isDependencyLockingEnabled (5 bytes)
Event: 368.826 Thread 0x000001e9c7573fe0 nmethod 19228 0x000001e9bb61c290 code [0x000001e9bb61c420, 0x000001e9bb61c4f0]

GC Heap History (20 events):
Event: 13.168 GC heap before
{Heap before GC invocations=34 (full 0):
 garbage-first heap   total 212992K, used 189868K [0x0000000080000000, 0x0000000100000000)
  region size 1024K, 86 young (88064K), 9 survivors (9216K)
 Metaspace       used 115056K, committed 117248K, reserved 1179648K
  class space    used 15678K, committed 16768K, reserved 1048576K
}
Event: 13.176 GC heap after
{Heap after GC invocations=35 (full 0):
 garbage-first heap   total 212992K, used 114873K [0x0000000080000000, 0x0000000100000000)
  region size 1024K, 9 young (9216K), 9 survivors (9216K)
 Metaspace       used 115056K, committed 117248K, reserved 1179648K
  class space    used 15678K, committed 16768K, reserved 1048576K
}
Event: 13.430 GC heap before
{Heap before GC invocations=35 (full 0):
 garbage-first heap   total 212992K, used 190649K [0x0000000080000000, 0x0000000100000000)
  region size 1024K, 84 young (86016K), 9 survivors (9216K)
 Metaspace       used 115146K, committed 117248K, reserved 1179648K
  class space    used 15690K, committed 16768K, reserved 1048576K
}
Event: 13.436 GC heap after
{Heap after GC invocations=36 (full 0):
 garbage-first heap   total 212992K, used 116915K [0x0000000080000000, 0x0000000100000000)
  region size 1024K, 7 young (7168K), 7 survivors (7168K)
 Metaspace       used 115146K, committed 117248K, reserved 1179648K
  class space    used 15690K, committed 16768K, reserved 1048576K
}
Event: 14.120 GC heap before
{Heap before GC invocations=37 (full 0):
 garbage-first heap   total 212992K, used 192691K [0x0000000080000000, 0x0000000100000000)
  region size 1024K, 82 young (83968K), 7 survivors (7168K)
 Metaspace       used 116974K, committed 119168K, reserved 1179648K
  class space    used 15939K, committed 17024K, reserved 1048576K
}
Event: 14.129 GC heap after
{Heap after GC invocations=38 (full 0):
 garbage-first heap   total 212992K, used 121768K [0x0000000080000000, 0x0000000100000000)
  region size 1024K, 9 young (9216K), 9 survivors (9216K)
 Metaspace       used 116974K, committed 119168K, reserved 1179648K
  class space    used 15939K, committed 17024K, reserved 1048576K
}
Event: 14.618 GC heap before
{Heap before GC invocations=38 (full 0):
 garbage-first heap   total 212992K, used 191400K [0x0000000080000000, 0x0000000100000000)
  region size 1024K, 78 young (79872K), 9 survivors (9216K)
 Metaspace       used 119618K, committed 121856K, reserved 1179648K
  class space    used 16284K, committed 17408K, reserved 1048576K
}
Event: 14.628 GC heap after
{Heap after GC invocations=39 (full 0):
 garbage-first heap   total 212992K, used 123257K [0x0000000080000000, 0x0000000100000000)
  region size 1024K, 7 young (7168K), 7 survivors (7168K)
 Metaspace       used 119618K, committed 121856K, reserved 1179648K
  class space    used 16284K, committed 17408K, reserved 1048576K
}
Event: 14.957 GC heap before
{Heap before GC invocations=39 (full 0):
 garbage-first heap   total 212992K, used 192889K [0x0000000080000000, 0x0000000100000000)
  region size 1024K, 76 young (77824K), 7 survivors (7168K)
 Metaspace       used 119695K, committed 121920K, reserved 1179648K
  class space    used 16293K, committed 17408K, reserved 1048576K
}
Event: 14.965 GC heap after
{Heap after GC invocations=40 (full 0):
 garbage-first heap   total 256000K, used 124928K [0x0000000080000000, 0x0000000100000000)
  region size 1024K, 4 young (4096K), 4 survivors (4096K)
 Metaspace       used 119695K, committed 121920K, reserved 1179648K
  class space    used 16293K, committed 17408K, reserved 1048576K
}
Event: 17.048 GC heap before
{Heap before GC invocations=41 (full 0):
 garbage-first heap   total 256000K, used 235520K [0x0000000080000000, 0x0000000100000000)
  region size 1024K, 113 young (115712K), 4 survivors (4096K)
 Metaspace       used 125010K, committed 127232K, reserved 1179648K
  class space    used 17072K, committed 18176K, reserved 1048576K
}
Event: 17.057 GC heap after
{Heap after GC invocations=42 (full 0):
 garbage-first heap   total 256000K, used 129024K [0x0000000080000000, 0x0000000100000000)
  region size 1024K, 8 young (8192K), 8 survivors (8192K)
 Metaspace       used 125010K, committed 127232K, reserved 1179648K
  class space    used 17072K, committed 18176K, reserved 1048576K
}
Event: 18.101 GC heap before
{Heap before GC invocations=42 (full 0):
 garbage-first heap   total 256000K, used 233472K [0x0000000080000000, 0x0000000100000000)
  region size 1024K, 111 young (113664K), 8 survivors (8192K)
 Metaspace       used 138651K, committed 140928K, reserved 1179648K
  class space    used 19489K, committed 20608K, reserved 1048576K
}
Event: 18.110 GC heap after
{Heap after GC invocations=43 (full 0):
 garbage-first heap   total 256000K, used 129741K [0x0000000080000000, 0x0000000100000000)
  region size 1024K, 9 young (9216K), 9 survivors (9216K)
 Metaspace       used 138651K, committed 140928K, reserved 1179648K
  class space    used 19489K, committed 20608K, reserved 1048576K
}
Event: 18.532 GC heap before
{Heap before GC invocations=43 (full 0):
 garbage-first heap   total 256000K, used 165581K [0x0000000080000000, 0x0000000100000000)
  region size 1024K, 46 young (47104K), 9 survivors (9216K)
 Metaspace       used 141295K, committed 143680K, reserved 1179648K
  class space    used 19790K, committed 20992K, reserved 1048576K
}
Event: 18.539 GC heap after
{Heap after GC invocations=44 (full 0):
 garbage-first heap   total 256000K, used 132433K [0x0000000080000000, 0x0000000100000000)
  region size 1024K, 7 young (7168K), 7 survivors (7168K)
 Metaspace       used 141295K, committed 143680K, reserved 1179648K
  class space    used 19790K, committed 20992K, reserved 1048576K
}
Event: 340.140 GC heap before
{Heap before GC invocations=45 (full 0):
 garbage-first heap   total 285696K, used 264529K [0x0000000080000000, 0x0000000100000000)
  region size 1024K, 104 young (106496K), 7 survivors (7168K)
 Metaspace       used 147408K, committed 149760K, reserved 1179648K
  class space    used 20366K, committed 21568K, reserved 1048576K
}
Event: 340.147 GC heap after
{Heap after GC invocations=46 (full 0):
 garbage-first heap   total 285696K, used 135312K [0x0000000080000000, 0x0000000100000000)
  region size 1024K, 9 young (9216K), 9 survivors (9216K)
 Metaspace       used 147408K, committed 149760K, reserved 1179648K
  class space    used 20366K, committed 21568K, reserved 1048576K
}
Event: 368.441 GC heap before
{Heap before GC invocations=46 (full 0):
 garbage-first heap   total 285696K, used 259216K [0x0000000080000000, 0x0000000100000000)
  region size 1024K, 131 young (134144K), 9 survivors (9216K)
 Metaspace       used 148042K, committed 150400K, reserved 1179648K
  class space    used 20370K, committed 21568K, reserved 1048576K
}
Event: 368.451 GC heap after
{Heap after GC invocations=47 (full 0):
 garbage-first heap   total 285696K, used 132576K [0x0000000080000000, 0x0000000100000000)
  region size 1024K, 8 young (8192K), 8 survivors (8192K)
 Metaspace       used 148042K, committed 150400K, reserved 1179648K
  class space    used 20370K, committed 21568K, reserved 1048576K
}

Dll operation events (3 events):
Event: 0.019 Loaded shared library C:\Program Files\Android\Android Studio1\jbr\bin\java.dll
Event: 0.025 Loaded shared library C:\Program Files\Android\Android Studio1\jbr\bin\zip.dll
Event: 0.618 Loaded shared library C:\Program Files\Android\Android Studio1\jbr\bin\verify.dll

Deoptimization events (20 events):
Event: 368.470 Thread 0x000001e9ce4731f0 DEOPT PACKING pc=0x000001e9bafaf1fc sp=0x00000096dedfb9f0
Event: 368.470 Thread 0x000001e9ce4731f0 DEOPT UNPACKING pc=0x000001e9ba527da2 sp=0x00000096dedfb930 mode 2
Event: 368.471 Thread 0x000001e9ce4731f0 Uncommon trap: trap_request=0xffffff45 fr.pc=0x000001e9baf098c4 relative=0x00000000000000a4
Event: 368.471 Thread 0x000001e9ce4731f0 Uncommon trap: reason=unstable_if action=reinterpret pc=0x000001e9baf098c4 method=java.lang.ThreadLocal$ThreadLocalMap.cleanSomeSlots(II)Z @ 37 c2
Event: 368.471 Thread 0x000001e9ce4731f0 DEOPT PACKING pc=0x000001e9baf098c4 sp=0x00000096dedfb770
Event: 368.471 Thread 0x000001e9ce4731f0 DEOPT UNPACKING pc=0x000001e9ba527da2 sp=0x00000096dedfb700 mode 2
Event: 368.480 Thread 0x000001e9ce4731f0 Uncommon trap: trap_request=0xffffff6e fr.pc=0x000001e9bb5cad54 relative=0x0000000000000354
Event: 368.480 Thread 0x000001e9ce4731f0 Uncommon trap: reason=loop_limit_check action=maybe_recompile pc=0x000001e9bb5cad54 method=org.antlr.v4.runtime.BufferedTokenStream.previousTokenOnChannel(II)I @ 22 c2
Event: 368.480 Thread 0x000001e9ce4731f0 DEOPT PACKING pc=0x000001e9bb5cad54 sp=0x00000096dedfaf90
Event: 368.481 Thread 0x000001e9ce4731f0 DEOPT UNPACKING pc=0x000001e9ba527da2 sp=0x00000096dedfaeb8 mode 2
Event: 368.482 Thread 0x000001e9ce4731f0 Uncommon trap: trap_request=0xffffff6e fr.pc=0x000001e9bb5cb884 relative=0x00000000000001a4
Event: 368.482 Thread 0x000001e9ce4731f0 Uncommon trap: reason=loop_limit_check action=maybe_recompile pc=0x000001e9bb5cb884 method=org.antlr.v4.runtime.BufferedTokenStream.previousTokenOnChannel(II)I @ 22 c2
Event: 368.482 Thread 0x000001e9ce4731f0 DEOPT PACKING pc=0x000001e9bb5cb884 sp=0x00000096dedfaf10
Event: 368.482 Thread 0x000001e9ce4731f0 DEOPT UNPACKING pc=0x000001e9ba527da2 sp=0x00000096dedfaeb8 mode 2
Event: 368.672 Thread 0x000001e9ce4731f0 DEOPT PACKING pc=0x000001e9b30bc6a1 sp=0x00000096dedf81d0
Event: 368.672 Thread 0x000001e9ce4731f0 DEOPT UNPACKING pc=0x000001e9ba5288e2 sp=0x00000096dedf76c0 mode 0
Event: 368.672 Thread 0x000001e9ce4731f0 DEOPT PACKING pc=0x000001e9b2fad84e sp=0x00000096dedf81e0
Event: 368.672 Thread 0x000001e9ce4731f0 DEOPT UNPACKING pc=0x000001e9ba5288e2 sp=0x00000096dedf76c8 mode 0
Event: 368.825 Thread 0x000001e9ce4731f0 DEOPT PACKING pc=0x000001e9b30bc6a1 sp=0x00000096dedf98f0
Event: 368.825 Thread 0x000001e9ce4731f0 DEOPT UNPACKING pc=0x000001e9ba5288e2 sp=0x00000096dedf8de0 mode 0

Classes loaded (20 events):
Event: 18.751 Loading class java/time/LocalDate$1
Event: 18.751 Loading class java/time/LocalDate$1 done
Event: 18.898 Loading class java/util/concurrent/CompletableFuture$AsyncRun
Event: 18.898 Loading class java/util/concurrent/CompletableFuture$AsyncRun done
Event: 44.504 Loading class java/lang/StackStreamFactory
Event: 44.504 Loading class java/lang/StackStreamFactory done
Event: 44.504 Loading class java/lang/StackWalker$ExtendedOption
Event: 44.505 Loading class java/lang/StackWalker$ExtendedOption done
Event: 44.505 Loading class java/lang/StackStreamFactory$StackFrameTraverser
Event: 44.505 Loading class java/lang/StackStreamFactory$StackFrameTraverser done
Event: 44.505 Loading class java/lang/StackStreamFactory$WalkerState
Event: 44.505 Loading class java/lang/StackStreamFactory$WalkerState done
Event: 44.505 Loading class java/lang/StackStreamFactory$StackFrameTraverser$StackFrameBuffer
Event: 44.506 Loading class java/lang/StackStreamFactory$FrameBuffer
Event: 44.506 Loading class java/lang/StackStreamFactory$FrameBuffer done
Event: 44.506 Loading class java/lang/StackStreamFactory$StackFrameTraverser$StackFrameBuffer done
Event: 44.507 Loading class java/util/logging/LogRecord
Event: 44.507 Loading class java/util/logging/LogRecord done
Event: 338.313 Loading class jdk/internal/math/FormattedFPDecimal
Event: 338.313 Loading class jdk/internal/math/FormattedFPDecimal done

Classes unloaded (0 events):
No events

Classes redefined (0 events):
No events

Internal exceptions (20 events):
Event: 340.384 Thread 0x000001e9ce4731f0 Exception <a 'sun/nio/fs/WindowsException'{0x000000008fbd39b8}> (0x000000008fbd39b8) 
thrown [s\src\hotspot\share\prims\jni.cpp, line 535]
Event: 340.422 Thread 0x000001e9ce4731f0 Exception <a 'sun/nio/fs/WindowsException'{0x000000008f7c8668}> (0x000000008f7c8668) 
thrown [s\src\hotspot\share\prims\jni.cpp, line 535]
Event: 340.452 Thread 0x000001e9d97cda70 Exception <a 'sun/nio/fs/WindowsException'{0x000000008f6e1d38}> (0x000000008f6e1d38) 
thrown [s\src\hotspot\share\prims\jni.cpp, line 535]
Event: 340.844 Thread 0x000001e9d97cda70 Exception <a 'sun/nio/fs/WindowsException'{0x000000008c050af0}> (0x000000008c050af0) 
thrown [s\src\hotspot\share\prims\jni.cpp, line 535]
Event: 340.987 Thread 0x000001e9ce4731f0 Exception <a 'sun/nio/fs/WindowsException'{0x000000008f66ace0}> (0x000000008f66ace0) 
thrown [s\src\hotspot\share\prims\jni.cpp, line 535]
Event: 341.002 Thread 0x000001e9d2f25f90 Implicit null exception at 0x000001e9baee026c to 0x000001e9baee0460
Event: 341.002 Thread 0x000001e9d2f25f90 Exception <a 'sun/nio/fs/WindowsException'{0x000000008af88050}> (0x000000008af88050) 
thrown [s\src\hotspot\share\prims\jni.cpp, line 535]
Event: 341.147 Thread 0x000001e9d2f24be0 Exception <a 'sun/nio/fs/WindowsException'{0x0000000089eed908}> (0x0000000089eed908) 
thrown [s\src\hotspot\share\prims\jni.cpp, line 535]
Event: 341.147 Thread 0x000001e9d2f24be0 Exception <a 'sun/nio/fs/WindowsException'{0x0000000089eee408}> (0x0000000089eee408) 
thrown [s\src\hotspot\share\prims\jni.cpp, line 535]
Event: 341.147 Thread 0x000001e9d2f24be0 Exception <a 'sun/nio/fs/WindowsException'{0x0000000089eeef60}> (0x0000000089eeef60) 
thrown [s\src\hotspot\share\prims\jni.cpp, line 535]
Event: 341.149 Thread 0x000001e9d2f24be0 Exception <a 'sun/nio/fs/WindowsException'{0x0000000089ef9d50}> (0x0000000089ef9d50) 
thrown [s\src\hotspot\share\prims\jni.cpp, line 535]
Event: 368.428 Thread 0x000001e9ce4731f0 Exception <a 'sun/nio/fs/WindowsException'{0x00000000898a3598}> (0x00000000898a3598) 
thrown [s\src\hotspot\share\prims\jni.cpp, line 535]
Event: 368.428 Thread 0x000001e9ce4731f0 Exception <a 'sun/nio/fs/WindowsException'{0x00000000898a4a50}> (0x00000000898a4a50) 
thrown [s\src\hotspot\share\prims\jni.cpp, line 535]
Event: 368.428 Thread 0x000001e9ce4731f0 Exception <a 'sun/nio/fs/WindowsException'{0x00000000898a5f00}> (0x00000000898a5f00) 
thrown [s\src\hotspot\share\prims\jni.cpp, line 535]
Event: 368.429 Thread 0x000001e9ce4731f0 Exception <a 'sun/nio/fs/WindowsException'{0x00000000898de890}> (0x00000000898de890) 
thrown [s\src\hotspot\share\prims\jni.cpp, line 535]
Event: 368.465 Thread 0x000001e9ce4731f0 Implicit null exception at 0x000001e9bb04710b to 0x000001e9bb0476ac
Event: 368.467 Thread 0x000001e9ce4731f0 Implicit null exception at 0x000001e9baf58b3a to 0x000001e9baf58fa4
Event: 368.474 Thread 0x000001e9ce4731f0 Exception <a 'sun/nio/fs/WindowsException'{0x0000000090b525c8}> (0x0000000090b525c8) 
thrown [s\src\hotspot\share\prims\jni.cpp, line 535]
Event: 368.474 Thread 0x000001e9ce4731f0 Exception <a 'sun/nio/fs/WindowsException'{0x0000000090b53d98}> (0x0000000090b53d98) 
thrown [s\src\hotspot\share\prims\jni.cpp, line 535]
Event: 368.474 Thread 0x000001e9ce4731f0 Exception <a 'sun/nio/fs/WindowsException'{0x0000000090b576b0}> (0x0000000090b576b0) 
thrown [s\src\hotspot\share\prims\jni.cpp, line 535]

ZGC Phase Switch (0 events):
No events

VM Operations (20 events):
Event: 340.292 Executing VM operation: ICBufferFull
Event: 340.292 Executing VM operation: ICBufferFull done
Event: 340.388 Executing VM operation: ICBufferFull
Event: 340.388 Executing VM operation: ICBufferFull done
Event: 340.538 Executing VM operation: ICBufferFull
Event: 340.538 Executing VM operation: ICBufferFull done
Event: 340.653 Executing VM operation: ICBufferFull
Event: 340.653 Executing VM operation: ICBufferFull done
Event: 341.002 Executing VM operation: ICBufferFull
Event: 341.002 Executing VM operation: ICBufferFull done
Event: 342.003 Executing VM operation: Cleanup
Event: 342.003 Executing VM operation: Cleanup done
Event: 360.695 Executing VM operation: HandshakeAllThreads (HandshakeForDeflation)
Event: 360.695 Executing VM operation: HandshakeAllThreads (HandshakeForDeflation) done
Event: 360.696 Executing VM operation: RendezvousGCThreads
Event: 360.696 Executing VM operation: RendezvousGCThreads done
Event: 368.441 Executing VM operation: G1CollectForAllocation (G1 Evacuation Pause)
Event: 368.451 Executing VM operation: G1CollectForAllocation (G1 Evacuation Pause) done
Event: 368.794 Executing VM operation: ICBufferFull
Event: 368.794 Executing VM operation: ICBufferFull done

Events (20 events):
Event: 368.421 Thread 0x000001e9d97d22a0 Thread added: 0x000001e9d97d22a0
Event: 368.425 Thread 0x000001e9d97ccd50 Thread added: 0x000001e9d97ccd50
Event: 368.476 Thread 0x000001e9d40fbe80 Thread added: 0x000001e9d40fbe80
Event: 368.479 Thread 0x000001e9d40f7a60 Thread added: 0x000001e9d40f7a60
Event: 368.621 Thread 0x000001e9d97ce790 Thread added: 0x000001e9d97ce790
Event: 368.621 Thread 0x000001e9d97cda70 Thread added: 0x000001e9d97cda70
Event: 368.621 Thread 0x000001e9d97ce100 Thread added: 0x000001e9d97ce100
Event: 368.622 Thread 0x000001e9d97d5720 Thread added: 0x000001e9d97d5720
Event: 368.622 Thread 0x000001e9d97d5db0 Thread added: 0x000001e9d97d5db0
Event: 368.622 Thread 0x000001e9d97cee20 Thread added: 0x000001e9d97cee20
Event: 368.622 Thread 0x000001e9d97d98c0 Thread added: 0x000001e9d97d98c0
Event: 368.649 Thread 0x000001e9d97d6440 Thread added: 0x000001e9d97d6440
Event: 368.649 Thread 0x000001e9d97d7160 Thread added: 0x000001e9d97d7160
Event: 368.650 Thread 0x000001e9d97d77f0 Thread added: 0x000001e9d97d77f0
Event: 368.650 Thread 0x000001e9d97d7e80 Thread added: 0x000001e9d97d7e80
Event: 368.650 Thread 0x000001e9d97d8510 Thread added: 0x000001e9d97d8510
Event: 368.650 Thread 0x000001e9d97d8ba0 Thread added: 0x000001e9d97d8ba0
Event: 368.650 Thread 0x000001e9d97d9230 Thread added: 0x000001e9d97d9230
Event: 368.676 Thread 0x000001e9d97dac70 Thread added: 0x000001e9d97dac70
Event: 368.699 Thread 0x000001e9d97d9f50 Thread added: 0x000001e9d97d9f50


Dynamic libraries:
0x00007ff7a4320000 - 0x00007ff7a432a000 	C:\Program Files\Android\Android Studio1\jbr\bin\java.exe
0x00007fffcf9b0000 - 0x00007fffcfba8000 	C:\WINDOWS\SYSTEM32\ntdll.dll
0x00007fffce560000 - 0x00007fffce622000 	C:\WINDOWS\System32\KERNEL32.DLL
0x00007fffcd690000 - 0x00007fffcd98f000 	C:\WINDOWS\System32\KERNELBASE.dll
0x00007fff988c0000 - 0x00007fff9899b000 	C:\Program Files\Bitdefender\Endpoint Security\bdhkm\dlls_268013442277585616\bdhkm64.dll
0x00007fff986e0000 - 0x00007fff988b9000 	C:\Program Files\Bitdefender\Endpoint Security\atcuf\dlls_268013442245682785\atcuf64.dll
0x00007fffce280000 - 0x00007fffce331000 	C:\WINDOWS\System32\ADVAPI32.DLL
0x00007fffce1e0000 - 0x00007fffce27e000 	C:\WINDOWS\System32\msvcrt.dll
0x00007fffcdc50000 - 0x00007fffcdcef000 	C:\WINDOWS\System32\sechost.dll
0x00007fffcdb20000 - 0x00007fffcdc43000 	C:\WINDOWS\System32\RPCRT4.dll
0x00007fffcd660000 - 0x00007fffcd687000 	C:\WINDOWS\System32\bcrypt.dll
0x00007fffcd040000 - 0x00007fffcd140000 	C:\WINDOWS\System32\ucrtbase.dll
0x00007fffc8bb0000 - 0x00007fffc8bc8000 	C:\Program Files\Android\Android Studio1\jbr\bin\jli.dll
0x00007fffcef80000 - 0x00007fffcf11d000 	C:\WINDOWS\System32\USER32.dll
0x00007fffcd990000 - 0x00007fffcd9b2000 	C:\WINDOWS\System32\win32u.dll
0x00007fffcf830000 - 0x00007fffcf85b000 	C:\WINDOWS\System32\GDI32.dll
0x00007fffcd420000 - 0x00007fffcd537000 	C:\WINDOWS\System32\gdi32full.dll
0x00007fffcd2a0000 - 0x00007fffcd33d000 	C:\WINDOWS\System32\msvcp_win.dll
0x00007fffa2cf0000 - 0x00007fffa2d0b000 	C:\Program Files\Android\Android Studio1\jbr\bin\VCRUNTIME140.dll
0x00007fffbc690000 - 0x00007fffbc92a000 	C:\WINDOWS\WinSxS\amd64_microsoft.windows.common-controls_6595b64144ccf1df_6.0.19041.4355_none_60b8b9eb71f62e16\COMCTL32.dll
0x00007fffcda40000 - 0x00007fffcda6f000 	C:\WINDOWS\System32\IMM32.DLL
0x00007fffc2710000 - 0x00007fffc271c000 	C:\Program Files\Android\Android Studio1\jbr\bin\vcruntime140_1.dll
0x00007fffc8b20000 - 0x00007fffc8bad000 	C:\Program Files\Android\Android Studio1\jbr\bin\msvcp140.dll
0x00007fff2bd40000 - 0x00007fff2c9bd000 	C:\Program Files\Android\Android Studio1\jbr\bin\server\jvm.dll
0x00007fffce340000 - 0x00007fffce3ab000 	C:\WINDOWS\System32\WS2_32.dll
0x00007fffcc580000 - 0x00007fffcc5cb000 	C:\WINDOWS\SYSTEM32\POWRPROF.dll
0x00007fffbe8e0000 - 0x00007fffbe907000 	C:\WINDOWS\SYSTEM32\WINMM.dll
0x00007fffc5320000 - 0x00007fffc532a000 	C:\WINDOWS\SYSTEM32\VERSION.dll
0x00007fffcc440000 - 0x00007fffcc452000 	C:\WINDOWS\SYSTEM32\UMPDC.dll
0x00007fffcb680000 - 0x00007fffcb692000 	C:\WINDOWS\SYSTEM32\kernel.appcore.dll
0x00007fffbc4b0000 - 0x00007fffbc4ba000 	C:\Program Files\Android\Android Studio1\jbr\bin\jimage.dll
0x00007fffcabc0000 - 0x00007fffcada4000 	C:\WINDOWS\SYSTEM32\DBGHELP.DLL
0x00007fffa4e20000 - 0x00007fffa4e54000 	C:\WINDOWS\SYSTEM32\dbgcore.DLL
0x00007fffcd390000 - 0x00007fffcd412000 	C:\WINDOWS\System32\bcryptPrimitives.dll
0x00007fffca0b0000 - 0x00007fffca0be000 	C:\Program Files\Android\Android Studio1\jbr\bin\instrument.dll
0x00007fffa1890000 - 0x00007fffa18af000 	C:\Program Files\Android\Android Studio1\jbr\bin\java.dll
0x00007fffa1600000 - 0x00007fffa1618000 	C:\Program Files\Android\Android Studio1\jbr\bin\zip.dll
0x00007fffce630000 - 0x00007fffced9e000 	C:\WINDOWS\System32\SHELL32.dll
0x00007fffcadb0000 - 0x00007fffcb554000 	C:\WINDOWS\SYSTEM32\windows.storage.dll
0x00007fffcdcf0000 - 0x00007fffce045000 	C:\WINDOWS\System32\combase.dll
0x00007fffcca70000 - 0x00007fffcca9f000 	C:\WINDOWS\SYSTEM32\Wldp.dll
0x00007fffceeb0000 - 0x00007fffcef7d000 	C:\WINDOWS\System32\OLEAUT32.dll
0x00007fffcda70000 - 0x00007fffcdb1d000 	C:\WINDOWS\System32\SHCORE.dll
0x00007fffcf180000 - 0x00007fffcf1d5000 	C:\WINDOWS\System32\shlwapi.dll
0x00007fffccf70000 - 0x00007fffccf94000 	C:\WINDOWS\SYSTEM32\profapi.dll
0x00007fffaf360000 - 0x00007fffaf370000 	C:\Program Files\Android\Android Studio1\jbr\bin\net.dll
0x00007fffc92f0000 - 0x00007fffc93fd000 	C:\WINDOWS\SYSTEM32\WINHTTP.dll
0x00007fffcc7d0000 - 0x00007fffcc83a000 	C:\WINDOWS\system32\mswsock.dll
0x00007fffa15e0000 - 0x00007fffa15f6000 	C:\Program Files\Android\Android Studio1\jbr\bin\nio.dll
0x00007fffa1540000 - 0x00007fffa1550000 	C:\Program Files\Android\Android Studio1\jbr\bin\verify.dll
0x00007fff710b0000 - 0x00007fff710d7000 	C:\Users\1712\.gradle\native\c067742578af261105cb4f569cf0c3c89f3d7b1fecec35dd04571415982c5e48\windows-amd64\native-platform.dll
0x00007fff7ceb0000 - 0x00007fff7cff4000 	C:\Users\1712\.gradle\native\100fb08df4bc3b14c8652ba06237920a3bd2aa13389f12d3474272988ae205f9\windows-amd64\native-platform-file-events.dll
0x00007fffa2ce0000 - 0x00007fffa2ce9000 	C:\Program Files\Android\Android Studio1\jbr\bin\management.dll
0x00007fffa1560000 - 0x00007fffa156b000 	C:\Program Files\Android\Android Studio1\jbr\bin\management_ext.dll
0x00007fffce170000 - 0x00007fffce178000 	C:\WINDOWS\System32\PSAPI.DLL
0x00007fffcc9c0000 - 0x00007fffcc9d8000 	C:\WINDOWS\SYSTEM32\CRYPTSP.dll
0x00007fffcc080000 - 0x00007fffcc0b4000 	C:\WINDOWS\system32\rsaenh.dll
0x00007fffccef0000 - 0x00007fffccf1e000 	C:\WINDOWS\SYSTEM32\USERENV.dll
0x00007fffcc9e0000 - 0x00007fffcc9ec000 	C:\WINDOWS\SYSTEM32\CRYPTBASE.dll
0x00007fffcc460000 - 0x00007fffcc49b000 	C:\WINDOWS\SYSTEM32\IPHLPAPI.DLL
0x00007fffcf660000 - 0x00007fffcf668000 	C:\WINDOWS\System32\NSI.dll
0x00007fffa5130000 - 0x00007fffa5139000 	C:\Program Files\Android\Android Studio1\jbr\bin\extnet.dll
0x00007fff4b7f0000 - 0x00007fff4b7f7000 	C:\WINDOWS\system32\wshunix.dll
0x00007fffc8af0000 - 0x00007fffc8af7000 	C:\Program Files\Android\Android Studio1\jbr\bin\rmi.dll

dbghelp: loaded successfully - version: 4.0.5 - missing functions: none
symbol engine: initialized successfully - sym options: 0x614 - pdb path: .;C:\Program Files\Android\Android Studio1\jbr\bin;C:\WINDOWS\SYSTEM32;C:\Program Files\Bitdefender\Endpoint Security\bdhkm\dlls_268013442277585616;C:\Program Files\Bitdefender\Endpoint Security\atcuf\dlls_268013442245682785;C:\WINDOWS\WinSxS\amd64_microsoft.windows.common-controls_6595b64144ccf1df_6.0.19041.4355_none_60b8b9eb71f62e16;C:\Program Files\Android\Android Studio1\jbr\bin\server;C:\Users\1712\.gradle\native\c067742578af261105cb4f569cf0c3c89f3d7b1fecec35dd04571415982c5e48\windows-amd64;C:\Users\1712\.gradle\native\100fb08df4bc3b14c8652ba06237920a3bd2aa13389f12d3474272988ae205f9\windows-amd64

VM Arguments:
jvm_args: --add-opens=java.base/java.util=ALL-UNNAMED --add-opens=java.base/java.lang=ALL-UNNAMED --add-opens=java.base/java.lang.invoke=ALL-UNNAMED --add-opens=java.prefs/java.util.prefs=ALL-UNNAMED --add-exports=jdk.compiler/com.sun.tools.javac.api=ALL-UNNAMED --add-exports=jdk.compiler/com.sun.tools.javac.util=ALL-UNNAMED --add-opens=java.base/java.nio.charset=ALL-UNNAMED --add-opens=java.base/java.net=ALL-UNNAMED --add-opens=java.base/java.util.concurrent.atomic=ALL-UNNAMED -Xmx2048m -Dfile.encoding=UTF-8 -Duser.country=US -Duser.language=en -Duser.variant -javaagent:C:\Users\1712\.gradle\wrapper\dists\gradle-8.9-bin\90cnw93cvbtalezasaz0blq0a\gradle-8.9\lib\agents\gradle-instrumentation-agent-8.9.jar 
java_command: org.gradle.launcher.daemon.bootstrap.GradleDaemon 8.9
java_class_path (initial): C:\Users\1712\.gradle\wrapper\dists\gradle-8.9-bin\90cnw93cvbtalezasaz0blq0a\gradle-8.9\lib\gradle-daemon-main-8.9.jar
Launcher Type: SUN_STANDARD

[Global flags]
     intx CICompilerCount                          = 4                                         {product} {ergonomic}
     uint ConcGCThreads                            = 2                                         {product} {ergonomic}
     uint G1ConcRefinementThreads                  = 8                                         {product} {ergonomic}
   size_t G1HeapRegionSize                         = 1048576                                   {product} {ergonomic}
    uintx GCDrainStackTargetSize                   = 64                                        {product} {ergonomic}
   size_t InitialHeapSize                          = 264241152                                 {product} {ergonomic}
   size_t MarkStackSize                            = 4194304                                   {product} {ergonomic}
   size_t MaxHeapSize                              = 2147483648                                {product} {command line}
   size_t MaxNewSize                               = 1287651328                                {product} {ergonomic}
   size_t MinHeapDeltaBytes                        = 1048576                                   {product} {ergonomic}
   size_t MinHeapSize                              = 8388608                                   {product} {ergonomic}
    uintx NonNMethodCodeHeapSize                   = 5839372                                {pd product} {ergonomic}
    uintx NonProfiledCodeHeapSize                  = 122909434                              {pd product} {ergonomic}
    uintx ProfiledCodeHeapSize                     = 122909434                              {pd product} {ergonomic}
    uintx ReservedCodeCacheSize                    = 251658240                              {pd product} {ergonomic}
     bool SegmentedCodeCache                       = true                                      {product} {ergonomic}
   size_t SoftMaxHeapSize                          = 2147483648                             {manageable} {ergonomic}
     bool UseCompressedOops                        = true                           {product lp64_product} {ergonomic}
     bool UseG1GC                                  = true                                      {product} {ergonomic}
     bool UseLargePagesIndividualAllocation        = false                                  {pd product} {ergonomic}

Logging:
Log output configuration:
 #0: stdout all=warning uptime,level,tags foldmultilines=false
 #1: stderr all=off uptime,level,tags foldmultilines=false

Environment Variables:
PATH=C:\WINDOWS\system32;C:\WINDOWS;C:\WINDOWS\System32\Wbem;C:\WINDOWS\System32\WindowsPowerShell\v1.0\;C:\WINDOWS\System32\OpenSSH\;C:\Program Files\dotnet\;C:\Users\1465\AppData\Local\Android\Sdk\platform-tools;C:\Program Files (x86)\Windows Kits\10\Windows Performance Toolkit\;C:\Program Files\Git\cmd;C:\sqlite;C:\Users\1712\AppData\Local\Microsoft\WindowsApps;
USERNAME=1712
OS=Windows_NT
PROCESSOR_IDENTIFIER=Intel64 Family 6 Model 140 Stepping 1, GenuineIntel
TMP=C:\Users\1712\AppData\Local\Temp
TEMP=C:\Users\1712\AppData\Local\Temp




Periodic native trim disabled

JNI global refs:
JNI global refs: 31, weak refs: 22

JNI global refs memory usage: 835, weak refs: 833

Process memory usage:
Resident Set Size: 665228K (4% of 16493352K total physical memory with 950380K free physical memory)

OOME stack traces (most recent first):
Classloader memory used:
